Log file open, 03/01/23 00:00:59
LogWindows: Failed to load 'aqProf.dll' (GetLastError=126)
LogWindows: File 'aqProf.dll' does not exist
LogWindows: Failed to load 'VtuneApi.dll' (GetLastError=126)
LogWindows: File 'VtuneApi.dll' does not exist
LogWindows: Failed to load 'VtuneApi32e.dll' (GetLastError=126)
LogWindows: File 'VtuneApi32e.dll' does not exist
LogConsoleResponse: Display: Failed to find resolution value strings in scalability ini. Falling back to default.
LogConsoleResponse: Display: Failed to find resolution value strings in scalability ini. Falling back to default.
LogInit: Display: Running engine for game: FireFact
LogPlatformFile: Not using cached read wrapper
LogTaskGraph: Started task graph with 5 named threads and 47 total threads with 3 sets of task threads.
LogStats: Stats thread started at 0.313443
LogICUInternationalization: ICU TimeZone Detection - Raw Offset: +7:00, Platform Override: ''
LogInit: Display: Loading text-based GConfig....
LogPluginManager: Mounting plugin MeshPainting
LogPluginManager: Mounting plugin XGEController
LogPluginManager: Mounting plugin Paper2D
LogPluginManager: Mounting plugin LiveLink
LogPluginManager: Mounting plugin AISupport
LogPluginManager: Mounting plugin LightPropagationVolume
LogPluginManager: Mounting plugin CameraShakePreviewer
LogPluginManager: Mounting plugin CodeLiteSourceCodeAccess
LogPluginManager: Mounting plugin OodleData
LogPluginManager: Mounting plugin NullSourceCodeAccess
LogPluginManager: Mounting plugin CLionSourceCodeAccess
LogPluginManager: Mounting plugin AnimationSharing
LogPluginManager: Mounting plugin PixWinPlugin
LogPluginManager: Mounting plugin EnvironmentQueryEditor
LogPluginManager: Mounting plugin PluginUtils
LogPluginManager: Mounting plugin PropertyAccessNode
LogPluginManager: Mounting plugin GitSourceControl
LogPluginManager: Mounting plugin PlasticSourceControl
LogPluginManager: Mounting plugin KDevelopSourceCodeAccess
LogPluginManager: Mounting plugin RiderSourceCodeAccess
LogPluginManager: Mounting plugin PerforceSourceControl
LogPluginManager: Mounting plugin SubversionSourceControl
LogPluginManager: Mounting plugin AssetManagerEditor
LogPluginManager: Mounting plugin VisualStudioSourceCodeAccess
LogPluginManager: Mounting plugin OodleNetwork
LogPluginManager: Mounting plugin UObjectPlugin
LogPluginManager: Mounting plugin TextureFormatOodle
LogPluginManager: Mounting plugin VisualStudioCodeSourceCodeAccess
LogPluginManager: Mounting plugin AlembicImporter
LogPluginManager: Mounting plugin XCodeSourceCodeAccess
LogPluginManager: Mounting plugin BackChannel
LogPluginManager: Mounting plugin AutomationUtils
LogPluginManager: Mounting plugin ChaosClothEditor
LogPluginManager: Mounting plugin CurveEditorTools
LogPluginManager: Mounting plugin ChaosCloth
LogPluginManager: Mounting plugin CryptoKeys
LogPluginManager: Mounting plugin GameplayTagsEditor
LogPluginManager: Mounting plugin MobileLauncherProfileWizard
LogPluginManager: Mounting plugin DataValidation
LogPluginManager: Mounting plugin FacialAnimation
LogPluginManager: Mounting plugin MacGraphicsSwitching
LogPluginManager: Mounting plugin SpeedTreeImporter
LogPluginManager: Mounting plugin PluginBrowser
LogPluginManager: Mounting plugin GeometryMode
LogPluginManager: Mounting plugin MaterialAnalyzer
LogPluginManager: Mounting plugin ChaosNiagara
LogPluginManager: Mounting plugin CharacterAI
LogPluginManager: Mounting plugin ChaosSolverPlugin
LogPluginManager: Mounting plugin ChaosEditor
LogPluginManager: Mounting plugin GeometryCache
LogPluginManager: Mounting plugin GeometryProcessing
LogPluginManager: Mounting plugin GeometryCollectionPlugin
LogPluginManager: Mounting plugin MotoSynth
LogPluginManager: Mounting plugin DatasmithContent
LogPluginManager: Mounting plugin OpenImageDenoise
LogPluginManager: Mounting plugin PlatformCrypto
LogPluginManager: Mounting plugin PlanarCut
LogPluginManager: Mounting plugin VariantManagerContent
LogPluginManager: Mounting plugin Niagara
LogPluginManager: Mounting plugin ProxyLODPlugin
LogPluginManager: Mounting plugin PythonScriptPlugin
LogPluginManager: Mounting plugin SkeletalReduction
LogPluginManager: Mounting plugin AndroidMedia
LogPluginManager: Mounting plugin AvfMedia
LogPluginManager: Mounting plugin ImgMedia
LogPluginManager: Mounting plugin MediaCompositing
LogPluginManager: Mounting plugin WebMMedia
LogPluginManager: Mounting plugin WmfMedia
LogPluginManager: Mounting plugin MediaPlayerEditor
LogPluginManager: Mounting plugin TcpMessaging
LogPluginManager: Mounting plugin LuminPlatformFeatures
LogPluginManager: Mounting plugin MagicLeap
LogPluginManager: Mounting plugin UdpMessaging
LogPluginManager: Mounting plugin MagicLeapMedia
LogPluginManager: Mounting plugin MagicLeapPassableWorld
LogPluginManager: Mounting plugin MagicLeapLightEstimation
LogPluginManager: Mounting plugin MLSDK
LogPluginManager: Mounting plugin OnlineSubsystemNull
LogPluginManager: Mounting plugin OnlineSubsystem
LogPluginManager: Mounting plugin OnlineSubsystemUtils
LogPluginManager: Mounting plugin MatineeToLevelSequence
LogPluginManager: Mounting plugin LevelSequenceEditor
LogPluginManager: Mounting plugin ActorLayerUtilities
LogPluginManager: Mounting plugin ActorSequence
LogPluginManager: Mounting plugin AndroidDeviceProfileSelector
LogPluginManager: Mounting plugin AndroidPermission
LogPluginManager: Mounting plugin AndroidMoviePlayer
LogPluginManager: Mounting plugin TemplateSequence
LogPluginManager: Mounting plugin AppleImageUtils
LogPluginManager: Mounting plugin AssetTags
LogPluginManager: Mounting plugin ArchVisCharacter
LogPluginManager: Mounting plugin AppleMoviePlayer
LogPluginManager: Mounting plugin AudioSynesthesia
LogPluginManager: Mounting plugin AudioCapture
LogPluginManager: Mounting plugin ChunkDownloader
LogPluginManager: Mounting plugin CableComponent
LogPluginManager: Mounting plugin CustomMeshComponent
LogPluginManager: Mounting plugin ExampleDeviceProfileSelector
LogPluginManager: Mounting plugin EditableMesh
LogPluginManager: Mounting plugin LauncherChunkInstaller
LogPluginManager: Mounting plugin ScreenshotTools
LogPluginManager: Mounting plugin GooglePAD
LogPluginManager: Mounting plugin IOSDeviceProfileSelector
LogPluginManager: Mounting plugin GoogleCloudMessaging
LogPluginManager: Mounting plugin LinuxDeviceProfileSelector
LogPluginManager: Mounting plugin MobilePatchingUtils
LogPluginManager: Mounting plugin LocationServicesBPLibrary
LogPluginManager: Mounting plugin OpenXR
LogPluginManager: Mounting plugin OpenXREyeTracker
LogPluginManager: Mounting plugin OpenXRHandTracking
LogPluginManager: Mounting plugin Takes
LogPluginManager: Mounting plugin PostSplashScreen
LogPluginManager: Mounting plugin PhysXVehicles
LogPluginManager: Mounting plugin ProceduralMeshComponent
LogPluginManager: Mounting plugin RuntimePhysXCooking
LogPluginManager: Mounting plugin SignificanceManager
LogPluginManager: Mounting plugin SoundFields
LogPluginManager: Mounting plugin PropertyAccessEditor
LogPluginManager: Mounting plugin Synthesis
LogPluginManager: Mounting plugin WebMMoviePlayer
LogPluginManager: Mounting plugin WindowsMoviePlayer
LogPluginManager: Mounting plugin GameplayCameras
LogPluginManager: Mounting plugin ContentBrowserAssetDataSource
LogPluginManager: Mounting plugin ContentBrowserFileDataSource
LogPluginManager: Mounting plugin ContentBrowserClassDataSource
LogPluginManager: Mounting plugin OnlineSubsystemIOS
LogPluginManager: Mounting plugin OnlineSubsystemGooglePlay
LogPluginManager: Mounting plugin OculusVR
LogPluginManager: Mounting plugin SteamVR
PixWinPlugin: PIX capture plugin failed to initialize! Check that the process is launched from PIX.
LogInit: Using libcurl 7.55.1-DEV
LogInit:  - built for x86_64-pc-win32
LogInit:  - supports SSL with OpenSSL/1.1.1
LogInit:  - supports HTTP deflate (compression) using libz 1.2.8
LogInit:  - other features:
LogInit:      CURL_VERSION_SSL
LogInit:      CURL_VERSION_LIBZ
LogInit:      CURL_VERSION_IPV6
LogInit:      CURL_VERSION_ASYNCHDNS
LogInit:      CURL_VERSION_LARGEFILE
LogInit:      CURL_VERSION_IDN
LogInit:  CurlRequestOptions (configurable via config and command line):
LogInit:  - bVerifyPeer = true  - Libcurl will verify peer certificate
LogInit:  - bUseHttpProxy = false  - Libcurl will NOT use HTTP proxy
LogInit:  - bDontReuseConnections = false  - Libcurl will reuse connections
LogInit:  - MaxHostConnections = 16  - Libcurl will limit the number of connections to a host
LogInit:  - LocalHostAddr = Default
LogInit:  - BufferSize = 65536
LogOnline: OSS: Creating online subsystem instance for: NULL
LogInit: WinSock: version 1.1 (2.2), MaxSocks=32767, MaxUdp=65467
LogOnline: OSS: TryLoadSubsystemAndSetDefault: Loaded subsystem for module [NULL]
LogOculusPluginWrapper: OculusPlugin initialized successfully
LogHMD: Failed initializing OVRPlugin 1.59.0
LogInit: Build: ++UE4+Release-4.27-CL-18319896
LogInit: Engine Version: 4.27.2-18319896+++UE4+Release-4.27
LogInit: Compatible Engine Version: 4.27.0-17155196+++UE4+Release-4.27
LogInit: Net CL: 17155196
LogInit: OS: Windows 10 (Release 2009) (), CPU: AMD Ryzen 7 4800H with Radeon Graphics         , GPU: AMD Radeon(TM) Graphics
LogInit: Compiled (64-bit): Nov 30 2021 07:12:08
LogInit: Compiled with Visual C++: 19.24.28315.00
LogInit: Build Configuration: Development
LogInit: Branch Name: ++UE4+Release-4.27
LogInit: Command Line:  /Game/Level/Main_Menu_Level -game -PIEVIACONSOLE -Multiprocess GameUserSettingsINI=C:/Users/pc/Documents/GitHub/Safety-Fire-Fact-Game/Game/FireFact/Saved/Config/Windows/PIEGameUserSettings0.ini -MultiprocessSaveConfig -forcepassthrough -messaging -SessionName="Play in Standalone Game" -windowed -WinX=0 -WinY=24 SAVEWINPOS=1 -ResX=1920 -ResY=1080
LogInit: Base Directory: C:/Program Files/Epic Games/UE_4.27/Engine/Binaries/Win64/
LogInit: Allocator: TBB
LogInit: Installed Engine Build: 1
LogDevObjectVersion: Number of dev versions registered: 29
LogDevObjectVersion:   Dev-Blueprints (B0D832E4-1F89-4F0D-ACCF-7EB736FD4AA2): 10
LogDevObjectVersion:   Dev-Build (E1C64328-A22C-4D53-A36C-8E866417BD8C): 0
LogDevObjectVersion:   Dev-Core (375EC13C-06E4-48FB-B500-84F0262A717E): 4
LogDevObjectVersion:   Dev-Editor (E4B068ED-F494-42E9-A231-DA0B2E46BB41): 40
LogDevObjectVersion:   Dev-Framework (CFFC743F-43B0-4480-9391-14DF171D2073): 37
LogDevObjectVersion:   Dev-Mobile (B02B49B5-BB20-44E9-A304-32B752E40360): 3
LogDevObjectVersion:   Dev-Networking (A4E4105C-59A1-49B5-A7C5-40C4547EDFEE): 0
LogDevObjectVersion:   Dev-Online (39C831C9-5AE6-47DC-9A44-9C173E1C8E7C): 0
LogDevObjectVersion:   Dev-Physics (78F01B33-EBEA-4F98-B9B4-84EACCB95AA2): 14
LogDevObjectVersion:   Dev-Platform (6631380F-2D4D-43E0-8009-CF276956A95A): 0
LogDevObjectVersion:   Dev-Rendering (12F88B9F-8875-4AFC-A67C-D90C383ABD29): 45
LogDevObjectVersion:   Dev-Sequencer (7B5AE74C-D270-4C10-A958-57980B212A5A): 13
LogDevObjectVersion:   Dev-VR (D7296918-1DD6-4BDD-9DE2-64A83CC13884): 3
LogDevObjectVersion:   Dev-LoadTimes (C2A15278-BFE7-4AFE-6C17-90FF531DF755): 1
LogDevObjectVersion:   Private-Geometry (6EACA3D4-40EC-4CC1-B786-8BED09428FC5): 3
LogDevObjectVersion:   Dev-AnimPhys (29E575DD-E0A3-4627-9D10-D276232CDCEA): 17
LogDevObjectVersion:   Dev-Anim (AF43A65D-7FD3-4947-9873-3E8ED9C1BB05): 15
LogDevObjectVersion:   Dev-ReflectionCapture (6B266CEC-1EC7-4B8F-A30B-E4D90942FC07): 1
LogDevObjectVersion:   Dev-Automation (0DF73D61-A23F-47EA-B727-89E90C41499A): 1
LogDevObjectVersion:   FortniteMain (601D1886-AC64-4F84-AA16-D3DE0DEAC7D6): 47
LogDevObjectVersion:   FortniteRelease (E7086368-6B23-4C58-8439-1B7016265E91): 1
LogDevObjectVersion:   Dev-Enterprise (9DFFBCD6-494F-0158-E221-12823C92A888): 10
LogDevObjectVersion:   Dev-Niagara (F2AED0AC-9AFE-416F-8664-AA7FFA26D6FC): 1
LogDevObjectVersion:   Dev-Destruction (174F1F0B-B4C6-45A5-B13F-2EE8D0FB917D): 10
LogDevObjectVersion:   Dev-Physics-Ext (35F94A83-E258-406C-A318-09F59610247C): 41
LogDevObjectVersion:   Dev-PhysicsMaterial-Chaos (B68FC16E-8B1B-42E2-B453-215C058844FE): 1
LogDevObjectVersion:   Dev-CineCamera (B2E18506-4273-CFC2-A54E-F4BB758BBA07): 1
LogDevObjectVersion:   Dev-VirtualProduction (64F58936-FD1B-42BA-BA96-7289D5D0FA4E): 1
LogDevObjectVersion:   Dev-MediaFramework (6F0ED827-A609-4895-9C91-998D90180EA4): 2
LogInit: Presizing for max 25165824 objects, including 0 objects not considered by GC, pre-allocating 0 bytes for permanent pool.
LogConfig: Applying CVar settings from Section [/Script/Engine.StreamingSettings] File [C:/Users/pc/Documents/GitHub/Safety-Fire-Fact-Game/Game/FireFact/Saved/Config/Windows/Engine.ini]
LogConfig: Setting CVar [[s.MinBulkDataSizeForAsyncLoading:131072]]
LogConfig: Setting CVar [[s.AsyncLoadingThreadEnabled:0]]
LogConfig: Setting CVar [[s.EventDrivenLoaderEnabled:1]]
LogConfig: Setting CVar [[s.WarnIfTimeLimitExceeded:0]]
LogConfig: Setting CVar [[s.TimeLimitExceededMultiplier:1.5]]
LogConfig: Setting CVar [[s.TimeLimitExceededMinTime:0.005]]
LogConfig: Setting CVar [[s.UseBackgroundLevelStreaming:1]]
LogConfig: Setting CVar [[s.PriorityAsyncLoadingExtraTime:15.0]]
LogConfig: Setting CVar [[s.LevelStreamingActorsUpdateTimeLimit:5.0]]
LogConfig: Setting CVar [[s.PriorityLevelStreamingActorsUpdateExtraTime:5.0]]
LogConfig: Setting CVar [[s.LevelStreamingComponentsRegistrationGranularity:10]]
LogConfig: Setting CVar [[s.UnregisterComponentsTimeLimit:1.0]]
LogConfig: Setting CVar [[s.LevelStreamingComponentsUnregistrationGranularity:5]]
LogConfig: Setting CVar [[s.FlushStreamingOnExit:1]]
LogInit: Object subsystem initialized
LogConfig: Setting CVar [[con.DebugEarlyDefault:1]]
LogConfig: Setting CVar [[r.setres:1280x720]]
[2023.02.28-17.01.00:617][  0]LogConfig: Setting CVar [[con.DebugEarlyDefault:1]]
[2023.02.28-17.01.00:617][  0]LogConfig: Setting CVar [[r.setres:1280x720]]
[2023.02.28-17.01.00:617][  0]LogConfig: Applying CVar settings from Section [/Script/Engine.RendererSettings] File [C:/Users/pc/Documents/GitHub/Safety-Fire-Fact-Game/Game/FireFact/Saved/Config/Windows/Engine.ini]
[2023.02.28-17.01.00:617][  0]LogConfig: Setting CVar [[r.GPUCrashDebugging:0]]
[2023.02.28-17.01.00:617][  0]LogConfig: Setting CVar [[r.MobileHDR:0]]
[2023.02.28-17.01.00:617][  0]LogConfig: Setting CVar [[r.DefaultFeature.AutoExposure:0]]
[2023.02.28-17.01.00:617][  0]LogConfig: Setting CVar [[r.DefaultFeature.AntiAliasing:1]]
[2023.02.28-17.01.00:617][  0]LogConfig: Applying CVar settings from Section [/Script/Engine.RendererOverrideSettings] File [C:/Users/pc/Documents/GitHub/Safety-Fire-Fact-Game/Game/FireFact/Saved/Config/Windows/Engine.ini]
[2023.02.28-17.01.00:617][  0]LogConfig: Applying CVar settings from Section [/Script/Engine.StreamingSettings] File [C:/Users/pc/Documents/GitHub/Safety-Fire-Fact-Game/Game/FireFact/Saved/Config/Windows/Engine.ini]
[2023.02.28-17.01.00:617][  0]LogConfig: Setting CVar [[s.MinBulkDataSizeForAsyncLoading:131072]]
[2023.02.28-17.01.00:617][  0]LogConfig: Setting CVar [[s.AsyncLoadingThreadEnabled:0]]
[2023.02.28-17.01.00:617][  0]LogConfig: Setting CVar [[s.EventDrivenLoaderEnabled:1]]
[2023.02.28-17.01.00:617][  0]LogConfig: Setting CVar [[s.WarnIfTimeLimitExceeded:0]]
[2023.02.28-17.01.00:617][  0]LogConfig: Setting CVar [[s.TimeLimitExceededMultiplier:1.5]]
[2023.02.28-17.01.00:617][  0]LogConfig: Setting CVar [[s.TimeLimitExceededMinTime:0.005]]
[2023.02.28-17.01.00:617][  0]LogConfig: Setting CVar [[s.UseBackgroundLevelStreaming:1]]
[2023.02.28-17.01.00:617][  0]LogConfig: Setting CVar [[s.PriorityAsyncLoadingExtraTime:15.0]]
[2023.02.28-17.01.00:617][  0]LogConfig: Setting CVar [[s.LevelStreamingActorsUpdateTimeLimit:5.0]]
[2023.02.28-17.01.00:617][  0]LogConfig: Setting CVar [[s.PriorityLevelStreamingActorsUpdateExtraTime:5.0]]
[2023.02.28-17.01.00:617][  0]LogConfig: Setting CVar [[s.LevelStreamingComponentsRegistrationGranularity:10]]
[2023.02.28-17.01.00:617][  0]LogConfig: Setting CVar [[s.UnregisterComponentsTimeLimit:1.0]]
[2023.02.28-17.01.00:617][  0]LogConfig: Setting CVar [[s.LevelStreamingComponentsUnregistrationGranularity:5]]
[2023.02.28-17.01.00:617][  0]LogConfig: Setting CVar [[s.FlushStreamingOnExit:1]]
[2023.02.28-17.01.00:617][  0]LogConfig: Applying CVar settings from Section [/Script/Engine.GarbageCollectionSettings] File [C:/Users/pc/Documents/GitHub/Safety-Fire-Fact-Game/Game/FireFact/Saved/Config/Windows/Engine.ini]
[2023.02.28-17.01.00:617][  0]LogConfig: Setting CVar [[gc.MaxObjectsNotConsideredByGC:1]]
[2023.02.28-17.01.00:617][  0]LogConfig: Setting CVar [[gc.SizeOfPermanentObjectPool:0]]
[2023.02.28-17.01.00:617][  0]LogConfig: Setting CVar [[gc.FlushStreamingOnGC:0]]
[2023.02.28-17.01.00:617][  0]LogConfig: Setting CVar [[gc.NumRetriesBeforeForcingGC:10]]
[2023.02.28-17.01.00:617][  0]LogConfig: Setting CVar [[gc.AllowParallelGC:1]]
[2023.02.28-17.01.00:617][  0]LogConfig: Setting CVar [[gc.TimeBetweenPurgingPendingKillObjects:61.1]]
[2023.02.28-17.01.00:617][  0]LogConfig: Setting CVar [[gc.MaxObjectsInEditor:25165824]]
[2023.02.28-17.01.00:617][  0]LogConfig: Setting CVar [[gc.IncrementalBeginDestroyEnabled:1]]
[2023.02.28-17.01.00:617][  0]LogConfig: Setting CVar [[gc.CreateGCClusters:1]]
[2023.02.28-17.01.00:617][  0]LogConfig: Setting CVar [[gc.MinGCClusterSize:5]]
[2023.02.28-17.01.00:617][  0]LogConfig: Setting CVar [[gc.ActorClusteringEnabled:0]]
[2023.02.28-17.01.00:617][  0]LogConfig: Setting CVar [[gc.BlueprintClusteringEnabled:0]]
[2023.02.28-17.01.00:617][  0]LogConfig: Setting CVar [[gc.UseDisregardForGCOnDedicatedServers:0]]
[2023.02.28-17.01.00:617][  0]LogConfig: Setting CVar [[gc.MultithreadedDestructionEnabled:1]]
[2023.02.28-17.01.00:617][  0]LogConfig: Applying CVar settings from Section [/Script/Engine.NetworkSettings] File [C:/Users/pc/Documents/GitHub/Safety-Fire-Fact-Game/Game/FireFact/Saved/Config/Windows/Engine.ini]
[2023.02.28-17.01.00:617][  0]LogConfig: Applying CVar settings from Section [/Script/UnrealEd.CookerSettings] File [C:/Users/pc/Documents/GitHub/Safety-Fire-Fact-Game/Game/FireFact/Saved/Config/Windows/Engine.ini]
[2023.02.28-17.01.00:624][  0]LogConfig: Applying CVar settings from Section [ViewDistanceQuality@3] File [C:/Users/pc/Documents/GitHub/Safety-Fire-Fact-Game/Game/FireFact/Saved/Config/Windows/Scalability.ini]
[2023.02.28-17.01.00:624][  0]LogConfig: Setting CVar [[r.SkeletalMeshLODBias:0]]
[2023.02.28-17.01.00:624][  0]LogConfig: Setting CVar [[r.ViewDistanceScale:1.0]]
[2023.02.28-17.01.00:624][  0]LogConfig: Applying CVar settings from Section [AntiAliasingQuality@3] File [C:/Users/pc/Documents/GitHub/Safety-Fire-Fact-Game/Game/FireFact/Saved/Config/Windows/Scalability.ini]
[2023.02.28-17.01.00:624][  0]LogConfig: Setting CVar [[r.PostProcessAAQuality:4]]
[2023.02.28-17.01.00:624][  0]LogConfig: Applying CVar settings from Section [ShadowQuality@3] File [C:/Users/pc/Documents/GitHub/Safety-Fire-Fact-Game/Game/FireFact/Saved/Config/Windows/Scalability.ini]
[2023.02.28-17.01.00:624][  0]LogConfig: Setting CVar [[r.LightFunctionQuality:1]]
[2023.02.28-17.01.00:624][  0]LogConfig: Setting CVar [[r.ShadowQuality:5]]
[2023.02.28-17.01.00:624][  0]LogConfig: Setting CVar [[r.Shadow.CSM.MaxCascades:10]]
[2023.02.28-17.01.00:624][  0]LogConfig: Setting CVar [[r.Shadow.MaxResolution:2048]]
[2023.02.28-17.01.00:624][  0]LogConfig: Setting CVar [[r.Shadow.MaxCSMResolution:2048]]
[2023.02.28-17.01.00:624][  0]LogConfig: Setting CVar [[r.Shadow.RadiusThreshold:0.01]]
[2023.02.28-17.01.00:624][  0]LogConfig: Setting CVar [[r.Shadow.DistanceScale:1.0]]
[2023.02.28-17.01.00:624][  0]LogConfig: Setting CVar [[r.Shadow.CSM.TransitionScale:1.0]]
[2023.02.28-17.01.00:624][  0]LogConfig: Setting CVar [[r.Shadow.PreShadowResolutionFactor:1.0]]
[2023.02.28-17.01.00:624][  0]LogConfig: Setting CVar [[r.DistanceFieldShadowing:1]]
[2023.02.28-17.01.00:624][  0]LogConfig: Setting CVar [[r.DistanceFieldAO:1]]
[2023.02.28-17.01.00:624][  0]LogConfig: Setting CVar [[r.AOQuality:2]]
[2023.02.28-17.01.00:624][  0]LogConfig: Setting CVar [[r.VolumetricFog:1]]
[2023.02.28-17.01.00:624][  0]LogConfig: Setting CVar [[r.VolumetricFog.GridPixelSize:8]]
[2023.02.28-17.01.00:624][  0]LogConfig: Setting CVar [[r.VolumetricFog.GridSizeZ:128]]
[2023.02.28-17.01.00:624][  0]LogConfig: Setting CVar [[r.VolumetricFog.HistoryMissSupersampleCount:4]]
[2023.02.28-17.01.00:624][  0]LogConfig: Setting CVar [[r.LightMaxDrawDistanceScale:1]]
[2023.02.28-17.01.00:624][  0]LogConfig: Setting CVar [[r.CapsuleShadows:1]]
[2023.02.28-17.01.00:624][  0]LogConfig: Applying CVar settings from Section [PostProcessQuality@3] File [C:/Users/pc/Documents/GitHub/Safety-Fire-Fact-Game/Game/FireFact/Saved/Config/Windows/Scalability.ini]
[2023.02.28-17.01.00:624][  0]LogConfig: Setting CVar [[r.MotionBlurQuality:4]]
[2023.02.28-17.01.00:624][  0]LogConfig: Setting CVar [[r.AmbientOcclusionMipLevelFactor:0.4]]
[2023.02.28-17.01.00:624][  0]LogConfig: Setting CVar [[r.AmbientOcclusionMaxQuality:100]]
[2023.02.28-17.01.00:624][  0]LogConfig: Setting CVar [[r.AmbientOcclusionLevels:-1]]
[2023.02.28-17.01.00:624][  0]LogConfig: Setting CVar [[r.AmbientOcclusionRadiusScale:1.0]]
[2023.02.28-17.01.00:624][  0]LogConfig: Setting CVar [[r.DepthOfFieldQuality:2]]
[2023.02.28-17.01.00:624][  0]LogConfig: Setting CVar [[r.RenderTargetPoolMin:400]]
[2023.02.28-17.01.00:624][  0]LogConfig: Setting CVar [[r.LensFlareQuality:2]]
[2023.02.28-17.01.00:624][  0]LogConfig: Setting CVar [[r.SceneColorFringeQuality:1]]
[2023.02.28-17.01.00:624][  0]LogConfig: Setting CVar [[r.EyeAdaptationQuality:2]]
[2023.02.28-17.01.00:624][  0]LogConfig: Setting CVar [[r.BloomQuality:5]]
[2023.02.28-17.01.00:624][  0]LogConfig: Setting CVar [[r.FastBlurThreshold:100]]
[2023.02.28-17.01.00:624][  0]LogConfig: Setting CVar [[r.Upscale.Quality:3]]
[2023.02.28-17.01.00:624][  0]LogConfig: Setting CVar [[r.Tonemapper.GrainQuantization:1]]
[2023.02.28-17.01.00:624][  0]LogConfig: Setting CVar [[r.LightShaftQuality:1]]
[2023.02.28-17.01.00:624][  0]LogConfig: Setting CVar [[r.Filter.SizeScale:1]]
[2023.02.28-17.01.00:624][  0]LogConfig: Setting CVar [[r.Tonemapper.Quality:5]]
[2023.02.28-17.01.00:624][  0]LogConfig: Setting CVar [[r.DOF.Gather.AccumulatorQuality:1        ; higher gathering accumulator quality]]
[2023.02.28-17.01.00:624][  0]LogConfig: Setting CVar [[r.DOF.Gather.PostfilterMethod:1          ; Median3x3 postfilering method]]
[2023.02.28-17.01.00:624][  0]LogConfig: Setting CVar [[r.DOF.Gather.EnableBokehSettings:0       ; no bokeh simulation when gathering]]
[2023.02.28-17.01.00:624][  0]LogConfig: Setting CVar [[r.DOF.Gather.RingCount:4                 ; medium number of samples when gathering]]
[2023.02.28-17.01.00:624][  0]LogConfig: Setting CVar [[r.DOF.Scatter.ForegroundCompositing:1    ; additive foreground scattering]]
[2023.02.28-17.01.00:624][  0]LogConfig: Setting CVar [[r.DOF.Scatter.BackgroundCompositing:2    ; additive background scattering]]
[2023.02.28-17.01.00:624][  0]LogConfig: Setting CVar [[r.DOF.Scatter.EnableBokehSettings:1      ; bokeh simulation when scattering]]
[2023.02.28-17.01.00:624][  0]LogConfig: Setting CVar [[r.DOF.Scatter.MaxSpriteRatio:0.1         ; only a maximum of 10% of scattered bokeh]]
[2023.02.28-17.01.00:624][  0]LogConfig: Setting CVar [[r.DOF.Recombine.Quality:1                ; cheap slight out of focus]]
[2023.02.28-17.01.00:624][  0]LogConfig: Setting CVar [[r.DOF.Recombine.EnableBokehSettings:0    ; no bokeh simulation on slight out of focus]]
[2023.02.28-17.01.00:624][  0]LogConfig: Setting CVar [[r.DOF.TemporalAAQuality:1                ; more stable temporal accumulation]]
[2023.02.28-17.01.00:624][  0]LogConfig: Setting CVar [[r.DOF.Kernel.MaxForegroundRadius:0.025]]
[2023.02.28-17.01.00:624][  0]LogConfig: Setting CVar [[r.DOF.Kernel.MaxBackgroundRadius:0.025]]
[2023.02.28-17.01.00:624][  0]LogConfig: Applying CVar settings from Section [TextureQuality@3] File [C:/Users/pc/Documents/GitHub/Safety-Fire-Fact-Game/Game/FireFact/Saved/Config/Windows/Scalability.ini]
[2023.02.28-17.01.00:624][  0]LogConfig: Setting CVar [[r.Streaming.MipBias:0]]
[2023.02.28-17.01.00:624][  0]LogConfig: Setting CVar [[r.Streaming.AmortizeCPUToGPUCopy:0]]
[2023.02.28-17.01.00:624][  0]LogConfig: Setting CVar [[r.Streaming.MaxNumTexturesToStreamPerFrame:0]]
[2023.02.28-17.01.00:624][  0]LogConfig: Setting CVar [[r.Streaming.Boost:1]]
[2023.02.28-17.01.00:624][  0]LogConfig: Setting CVar [[r.MaxAnisotropy:8]]
[2023.02.28-17.01.00:625][  0]LogConfig: Setting CVar [[r.VT.MaxAnisotropy:8]]
[2023.02.28-17.01.00:625][  0]LogConfig: Setting CVar [[r.Streaming.LimitPoolSizeToVRAM:0]]
[2023.02.28-17.01.00:625][  0]LogConfig: Setting CVar [[r.Streaming.PoolSize:1000]]
[2023.02.28-17.01.00:625][  0]LogConfig: Setting CVar [[r.Streaming.MaxEffectiveScreenSize:0]]
[2023.02.28-17.01.00:625][  0]LogConfig: Applying CVar settings from Section [EffectsQuality@3] File [C:/Users/pc/Documents/GitHub/Safety-Fire-Fact-Game/Game/FireFact/Saved/Config/Windows/Scalability.ini]
[2023.02.28-17.01.00:625][  0]LogConfig: Setting CVar [[r.TranslucencyLightingVolumeDim:64]]
[2023.02.28-17.01.00:625][  0]LogConfig: Setting CVar [[r.RefractionQuality:2]]
[2023.02.28-17.01.00:625][  0]LogConfig: Setting CVar [[r.SSR.Quality:3]]
[2023.02.28-17.01.00:625][  0]LogConfig: Setting CVar [[r.SSR.HalfResSceneColor:0]]
[2023.02.28-17.01.00:625][  0]LogConfig: Setting CVar [[r.SceneColorFormat:4]]
[2023.02.28-17.01.00:625][  0]LogConfig: Setting CVar [[r.DetailMode:2]]
[2023.02.28-17.01.00:625][  0]LogConfig: Setting CVar [[r.TranslucencyVolumeBlur:1]]
[2023.02.28-17.01.00:625][  0]LogConfig: Setting CVar [[r.MaterialQualityLevel:1 ; High quality]]
[2023.02.28-17.01.00:625][  0]LogConfig: Setting CVar [[r.AnisotropicMaterials:1]]
[2023.02.28-17.01.00:625][  0]LogConfig: Setting CVar [[r.SSS.Scale:1]]
[2023.02.28-17.01.00:625][  0]LogConfig: Setting CVar [[r.SSS.SampleSet:2]]
[2023.02.28-17.01.00:625][  0]LogConfig: Setting CVar [[r.SSS.Quality:1]]
[2023.02.28-17.01.00:625][  0]LogConfig: Setting CVar [[r.SSS.HalfRes:0]]
[2023.02.28-17.01.00:625][  0]LogConfig: Setting CVar [[r.SSGI.Quality:3]]
[2023.02.28-17.01.00:625][  0]LogConfig: Setting CVar [[r.EmitterSpawnRateScale:1.0]]
[2023.02.28-17.01.00:625][  0]LogConfig: Setting CVar [[r.ParticleLightQuality:2]]
[2023.02.28-17.01.00:625][  0]LogConfig: Setting CVar [[r.SkyAtmosphere.AerialPerspectiveLUT.FastApplyOnOpaque:1 ; Always have FastSkyLUT 1 in this case to avoid wrong sky]]
[2023.02.28-17.01.00:625][  0]LogConfig: Setting CVar [[r.SkyAtmosphere.AerialPerspectiveLUT.SampleCountMaxPerSlice:4]]
[2023.02.28-17.01.00:625][  0]LogConfig: Setting CVar [[r.SkyAtmosphere.AerialPerspectiveLUT.DepthResolution:16.0]]
[2023.02.28-17.01.00:625][  0]LogConfig: Setting CVar [[r.SkyAtmosphere.FastSkyLUT:1]]
[2023.02.28-17.01.00:625][  0]LogConfig: Setting CVar [[r.SkyAtmosphere.FastSkyLUT.SampleCountMin:4.0]]
[2023.02.28-17.01.00:625][  0]LogConfig: Setting CVar [[r.SkyAtmosphere.FastSkyLUT.SampleCountMax:128.0]]
[2023.02.28-17.01.00:625][  0]LogConfig: Setting CVar [[r.SkyAtmosphere.SampleCountMin:4.0]]
[2023.02.28-17.01.00:625][  0]LogConfig: Setting CVar [[r.SkyAtmosphere.SampleCountMax:128.0]]
[2023.02.28-17.01.00:625][  0]LogConfig: Setting CVar [[r.SkyAtmosphere.TransmittanceLUT.UseSmallFormat:0]]
[2023.02.28-17.01.00:625][  0]LogConfig: Setting CVar [[r.SkyAtmosphere.TransmittanceLUT.SampleCount:10.0]]
[2023.02.28-17.01.00:625][  0]LogConfig: Setting CVar [[r.SkyAtmosphere.MultiScatteringLUT.SampleCount:15.0]]
[2023.02.28-17.01.00:625][  0]LogConfig: Setting CVar [[r.SkyLight.RealTimeReflectionCapture:1]]
[2023.02.28-17.01.00:625][  0]LogConfig: Applying CVar settings from Section [FoliageQuality@3] File [C:/Users/pc/Documents/GitHub/Safety-Fire-Fact-Game/Game/FireFact/Saved/Config/Windows/Scalability.ini]
[2023.02.28-17.01.00:625][  0]LogConfig: Setting CVar [[foliage.DensityScale:1.0]]
[2023.02.28-17.01.00:625][  0]LogConfig: Setting CVar [[grass.DensityScale:1.0]]
[2023.02.28-17.01.00:625][  0]LogConfig: Applying CVar settings from Section [ShadingQuality@3] File [C:/Users/pc/Documents/GitHub/Safety-Fire-Fact-Game/Game/FireFact/Saved/Config/Windows/Scalability.ini]
[2023.02.28-17.01.00:625][  0]LogConfig: Setting CVar [[r.HairStrands.SkyLighting.IntegrationType:2]]
[2023.02.28-17.01.00:625][  0]LogConfig: Setting CVar [[r.HairStrands.SkyAO.SampleCount:4]]
[2023.02.28-17.01.00:625][  0]LogConfig: Setting CVar [[r.HairStrands.Visibility.MSAA.SamplePerPixel:4]]
[2023.02.28-17.01.00:625][  0]LogInit: Selected Device Profile: [Windows]
[2023.02.28-17.01.00:625][  0]LogInit: Applying CVar settings loaded from the selected device profile: [Windows]
[2023.02.28-17.01.00:625][  0]LogHAL: Display: Platform has ~ 16 GB [16557797376 / 17179869184 / 16], which maps to Larger [LargestMinGB=32, LargerMinGB=12, DefaultMinGB=8, SmallerMinGB=6, SmallestMinGB=0)
[2023.02.28-17.01.00:625][  0]LogInit: Going up to parent DeviceProfile []
[2023.02.28-17.01.00:625][  0]LogConfig: Applying CVar settings from Section [ViewDistanceQuality@3] File [C:/Users/pc/Documents/GitHub/Safety-Fire-Fact-Game/Game/FireFact/Saved/Config/Windows/Scalability.ini]
[2023.02.28-17.01.00:625][  0]LogConfig: Setting CVar [[r.SkeletalMeshLODBias:0]]
[2023.02.28-17.01.00:625][  0]LogConfig: Setting CVar [[r.ViewDistanceScale:1.0]]
[2023.02.28-17.01.00:625][  0]LogConfig: Applying CVar settings from Section [AntiAliasingQuality@3] File [C:/Users/pc/Documents/GitHub/Safety-Fire-Fact-Game/Game/FireFact/Saved/Config/Windows/Scalability.ini]
[2023.02.28-17.01.00:625][  0]LogConfig: Setting CVar [[r.PostProcessAAQuality:4]]
[2023.02.28-17.01.00:625][  0]LogConfig: Applying CVar settings from Section [ShadowQuality@3] File [C:/Users/pc/Documents/GitHub/Safety-Fire-Fact-Game/Game/FireFact/Saved/Config/Windows/Scalability.ini]
[2023.02.28-17.01.00:625][  0]LogConfig: Setting CVar [[r.LightFunctionQuality:1]]
[2023.02.28-17.01.00:625][  0]LogConfig: Setting CVar [[r.ShadowQuality:5]]
[2023.02.28-17.01.00:625][  0]LogConfig: Setting CVar [[r.Shadow.CSM.MaxCascades:10]]
[2023.02.28-17.01.00:625][  0]LogConfig: Setting CVar [[r.Shadow.MaxResolution:2048]]
[2023.02.28-17.01.00:625][  0]LogConfig: Setting CVar [[r.Shadow.MaxCSMResolution:2048]]
[2023.02.28-17.01.00:625][  0]LogConfig: Setting CVar [[r.Shadow.RadiusThreshold:0.01]]
[2023.02.28-17.01.00:625][  0]LogConfig: Setting CVar [[r.Shadow.DistanceScale:1.0]]
[2023.02.28-17.01.00:625][  0]LogConfig: Setting CVar [[r.Shadow.CSM.TransitionScale:1.0]]
[2023.02.28-17.01.00:625][  0]LogConfig: Setting CVar [[r.Shadow.PreShadowResolutionFactor:1.0]]
[2023.02.28-17.01.00:625][  0]LogConfig: Setting CVar [[r.DistanceFieldShadowing:1]]
[2023.02.28-17.01.00:625][  0]LogConfig: Setting CVar [[r.DistanceFieldAO:1]]
[2023.02.28-17.01.00:625][  0]LogConfig: Setting CVar [[r.AOQuality:2]]
[2023.02.28-17.01.00:625][  0]LogConfig: Setting CVar [[r.VolumetricFog:1]]
[2023.02.28-17.01.00:625][  0]LogConfig: Setting CVar [[r.VolumetricFog.GridPixelSize:8]]
[2023.02.28-17.01.00:625][  0]LogConfig: Setting CVar [[r.VolumetricFog.GridSizeZ:128]]
[2023.02.28-17.01.00:625][  0]LogConfig: Setting CVar [[r.VolumetricFog.HistoryMissSupersampleCount:4]]
[2023.02.28-17.01.00:625][  0]LogConfig: Setting CVar [[r.LightMaxDrawDistanceScale:1]]
[2023.02.28-17.01.00:625][  0]LogConfig: Setting CVar [[r.CapsuleShadows:1]]
[2023.02.28-17.01.00:625][  0]LogConfig: Applying CVar settings from Section [PostProcessQuality@3] File [C:/Users/pc/Documents/GitHub/Safety-Fire-Fact-Game/Game/FireFact/Saved/Config/Windows/Scalability.ini]
[2023.02.28-17.01.00:625][  0]LogConfig: Setting CVar [[r.MotionBlurQuality:4]]
[2023.02.28-17.01.00:625][  0]LogConfig: Setting CVar [[r.AmbientOcclusionMipLevelFactor:0.4]]
[2023.02.28-17.01.00:625][  0]LogConfig: Setting CVar [[r.AmbientOcclusionMaxQuality:100]]
[2023.02.28-17.01.00:625][  0]LogConfig: Setting CVar [[r.AmbientOcclusionLevels:-1]]
[2023.02.28-17.01.00:625][  0]LogConfig: Setting CVar [[r.AmbientOcclusionRadiusScale:1.0]]
[2023.02.28-17.01.00:625][  0]LogConfig: Setting CVar [[r.DepthOfFieldQuality:2]]
[2023.02.28-17.01.00:625][  0]LogConfig: Setting CVar [[r.RenderTargetPoolMin:400]]
[2023.02.28-17.01.00:625][  0]LogConfig: Setting CVar [[r.LensFlareQuality:2]]
[2023.02.28-17.01.00:625][  0]LogConfig: Setting CVar [[r.SceneColorFringeQuality:1]]
[2023.02.28-17.01.00:625][  0]LogConfig: Setting CVar [[r.EyeAdaptationQuality:2]]
[2023.02.28-17.01.00:625][  0]LogConfig: Setting CVar [[r.BloomQuality:5]]
[2023.02.28-17.01.00:625][  0]LogConfig: Setting CVar [[r.FastBlurThreshold:100]]
[2023.02.28-17.01.00:625][  0]LogConfig: Setting CVar [[r.Upscale.Quality:3]]
[2023.02.28-17.01.00:625][  0]LogConfig: Setting CVar [[r.Tonemapper.GrainQuantization:1]]
[2023.02.28-17.01.00:625][  0]LogConfig: Setting CVar [[r.LightShaftQuality:1]]
[2023.02.28-17.01.00:625][  0]LogConfig: Setting CVar [[r.Filter.SizeScale:1]]
[2023.02.28-17.01.00:625][  0]LogConfig: Setting CVar [[r.Tonemapper.Quality:5]]
[2023.02.28-17.01.00:625][  0]LogConfig: Setting CVar [[r.DOF.Gather.AccumulatorQuality:1        ; higher gathering accumulator quality]]
[2023.02.28-17.01.00:625][  0]LogConfig: Setting CVar [[r.DOF.Gather.PostfilterMethod:1          ; Median3x3 postfilering method]]
[2023.02.28-17.01.00:625][  0]LogConfig: Setting CVar [[r.DOF.Gather.EnableBokehSettings:0       ; no bokeh simulation when gathering]]
[2023.02.28-17.01.00:625][  0]LogConfig: Setting CVar [[r.DOF.Gather.RingCount:4                 ; medium number of samples when gathering]]
[2023.02.28-17.01.00:625][  0]LogConfig: Setting CVar [[r.DOF.Scatter.ForegroundCompositing:1    ; additive foreground scattering]]
[2023.02.28-17.01.00:625][  0]LogConfig: Setting CVar [[r.DOF.Scatter.BackgroundCompositing:2    ; additive background scattering]]
[2023.02.28-17.01.00:625][  0]LogConfig: Setting CVar [[r.DOF.Scatter.EnableBokehSettings:1      ; bokeh simulation when scattering]]
[2023.02.28-17.01.00:625][  0]LogConfig: Setting CVar [[r.DOF.Scatter.MaxSpriteRatio:0.1         ; only a maximum of 10% of scattered bokeh]]
[2023.02.28-17.01.00:625][  0]LogConfig: Setting CVar [[r.DOF.Recombine.Quality:1                ; cheap slight out of focus]]
[2023.02.28-17.01.00:625][  0]LogConfig: Setting CVar [[r.DOF.Recombine.EnableBokehSettings:0    ; no bokeh simulation on slight out of focus]]
[2023.02.28-17.01.00:625][  0]LogConfig: Setting CVar [[r.DOF.TemporalAAQuality:1                ; more stable temporal accumulation]]
[2023.02.28-17.01.00:625][  0]LogConfig: Setting CVar [[r.DOF.Kernel.MaxForegroundRadius:0.025]]
[2023.02.28-17.01.00:625][  0]LogConfig: Setting CVar [[r.DOF.Kernel.MaxBackgroundRadius:0.025]]
[2023.02.28-17.01.00:625][  0]LogConfig: Applying CVar settings from Section [TextureQuality@3] File [C:/Users/pc/Documents/GitHub/Safety-Fire-Fact-Game/Game/FireFact/Saved/Config/Windows/Scalability.ini]
[2023.02.28-17.01.00:625][  0]LogConfig: Setting CVar [[r.Streaming.MipBias:0]]
[2023.02.28-17.01.00:625][  0]LogConfig: Setting CVar [[r.Streaming.AmortizeCPUToGPUCopy:0]]
[2023.02.28-17.01.00:626][  0]LogConfig: Setting CVar [[r.Streaming.MaxNumTexturesToStreamPerFrame:0]]
[2023.02.28-17.01.00:626][  0]LogConfig: Setting CVar [[r.Streaming.Boost:1]]
[2023.02.28-17.01.00:626][  0]LogConfig: Setting CVar [[r.MaxAnisotropy:8]]
[2023.02.28-17.01.00:626][  0]LogConfig: Setting CVar [[r.VT.MaxAnisotropy:8]]
[2023.02.28-17.01.00:626][  0]LogConfig: Setting CVar [[r.Streaming.LimitPoolSizeToVRAM:0]]
[2023.02.28-17.01.00:626][  0]LogConfig: Setting CVar [[r.Streaming.PoolSize:1000]]
[2023.02.28-17.01.00:626][  0]LogConfig: Setting CVar [[r.Streaming.MaxEffectiveScreenSize:0]]
[2023.02.28-17.01.00:626][  0]LogConfig: Applying CVar settings from Section [EffectsQuality@3] File [C:/Users/pc/Documents/GitHub/Safety-Fire-Fact-Game/Game/FireFact/Saved/Config/Windows/Scalability.ini]
[2023.02.28-17.01.00:626][  0]LogConfig: Setting CVar [[r.TranslucencyLightingVolumeDim:64]]
[2023.02.28-17.01.00:626][  0]LogConfig: Setting CVar [[r.RefractionQuality:2]]
[2023.02.28-17.01.00:626][  0]LogConfig: Setting CVar [[r.SSR.Quality:3]]
[2023.02.28-17.01.00:626][  0]LogConfig: Setting CVar [[r.SSR.HalfResSceneColor:0]]
[2023.02.28-17.01.00:626][  0]LogConfig: Setting CVar [[r.SceneColorFormat:4]]
[2023.02.28-17.01.00:626][  0]LogConfig: Setting CVar [[r.DetailMode:2]]
[2023.02.28-17.01.00:626][  0]LogConfig: Setting CVar [[r.TranslucencyVolumeBlur:1]]
[2023.02.28-17.01.00:626][  0]LogConfig: Setting CVar [[r.MaterialQualityLevel:1 ; High quality]]
[2023.02.28-17.01.00:626][  0]LogConfig: Setting CVar [[r.AnisotropicMaterials:1]]
[2023.02.28-17.01.00:626][  0]LogConfig: Setting CVar [[r.SSS.Scale:1]]
[2023.02.28-17.01.00:626][  0]LogConfig: Setting CVar [[r.SSS.SampleSet:2]]
[2023.02.28-17.01.00:626][  0]LogConfig: Setting CVar [[r.SSS.Quality:1]]
[2023.02.28-17.01.00:626][  0]LogConfig: Setting CVar [[r.SSS.HalfRes:0]]
[2023.02.28-17.01.00:626][  0]LogConfig: Setting CVar [[r.SSGI.Quality:3]]
[2023.02.28-17.01.00:626][  0]LogConfig: Setting CVar [[r.EmitterSpawnRateScale:1.0]]
[2023.02.28-17.01.00:626][  0]LogConfig: Setting CVar [[r.ParticleLightQuality:2]]
[2023.02.28-17.01.00:626][  0]LogConfig: Setting CVar [[r.SkyAtmosphere.AerialPerspectiveLUT.FastApplyOnOpaque:1 ; Always have FastSkyLUT 1 in this case to avoid wrong sky]]
[2023.02.28-17.01.00:626][  0]LogConfig: Setting CVar [[r.SkyAtmosphere.AerialPerspectiveLUT.SampleCountMaxPerSlice:4]]
[2023.02.28-17.01.00:626][  0]LogConfig: Setting CVar [[r.SkyAtmosphere.AerialPerspectiveLUT.DepthResolution:16.0]]
[2023.02.28-17.01.00:626][  0]LogConfig: Setting CVar [[r.SkyAtmosphere.FastSkyLUT:1]]
[2023.02.28-17.01.00:626][  0]LogConfig: Setting CVar [[r.SkyAtmosphere.FastSkyLUT.SampleCountMin:4.0]]
[2023.02.28-17.01.00:626][  0]LogConfig: Setting CVar [[r.SkyAtmosphere.FastSkyLUT.SampleCountMax:128.0]]
[2023.02.28-17.01.00:626][  0]LogConfig: Setting CVar [[r.SkyAtmosphere.SampleCountMin:4.0]]
[2023.02.28-17.01.00:626][  0]LogConfig: Setting CVar [[r.SkyAtmosphere.SampleCountMax:128.0]]
[2023.02.28-17.01.00:626][  0]LogConfig: Setting CVar [[r.SkyAtmosphere.TransmittanceLUT.UseSmallFormat:0]]
[2023.02.28-17.01.00:626][  0]LogConfig: Setting CVar [[r.SkyAtmosphere.TransmittanceLUT.SampleCount:10.0]]
[2023.02.28-17.01.00:626][  0]LogConfig: Setting CVar [[r.SkyAtmosphere.MultiScatteringLUT.SampleCount:15.0]]
[2023.02.28-17.01.00:626][  0]LogConfig: Setting CVar [[r.SkyLight.RealTimeReflectionCapture:1]]
[2023.02.28-17.01.00:626][  0]LogConfig: Applying CVar settings from Section [FoliageQuality@3] File [C:/Users/pc/Documents/GitHub/Safety-Fire-Fact-Game/Game/FireFact/Saved/Config/Windows/Scalability.ini]
[2023.02.28-17.01.00:626][  0]LogConfig: Setting CVar [[foliage.DensityScale:1.0]]
[2023.02.28-17.01.00:626][  0]LogConfig: Setting CVar [[grass.DensityScale:1.0]]
[2023.02.28-17.01.00:626][  0]LogConfig: Applying CVar settings from Section [ShadingQuality@3] File [C:/Users/pc/Documents/GitHub/Safety-Fire-Fact-Game/Game/FireFact/Saved/Config/Windows/Scalability.ini]
[2023.02.28-17.01.00:626][  0]LogConfig: Setting CVar [[r.HairStrands.SkyLighting.IntegrationType:2]]
[2023.02.28-17.01.00:626][  0]LogConfig: Setting CVar [[r.HairStrands.SkyAO.SampleCount:4]]
[2023.02.28-17.01.00:626][  0]LogConfig: Setting CVar [[r.HairStrands.Visibility.MSAA.SamplePerPixel:4]]
[2023.02.28-17.01.00:626][  0]LogConfig: Applying CVar settings from Section [Startup] File [../../../Engine/Config/ConsoleVariables.ini]
[2023.02.28-17.01.00:627][  0]LogConfig: Setting CVar [[net.UseAdaptiveNetUpdateFrequency:0]]
[2023.02.28-17.01.00:627][  0]LogConfig: Setting CVar [[p.chaos.AllowCreatePhysxBodies:1]]
[2023.02.28-17.01.00:627][  0]LogConfig: Setting CVar [[fx.SkipVectorVMBackendOptimizations:1]]
[2023.02.28-17.01.00:627][  0]LogConfig: Applying CVar settings from Section [ConsoleVariables] File [C:/Users/pc/Documents/GitHub/Safety-Fire-Fact-Game/Game/FireFact/Saved/Config/Windows/Engine.ini]
[2023.02.28-17.01.00:627][  0]LogConfig: Applying CVar settings from Section [ConsoleVariables] File [C:/Users/pc/Documents/GitHub/Safety-Fire-Fact-Game/Game/FireFact/Saved/Config/Windows/Editor.ini]
[2023.02.28-17.01.00:627][  0]LogInit: Computer: LAPTOP-BKLKI5BN
[2023.02.28-17.01.00:627][  0]LogInit: User: pc
[2023.02.28-17.01.00:627][  0]LogInit: CPU Page size=4096, Cores=8
[2023.02.28-17.01.00:627][  0]LogInit: High frequency timer resolution =10.000000 MHz
[2023.02.28-17.01.00:627][  0]LogMemory: Memory total: Physical=15.4GB (16GB approx)
[2023.02.28-17.01.00:627][  0]LogMemory: Platform Memory Stats for Windows
[2023.02.28-17.01.00:627][  0]LogMemory: Process Physical Memory: 147.52 MB used, 147.52 MB peak
[2023.02.28-17.01.00:627][  0]LogMemory: Process Virtual Memory: 129.28 MB used, 129.28 MB peak
[2023.02.28-17.01.00:627][  0]LogMemory: Physical Memory: 11095.12 MB used,  4695.62 MB free, 15790.75 MB total
[2023.02.28-17.01.00:627][  0]LogMemory: Virtual Memory: 134212872.00 MB used,  4856.63 MB free, 134217728.00 MB total
[2023.02.28-17.01.00:634][  0]LogWindows: WindowsPlatformFeatures enabled
[2023.02.28-17.01.00:697][  0]LogInit: Physics initialised using underlying interface: PhysX
[2023.02.28-17.01.00:697][  0]LogInit: Using OS detected language (en-US).
[2023.02.28-17.01.00:697][  0]LogInit: Using OS detected locale (en-US).
[2023.02.28-17.01.00:705][  0]LogTextLocalizationManager: No specific localization for 'en-US' exists, so the 'en' localization will be used.
[2023.02.28-17.01.00:980][  0]LogWindowsTextInputMethodSystem: Display: IME system deactivated.
[2023.02.28-17.01.01:004][  0]LogSlate: New Slate User Created.  User Index 0, Is Virtual User: 0
[2023.02.28-17.01.01:004][  0]LogSlate: Slate User Registered.  User Index 0, Is Virtual User: 0
[2023.02.28-17.01.01:026][  0]LogD3D11RHI: Loaded GFSDK_Aftermath_Lib.x64.dll
[2023.02.28-17.01.01:068][  0]LogHMD: Failed to initialize OpenVR with code 110
[2023.02.28-17.01.01:068][  0]LogD3D11RHI: D3D11 min allowed feature level: 11_0
[2023.02.28-17.01.01:068][  0]LogD3D11RHI: D3D11 max allowed feature level: 11_0
[2023.02.28-17.01.01:068][  0]LogD3D11RHI: D3D11 adapters:
[2023.02.28-17.01.01:182][  0]LogD3D11RHI:    0. 'NVIDIA GeForce RTX 3050 Laptop GPU' (Feature Level 11_0)
[2023.02.28-17.01.01:182][  0]LogD3D11RHI:       3977/0/7895 MB DedicatedVideo/DedicatedSystem/SharedSystem, Outputs:1, VendorId:0x10de
[2023.02.28-17.01.01:229][  0]LogD3D11RHI:    1. 'AMD Radeon(TM) Graphics' (Feature Level 11_0)
[2023.02.28-17.01.01:229][  0]LogD3D11RHI:       495/0/7895 MB DedicatedVideo/DedicatedSystem/SharedSystem, Outputs:0, VendorId:0x1002
[2023.02.28-17.01.01:233][  0]LogD3D11RHI:    2. 'Microsoft Basic Render Driver' (Feature Level 11_0)
[2023.02.28-17.01.01:233][  0]LogD3D11RHI:       0/0/7895 MB DedicatedVideo/DedicatedSystem/SharedSystem, Outputs:0, VendorId:0x1414
[2023.02.28-17.01.01:233][  0]LogD3D11RHI: Chosen D3D11 Adapter:
[2023.02.28-17.01.01:233][  0]LogD3D11RHI:     Description : NVIDIA GeForce RTX 3050 Laptop GPU
[2023.02.28-17.01.01:233][  0]LogD3D11RHI:     VendorId    : 10de
[2023.02.28-17.01.01:233][  0]LogD3D11RHI:     DeviceId    : 25a2
[2023.02.28-17.01.01:233][  0]LogD3D11RHI:     SubSysId    : 11dc1043
[2023.02.28-17.01.01:233][  0]LogD3D11RHI:     Revision    : 00a1
[2023.02.28-17.01.01:233][  0]LogD3D11RHI:     DedicatedVideoMemory : 4170186752 bytes
[2023.02.28-17.01.01:233][  0]LogD3D11RHI:     DedicatedSystemMemory : 0 bytes
[2023.02.28-17.01.01:233][  0]LogD3D11RHI:     SharedSystemMemory : 8278898688 bytes
[2023.02.28-17.01.01:233][  0]LogD3D11RHI:     AdapterLuid : 0 71990
[2023.02.28-17.01.01:244][  0]LogD3D11RHI: Creating new Direct3DDevice
[2023.02.28-17.01.01:244][  0]LogD3D11RHI:     GPU DeviceId: 0x25a2 (for the marketing name, search the web for "GPU Device Id")
[2023.02.28-17.01.01:244][  0]LogWindows: EnumDisplayDevices:
[2023.02.28-17.01.01:244][  0]LogWindows:    0. 'AMD Radeon(TM) Graphics' (P:1 D:1)
[2023.02.28-17.01.01:246][  0]LogWindows:    1. 'AMD Radeon(TM) Graphics' (P:0 D:0)
[2023.02.28-17.01.01:246][  0]LogWindows:    2. 'AMD Radeon(TM) Graphics' (P:0 D:0)
[2023.02.28-17.01.01:246][  0]LogWindows:    3. 'NVIDIA GeForce RTX 3050 Laptop GPU' (P:0 D:0)
[2023.02.28-17.01.01:246][  0]LogWindows:    4. 'NVIDIA GeForce RTX 3050 Laptop GPU' (P:0 D:0)
[2023.02.28-17.01.01:246][  0]LogWindows:    5. 'NVIDIA GeForce RTX 3050 Laptop GPU' (P:0 D:0)
[2023.02.28-17.01.01:246][  0]LogWindows:    6. 'NVIDIA GeForce RTX 3050 Laptop GPU' (P:0 D:0)
[2023.02.28-17.01.01:246][  0]LogWindows: DebugString: PrimaryIsNotTheChoosenAdapter PrimaryIsNotTheChoosenAdapter PrimaryIsNotTheChoosenAdapter FoundDriverCount:4 
[2023.02.28-17.01.01:246][  0]LogD3D11RHI:     Adapter Name: NVIDIA GeForce RTX 3050 Laptop GPU
[2023.02.28-17.01.01:246][  0]LogD3D11RHI:   Driver Version: 528.24 (internal:31.0.15.2824, unified:528.24)
[2023.02.28-17.01.01:246][  0]LogD3D11RHI:      Driver Date: 1-15-2023
[2023.02.28-17.01.01:246][  0]LogRHI: Texture pool is 2783 MB (70% of 3977 MB)
[2023.02.28-17.01.01:246][  0]LogD3D11RHI: Creating D3DDevice using adapter:
[2023.02.28-17.01.01:246][  0]LogD3D11RHI:     Description : NVIDIA GeForce RTX 3050 Laptop GPU
[2023.02.28-17.01.01:246][  0]LogD3D11RHI:     VendorId    : 10de
[2023.02.28-17.01.01:246][  0]LogD3D11RHI:     DeviceId    : 25a2
[2023.02.28-17.01.01:246][  0]LogD3D11RHI:     SubSysId    : 11dc1043
[2023.02.28-17.01.01:246][  0]LogD3D11RHI:     Revision    : 00a1
[2023.02.28-17.01.01:246][  0]LogD3D11RHI:     DedicatedVideoMemory : 4170186752 bytes
[2023.02.28-17.01.01:246][  0]LogD3D11RHI:     DedicatedSystemMemory : 0 bytes
[2023.02.28-17.01.01:246][  0]LogD3D11RHI:     SharedSystemMemory : 8278898688 bytes
[2023.02.28-17.01.01:246][  0]LogD3D11RHI:     AdapterLuid : 0 71990
[2023.02.28-17.01.01:306][  0]LogD3D11RHI: RHI has support for 64 bit atomics
[2023.02.28-17.01.01:306][  0]LogD3D11RHI: Async texture creation enabled
[2023.02.28-17.01.01:306][  0]LogD3D11RHI: Array index from any shader is supported
[2023.02.28-17.01.01:334][  0]LogD3D11RHI: GPU Timing Frequency: 1000.000000 (Debug: 2 1)
[2023.02.28-17.01.01:372][  0]LogRHI: GeForceNow SDK initialized: 1
[2023.02.28-17.01.01:690][  0]LogTargetPlatformManager: Display: Loaded TargetPlatform 'WindowsNoEditor'
[2023.02.28-17.01.01:696][  0]LogTargetPlatformManager: Display: Loaded TargetPlatform 'Windows'
[2023.02.28-17.01.01:702][  0]LogTargetPlatformManager: Display: Loaded TargetPlatform 'WindowsClient'
[2023.02.28-17.01.01:707][  0]LogTargetPlatformManager: Display: Loaded TargetPlatform 'WindowsServer'
[2023.02.28-17.01.01:708][  0]LogTargetPlatformManager: Display: Building Assets For Windows
[2023.02.28-17.01.01:718][  0]LogAudioDebug: Display: Lib vorbis DLL was dynamically loaded.
[2023.02.28-17.01.01:761][  0]LogTextureFormatOodle: Display: Oodle Texture 2.9.0 init RDO Off
[2023.02.28-17.01.01:802][  0]LogRendererCore: Ray tracing is disabled. Reason: r.RayTracing=0.
[2023.02.28-17.01.01:802][  0]LogShaderCompilers: Guid format shader working directory is -37 characters bigger than the processId version (../../../../../../Users/pc/Documents/GitHub/Safety-Fire-Fact-Game/Game/FireFact/Intermediate/Shaders/WorkingDirectory/29384/).
[2023.02.28-17.01.01:803][  0]LogShaderCompilers: Cleaned the shader compiler working directory 'C:/Users/pc/AppData/Local/Temp/UnrealShaderWorkingDir/362F59434726D9C22CB2A7979010ABFB/'.
[2023.02.28-17.01.01:803][  0]LogXGEController: Cannot use XGE Controller as Incredibuild is not installed on this machine.
[2023.02.28-17.01.01:803][  0]LogShaderCompilers: Cannot use XGE Shader Compiler as Incredibuild is not installed on this machine.
[2023.02.28-17.01.01:803][  0]LogShaderCompilers: Display: Using Local Shader Compiler.
[2023.02.28-17.01.02:478][  0]LogDerivedDataCache: Display: Max Cache Size: 512 MB
[2023.02.28-17.01.02:550][  0]LogDerivedDataCache: Loaded boot cache 0.07s 94MB C:/Users/pc/AppData/Local/UnrealEngine/4.27/DerivedDataCache/Boot.ddc.
[2023.02.28-17.01.02:550][  0]LogDerivedDataCache: Display: Loaded Boot cache: C:/Users/pc/AppData/Local/UnrealEngine/4.27/DerivedDataCache/Boot.ddc
[2023.02.28-17.01.02:551][  0]LogDerivedDataCache: FDerivedDataBackendGraph:  Pak pak cache file ../../../../../../Users/pc/Documents/GitHub/Safety-Fire-Fact-Game/Game/FireFact/DerivedDataCache/DDC.ddp not found, will not use a pak cache.
[2023.02.28-17.01.02:551][  0]LogDerivedDataCache: Unable to find inner node Pak for hierarchical cache Hierarchy.
[2023.02.28-17.01.02:551][  0]LogDerivedDataCache: FDerivedDataBackendGraph:  CompressedPak pak cache file ../../../../../../Users/pc/Documents/GitHub/Safety-Fire-Fact-Game/Game/FireFact/DerivedDataCache/Compressed.ddp not found, will not use a pak cache.
[2023.02.28-17.01.02:551][  0]LogDerivedDataCache: Unable to find inner node CompressedPak for hierarchical cache Hierarchy.
[2023.02.28-17.01.02:569][  0]LogDerivedDataCache: Display: Pak cache opened for reading ../../../Engine/DerivedDataCache/Compressed.ddp.
[2023.02.28-17.01.02:570][  0]LogDerivedDataCache: FDerivedDataBackendGraph:  EnterprisePak pak cache file ../../../Enterprise/DerivedDataCache/Compressed.ddp not found, will not use a pak cache.
[2023.02.28-17.01.02:570][  0]LogDerivedDataCache: Unable to find inner node EnterprisePak for hierarchical cache Hierarchy.
[2023.02.28-17.01.02:585][  0]LogDerivedDataCache: Speed tests for C:/Users/pc/AppData/Local/UnrealEngine/Common/DerivedDataCache took 0.02 seconds
[2023.02.28-17.01.02:585][  0]LogDerivedDataCache: Display: Performance to C:/Users/pc/AppData/Local/UnrealEngine/Common/DerivedDataCache: Latency=0.03ms. RandomReadSpeed=182.17MBs, RandomWriteSpeed=93.33MBs. Assigned SpeedClass 'Local'
[2023.02.28-17.01.02:586][  0]LogDerivedDataCache: Using Local data cache path C:/Users/pc/AppData/Local/UnrealEngine/Common/DerivedDataCache: Writable
[2023.02.28-17.01.02:586][  0]LogDerivedDataCache: Shared data cache path not found in *engine.ini, will not use an Shared cache.
[2023.02.28-17.01.02:586][  0]LogDerivedDataCache: Unable to find inner node Shared for hierarchical cache Hierarchy.
[2023.02.28-17.01.02:620][  0]LogSlate: Using FreeType 2.10.0
[2023.02.28-17.01.02:620][  0]LogSlate: SlateFontServices - WITH_FREETYPE: 1, WITH_HARFBUZZ: 1
[2023.02.28-17.01.02:779][  0]LogInit: Using OS detected language (en-US).
[2023.02.28-17.01.02:779][  0]LogInit: Using OS detected locale (en-US).
[2023.02.28-17.01.02:779][  0]LogTextLocalizationManager: No localization for 'en-US' exists, so 'en' will be used for the language.
[2023.02.28-17.01.02:779][  0]LogTextLocalizationManager: No localization for 'en-US' exists, so 'en' will be used for the locale.
[2023.02.28-17.01.02:779][  0]LogSlate: FontCache flush requested. Reason: Culture for localization was changed
[2023.02.28-17.01.02:779][  0]LogSlate: FontCache flush requested. Reason: Culture for localization was changed
[2023.02.28-17.01.02:783][  0]LogTextLocalizationManager: Compacting localization data took   0.00ms
[2023.02.28-17.01.02:783][  0]LogAssetRegistry: FAssetRegistry took 0.0024 seconds to start up
[2023.02.28-17.01.02:939][  0]LogPackageLocalizationCache: Processed 27 localized package path(s) for 1 prioritized culture(s) in 0.001252 seconds
[2023.02.28-17.01.03:018][  0]LogInit: Selected Device Profile: [Windows]
[2023.02.28-17.01.03:018][  0]LogInit: Active device profile: [000001F6BE70D100][000001F6B2D8F4C0 49] Windows
[2023.02.28-17.01.03:018][  0]LogInit: Profiles: [000001F6BE70D100][000001F6B2D8F4C0 49] Windows, [000001F6BE6E2500][000001F6B2D97640 49] WindowsNoEditor, [000001F6BE70E200][000001F6B2D93780 49] WindowsServer, [000001F6BE6E1700][000001F6B2D9B8C0 49] WindowsClient, [000001F6BE70D700][000001F6B2D9FA00 49] IOS, [000001F6BE6E2700][000001F6B2DA3B40 49] iPadAir, [000001F6BE70FC00][000001F6B2DAA140 49] iPadAir2, [000001F6BE679400][000001F6B2DB2400 49] IPadPro, [000001F6BE679500][000001F6B2DAE440 49] iPadAir3, [000001F6BE6E3800][000001F6B2DB65C0 49] iPadAir4, [000001F6BE67A300][000001F6B2DBA740 49] iPadMini2, [000001F6BE6E2F00][000001F6B3A5A8C0 49] iPadMini3, [000001F6BE67AF00][000001F6B3A5EA40 49] iPadMini4, [000001F6BE6E1C00][000001F6B3A62BC0 49] iPadMini5, [000001F6BE6C1000][000001F6B3A6AE80 49] iPhone6, [000001F6BE6C1100][000001F6B3A66EC0 49] iPodTouch6, [000001F6BE70F900][000001F6B3A73180 49] iPhone7, [000001F6BE70E900][000001F6B3A6F1C0 49] iPodTouch7, [000001F6BE679000][000001F6B3A77340 49] iPhone5S, [000001F6BE70EF00][000001F6B3A7B4C0 49] iPhone6Plus, [000001F6BE67B600][000001F6B3A7F640 49] iPhone6S, [000001F6BE70CC00][000001F6B3A837C0 49] iPhone6SPlus, [000001F6BE70DD00][000001F6B2DA7900 49] iPhone7Plus, [000001F6BE6C0800][000001F6B3A87A40 49] iPhoneSE, [000001F6BE70C400][000001F6B3A8BB80 49] iPhone8, [000001F6BE6C0900][000001F6B3A8E140 49] iPhone8Plus, [000001F6BE6C2E00][000001F6B3A962C0 49] iPhoneX, [000001F6BE679D00][000001F6B3A9A440 49] iPhoneXS, [000001F6BE6C2700][000001F6B3A9E5C0 49] iPhoneXSMax, [000001F6BE679C00][000001F6B3AA2740 49] iPhoneXR, [000001F6BE6C2800][000001F6B307E8C0 49] iPhone11, [000001F6BE678F00][000001F6B3082A40 49] iPhone11Pro, [000001F6BE6C0B00][000001F6B3086BC0 49] iPhone11ProMax, [000001F6BE678D00][000001F6B308AD40 49] iPhoneSE2, [000001F6BE6C0E00][000001F6B308EEC0 49] iPhone12Mini, [000001F6BE70F800][000001F6B3093040 49] iPhone12, [000001F6BE6C3000][000001F6B30971C0 49] iPhone12Pro, [000001F6BE70F700][000001F6B309B340 49] iPhone12ProMax, [000001F6BE6C1E00][000001F6B309F4C0 49] iPadPro105, [000001F6BE70D300][000001F6B30A3640 49] iPadPro129, [000001F6BE6C3E00][000001F6B30A77C0 49] iPadPro97, [000001F6BE70DC00][000001F6B30AB940 49] iPadPro2_129, [000001F6BE6C2000][000001F6B30AFAC0 49] iPad5, [000001F6BE70E300][000001F6B3A93C00 49] iPad6, [000001F6BE6C3B00][000001F6B30B21C0 49] iPad7, [000001F6BE70DE00][000001F6B30B6300 49] iPad8, [000001F6BE6C2900][000001F6B30BE480 49] iPadPro11, [000001F6BE70E600][000001F6B30C2600 49] iPadPro2_11, [000001F6BE6C0F00][000001F6B30C6780 49] iPadPro3_129, [000001F6BE70C200][000001F6B30CA900 49] iPadPro4_129, [000001F6BE6C3C00][000001F6B30CEA80 49] AppleTV, [000001F6BE70DA00][000001F6B30D2C00 49] AppleTV4K, [000001F6BE6C2100][000001F6B30D6D80 49] TVOS, [000001F6BE70CF00][000001F6B30DAF00 49] Mac, [000001F6BE6C2F00][000001F6B30DF080 49] MacClient, [000001F6BE70FE00][000001F6B30E3200 49] MacNoEditor, [000001F6BE6C2C00][000001F6B30E7380 49] MacServer, [000001F6BE70E700][000001F6B30EB500 49] Linux, [000001F6BE6C0400][000001F6B30EF680 49] LinuxAArch64, [000001F6BE70C700][000001F6B30F3800 49] LinuxNoEditor, [000001F6BE6C3700][000001F6B30F7980 49] LinuxAArch64NoEditor, [000001F6BE70FB00][000001F6B30FBB00 49] LinuxClient, [000001F6BE6C3400][000001F6B30FE100 49] LinuxAArch64Client, [000001F6BE70DB00][000001F6B30BA240 49] LinuxServer, [000001F6BE6C0700][000001F6B3102380 49] LinuxAArch64Server, [000001F6BE70F300][000001F6B31064C0 49] Android, [000001F6BE6C2A00][000001F6B310E640 49] Android_Low, [000001F6BE70EE00][000001F6B31127C0 49] Android_Mid, [000001F6BE6C1F00][000001F6B3116940 49] Android_High, [000001F6BE70D900][000001F6B311AAC0 49] Android_Default, [000001F6BE6C0100][000001F6B311EC40 49] Android_Adreno4xx, [000001F6BE70C600][000001F6B3122DC0 49] Android_Adreno5xx_Low, [000001F6BE6C1400][000001F6B3126F40 49] Android_Adreno5xx, [000001F6BE70F400][000001F6B312B0C0 49] Android_Adreno6xx, [000001F6BE6C2400][000001F6B312F240 49] Android_Adreno6xx_Vulkan, [000001F6BE70ED00][000001F6B31333C0 49] Android_Mali_T6xx, [000001F6BE6C0600][000001F6B3137540 49] Android_Mali_T7xx, [000001F6BE70C500][000001F6B313B6C0 49] Android_Mali_T8xx, [000001F6BE6C0200][000001F6B313F840 49] Android_Mali_G71, [000001F6BE67B100][000001F6B31439C0 49] Android_Mali_G72, [000001F6BE6E2D00][000001F6B3147B40 49] Android_Mali_G72_Vulkan, [000001F6BE67AB00][000001F6B314A140 49] Android_Mali_G76, [000001F6BE6E0500][000001F6B314E2C0 49] Android_Mali_G76_Vulkan, [000001F6BE678C00][000001F6B310A400 49] Android_Mali_G77, [000001F6BE6E0600][000001F6B3152540 49] Android_Mali_G77_Vulkan, [000001F6BE67A400][000001F6B3156680 49] Android_Mali_G78, [000001F6BE6E0D00][000001F6B315A7C0 49] Android_Mali_G78_Vulkan, [000001F6BE67BD00][000001F6B3162940 49] Android_Mali_G710, [000001F6BE6E2900][000001F6B3166AC0 49] Android_Mali_G710_Vulkan, [000001F6BE67AA00][000001F6B316AC40 49] Android_Vulkan_SM5, [000001F6BE6E1800][000001F6B3414DC0 49] Android_PowerVR_G6xxx, [000001F6BE678500][000001F6B3418F40 49] Android_PowerVR_GT7xxx, [000001F6BE6E0200][000001F6B341D0C0 49] Android_PowerVR_GE8xxx, [000001F6BE67BB00][000001F6B3421240 49] Android_PowerVR_GM9xxx, [000001F6BE6E1F00][000001F6B34253C0 49] Android_PowerVR_GM9xxx_Vulkan, [000001F6BE679F00][000001F6B3429540 49] Android_TegraK1, [000001F6BE6E0A00][000001F6B342D6C0 49] Android_Unknown_Vulkan, [000001F6BE67B900][000001F6B3431840 49] Lumin, [000001F6BE6E1100][000001F6B34359C0 49] Lumin_Desktop, [000001F6BE67A000][000001F69D0C3B40 49] HoloLens, 
[2023.02.28-17.01.03:075][  0]LogMeshReduction: Using QuadricMeshReduction for automatic static mesh reduction
[2023.02.28-17.01.03:075][  0]LogMeshReduction: Using SimplygonMeshReduction for automatic skeletal mesh reduction
[2023.02.28-17.01.03:075][  0]LogMeshReduction: Using ProxyLODMeshReduction for automatic mesh merging
[2023.02.28-17.01.03:075][  0]LogMeshReduction: No distributed automatic mesh merging module available
[2023.02.28-17.01.03:075][  0]LogMeshMerging: No distributed automatic mesh merging module available
[2023.02.28-17.01.03:165][  0]LogNetVersion: FireFact 1.0.0, NetCL: 17155196, EngineNetVer: 17, GameNetVer: 0 (Checksum: 2317815844)
[2023.02.28-17.01.03:422][  0]LogTexture: Default maximum texture size for cubemaps generated from long-lat sources has been changed from 512 to unlimited. In order to preserve old behaiour for '/Engine/MapTemplates/Sky/DaylightAmbientCubemap.DaylightAmbientCubemap', its maximum texture size has been explicitly set to 512.
[2023.02.28-17.01.03:479][  0]LogHMD: PokeAHoleMaterial loaded successfully
[2023.02.28-17.01.03:615][  0]LogMoviePlayer: Initializing movie player
[2023.02.28-17.01.03:730][  0]LogNiagaraDebuggerClient: Niagara Debugger Client Initialized | Session: 500732164E482A2C3738A29D69C164EB | Instance: E5814BFE474E3BB0AD7B24B3ED04A86B (LAPTOP-BKLKI5BN-29384).
[2023.02.28-17.01.03:754][  0]LogCollectionManager: Loaded 0 collections in 0.001882 seconds
[2023.02.28-17.01.03:757][  0]LogFileCache: Scanning file cache for directory 'C:/Users/pc/Documents/GitHub/Safety-Fire-Fact-Game/Game/FireFact/Saved/Collections/' took 0.00s
[2023.02.28-17.01.03:757][  0]LogFileCache: Scanning file cache for directory 'C:/Users/pc/Documents/GitHub/Safety-Fire-Fact-Game/Game/FireFact/Content/Developers/pc/Collections/' took 0.00s
[2023.02.28-17.01.03:757][  0]LogCollectionManager: Fixed up redirectors for 0 collections in 0.000002 seconds (updated 0 objects)
[2023.02.28-17.01.03:777][  0]LogFileCache: Scanning file cache for directory 'C:/Users/pc/Documents/GitHub/Safety-Fire-Fact-Game/Game/FireFact/Content/Collections/' took 0.00s
[2023.02.28-17.01.03:777][  0]LogPython: Using Python 3.7.7
[2023.02.28-17.01.04:175][  0]LogTcpMessaging: Initializing TcpMessaging bridge
[2023.02.28-17.01.04:282][  0]LogUdpMessaging: Initializing bridge on interface 0.0.0.0:0 to multicast group 230.0.0.1:6666.
[2023.02.28-17.01.04:409][  0]SourceControl: Source control is disabled
[2023.02.28-17.01.04:409][  0]SourceControl: Source control is disabled
[2023.02.28-17.01.04:413][  0]SourceControl: Source control is disabled
[2023.02.28-17.01.04:421][  0]LogUProjectInfo: Found projects:
[2023.02.28-17.01.04:422][  0]LogVSAccessor: Display: Unable to create Visual Studio setup instance: 80040154
[2023.02.28-17.01.04:423][  0]LogVSAccessor: Display: Unable to create Visual Studio setup instance: 80040154
[2023.02.28-17.01.04:423][  0]LogVSAccessor: Display: Unable to create Visual Studio setup instance: 80040154
[2023.02.28-17.01.04:524][  0]LogOpenImageDenoise: OIDN starting up
[2023.02.28-17.01.04:567][  0]LogAndroidPermission: UAndroidPermissionCallbackProxy::GetInstance
[2023.02.28-17.01.04:595][  0]LogAudioCaptureCore: Display: No Audio Capture implementations found. Audio input will be silent.
[2023.02.28-17.01.04:595][  0]LogAudioCaptureCore: Display: No Audio Capture implementations found. Audio input will be silent.
[2023.02.28-17.01.04:670][  0]LogOcInput: OculusInput pre-init called
[2023.02.28-17.01.04:679][  0]LogUObjectArray: 22121 objects as part of root set at end of initial load.
[2023.02.28-17.01.04:679][  0]LogUObjectAllocator: 5975632 out of 0 bytes used by permanent object pool.
[2023.02.28-17.01.04:679][  0]LogUObjectArray: CloseDisregardForGC: 0/0 objects in disregard for GC pool
[2023.02.28-17.01.04:734][  0]LogEngine: Initializing Engine...
[2023.02.28-17.01.04:736][  0]LogHMD: Failed to enumerate extensions. Please check that you have a valid OpenXR runtime installed.
[2023.02.28-17.01.04:737][  0]LogHMD: Failed to initialize OpenVR with code 110
[2023.02.28-17.01.04:737][  0]LogMagicLeap: Warning: VR disabled because ZI is not enabled.  To enable, in the editor, Edit -> Project Settings -> Plugins -> Magic Leap Plugin -> Enable Zero Iteration
[2023.02.28-17.01.04:739][  0]LogStats: UGameplayTagsManager::InitializeManager -  0.000 s
[2023.02.28-17.01.04:844][  0]LogInit: Initializing FReadOnlyCVARCache
[2023.02.28-17.01.04:844][  0]LogAudio: Display: Initializing Audio Device Manager...
[2023.02.28-17.01.04:850][  0]LogAudio: Display: Loading Default Audio Settings Objects...
[2023.02.28-17.01.04:851][  0]LogAudio: Display: No default SoundConcurrencyObject specified (or failed to load).
[2023.02.28-17.01.04:851][  0]LogAudio: Display: Audio Device Manager Initialized
[2023.02.28-17.01.04:851][  0]LogAudio: Display: Creating Audio Device:                 Id: 1, Scope: Shared, Realtime: True
[2023.02.28-17.01.04:851][  0]LogAudioMixer: Display: Audio Mixer Platform Settings:
[2023.02.28-17.01.04:851][  0]LogAudioMixer: Display: 	Sample Rate:						  48000
[2023.02.28-17.01.04:851][  0]LogAudioMixer: Display: 	Callback Buffer Frame Size Requested: 1024
[2023.02.28-17.01.04:851][  0]LogAudioMixer: Display: 	Callback Buffer Frame Size To Use:	  1024
[2023.02.28-17.01.04:851][  0]LogAudioMixer: Display: 	Number of buffers to queue:			  2
[2023.02.28-17.01.04:851][  0]LogAudioMixer: Display: 	Max Channels (voices):				  32
[2023.02.28-17.01.04:851][  0]LogAudioMixer: Display: 	Number of Async Source Workers:		  0
[2023.02.28-17.01.04:851][  0]LogAudio: Display: AudioDevice MaxSources: 32
[2023.02.28-17.01.04:851][  0]LogAudio: Display: Audio Spatialization Plugin: None (built-in).
[2023.02.28-17.01.04:851][  0]LogAudio: Display: Audio Reverb Plugin: None (built-in).
[2023.02.28-17.01.04:851][  0]LogAudio: Display: Audio Occlusion Plugin: None (built-in).
[2023.02.28-17.01.04:851][  0]LogAudioMixer: Display: Initializing audio mixer.
[2023.02.28-17.01.04:869][  0]LogAudioMixer: Display: 0: FrontLeft
[2023.02.28-17.01.04:869][  0]LogAudioMixer: Display: 1: FrontRight
[2023.02.28-17.01.04:887][  0]LogAudioMixer: Display: Using Audio Device Headphones (KT USB Audio)
[2023.02.28-17.01.04:892][  0]LogAudioMixer: Display: Initializing Sound Submixes...
[2023.02.28-17.01.04:894][  0]LogAudioMixer: Display: Creating Master Submix 'MasterSubmixDefault'
[2023.02.28-17.01.04:894][  0]LogAudioMixer: Display: Creating Master Submix 'MasterReverbSubmixDefault'
[2023.02.28-17.01.04:896][  0]LogAudioMixer: Display: Creating Master Submix 'MasterEQSubmixDefault'
[2023.02.28-17.01.04:896][  0]LogAudioMixer: FMixerPlatformXAudio2::StartAudioStream() called
[2023.02.28-17.01.04:896][  0]LogAudioMixer: Display: Output buffers initialized: Frames=1024, Channels=2, Samples=2048
[2023.02.28-17.01.04:897][  0]LogAudioMixer: Display: Starting AudioMixerPlatformInterface::RunInternal()
[2023.02.28-17.01.04:897][  0]LogAudioMixer: Display: FMixerPlatformXAudio2::SubmitBuffer() called for the first time
[2023.02.28-17.01.04:897][  0]LogInit: FAudioDevice initialized.
[2023.02.28-17.01.04:899][  0]LogNetVersion: Set ProjectVersion to 1.0.0.0. Version Checksum will be recalculated on next use.
[2023.02.28-17.01.04:900][  0]LogInit: Texture streaming: Enabled
[2023.02.28-17.01.04:981][  0]LogAudio: Display: Audio Device (ID: 1) registered with world 'Untitled'.
[2023.02.28-17.01.04:982][  0]LogSlate: Updating window title bar state: overlay mode, drag disabled, window buttons hidden, title bar hidden
[2023.02.28-17.01.04:983][  0]LogInit: Display: Game Engine Initialized.
[2023.02.28-17.01.04:984][  0]LogNiagaraEditor: GEditor isn't valid! Particle reset commands will not work for Niagara components!
[2023.02.28-17.01.05:108][  0]LogInit: Display: Starting Game.
[2023.02.28-17.01.05:108][  0]LogNet: Browse: /Game/Level/Main_Menu_Level?Name=Player
[2023.02.28-17.01.05:108][  0]LogLoad: LoadMap: /Game/Level/Main_Menu_Level?Name=Player
[2023.02.28-17.01.05:108][  0]LogWorld: BeginTearingDown for /Temp/Untitled_0
[2023.02.28-17.01.05:110][  0]LogWorld: UWorld::CleanupWorld for Untitled, bSessionEnded=true, bCleanupResources=true
[2023.02.28-17.01.05:111][  0]LogSlate: InvalidateAllWidgets triggered.  All widgets were invalidated
[2023.02.28-17.01.05:116][  0]LogAudio: Display: Audio Device unregistered from world 'None'.
[2023.02.28-17.01.05:118][  0]LogUObjectHash: Compacting FUObjectHashTables data took   0.86ms
[2023.02.28-17.01.05:157][  0]LogAudio: Display: Audio Device (ID: 1) registered with world 'Main_Menu_Level'.
[2023.02.28-17.01.05:168][  0]LogAIModule: Creating AISystem for world Main_Menu_Level
[2023.02.28-17.01.05:171][  0]LogLoad: Game class is '2DSideScrollerGameMode_C'
[2023.02.28-17.01.05:172][  0]LogWorld: Bringing World /Game/Level/Main_Menu_Level.Main_Menu_Level up for play (max tick rate 0) at 2023.03.01-00.01.05
[2023.02.28-17.01.05:172][  0]LogWorld: Bringing up level for play took: 0.000497
[2023.02.28-17.01.05:172][  0]LogGameMode: FindPlayerStart: PATHS NOT DEFINED or NO PLAYERSTART with positive rating
[2023.02.28-17.01.05:174][  0]LogLoad: Took 0.065721 seconds to LoadMap(/Game/Level/Main_Menu_Level)
[2023.02.28-17.01.05:254][  0]LogSlate: Took 0.000435 seconds to synchronously load lazily loaded font '../../../Engine/Content/Slate/Fonts/Roboto-Regular.ttf' (155K)
[2023.02.28-17.01.05:290][  0]LogRenderer: Reallocating scene render targets to support 1920x1080 Format 10 NumSamples 1 (Frame:1).
[2023.02.28-17.01.05:290][  0]LogInit: Display: Engine is initialized. Leaving FEngineLoop::Init()
[2023.02.28-17.01.05:290][  0]LogLoad: (Engine Initialization) Total time: 6.36 seconds
[2023.02.28-17.01.05:290][  0]LogLoad: (Engine Initialization) Total Blueprint compile time: 0.00 seconds
[2023.02.28-17.01.05:294][  0]LogContentStreaming: Texture pool size now 1000 MB
[2023.02.28-17.01.05:296][  0]LogSlate: InvalidateAllWidgets triggered.  All widgets were invalidated
[2023.02.28-17.01.05:473][  1]LogSlate: Took 0.000364 seconds to synchronously load lazily loaded font '../../../Engine/Content/Slate/Fonts/Roboto-Regular.ttf' (155K)
[2023.02.28-17.01.24:937][258]LogSlate: Window 'FireFact (64-bit Development PCD3D_SM5) ' being destroyed
[2023.02.28-17.01.24:938][258]LogWindowsTextInputMethodSystem: Display: IME system deactivated.
[2023.02.28-17.01.24:944][259]LogSlate: Updating window title bar state: overlay mode, drag disabled, window buttons hidden, title bar hidden
[2023.02.28-17.01.24:944][259]LogEngine: All Windows Closed
[2023.02.28-17.01.24:944][259]LogWindows: FPlatformMisc::RequestExit(0)
[2023.02.28-17.01.24:944][259]LogWindows: FPlatformMisc::RequestExitWithStatus(0, 0)
[2023.02.28-17.01.24:944][259]LogCore: Engine exit requested (reason: Win RequestExit)
[2023.02.28-17.01.24:945][260]LogCore: Engine exit requested (reason: EngineExit() was called; note: exit was already requested)
[2023.02.28-17.01.24:945][260]LogInit: Display: PreExit Game.
[2023.02.28-17.01.24:946][260]LogWorld: BeginTearingDown for /Game/Level/Main_Menu_Level
[2023.02.28-17.01.24:946][260]LogWorld: UWorld::CleanupWorld for Main_Menu_Level, bSessionEnded=true, bCleanupResources=true
[2023.02.28-17.01.24:946][260]LogSlate: InvalidateAllWidgets triggered.  All widgets were invalidated
[2023.02.28-17.01.25:750][260]LogAudio: Display: Beginning Audio Device Manager Shutdown (Module: AudioMixerXAudio2)...
[2023.02.28-17.01.25:750][260]LogAudio: Display: Destroying 1 Remaining Audio Device(s)...
[2023.02.28-17.01.25:750][260]LogAudio: Display: Audio Device unregistered from world 'Main_Menu_Level'.
[2023.02.28-17.01.25:778][260]LogAudioMixer: FMixerPlatformXAudio2::StopAudioStream() called
[2023.02.28-17.01.25:779][260]LogAudioMixer: FMixerPlatformXAudio2::StopAudioStream() called
[2023.02.28-17.01.25:781][260]LogAudio: Display: Audio Device Manager Shutdown
[2023.02.28-17.01.25:784][260]LogExit: Preparing to exit.
[2023.02.28-17.01.26:305][260]LogSlate: Updating window title bar state: overlay mode, drag disabled, window buttons hidden, title bar hidden
[2023.02.28-17.01.26:305][260]LogUObjectHash: Compacting FUObjectHashTables data took   0.73ms
[2023.02.28-17.01.26:342][260]LogMoviePlayer: Shutting down movie player
[2023.02.28-17.01.26:447][260]LogDemo: Cleaned up 0 splitscreen connections with owner deletion
[2023.02.28-17.01.26:456][260]LogExit: Game engine shut down
[2023.02.28-17.01.26:529][260]LogExit: Object subsystem successfully closed.
[2023.02.28-17.01.26:580][260]LogShaderCompilers: Display: === FShaderJobCache stats ===
[2023.02.28-17.01.26:580][260]LogShaderCompilers: Display: Total job queries 0, among them cache hits 0 (0.00%)
[2023.02.28-17.01.26:580][260]LogShaderCompilers: Display: Tracking 0 distinct input hashes that result in 0 distinct outputs (0.00%)
[2023.02.28-17.01.26:580][260]LogShaderCompilers: Display: RAM used: 0.00 MB (0.00 GB) of 819.20 MB (0.80 GB) budget. Usage: 0.00%
[2023.02.28-17.01.26:580][260]LogShaderCompilers: Display: ================================================
[2023.02.28-17.01.26:591][260]LogShaderCompilers: Display: Shaders left to compile 0
[2023.02.28-17.01.26:624][260]LogModuleManager: Shutting down and abandoning module SequenceRecorderSections (558)
[2023.02.28-17.01.26:624][260]LogModuleManager: Shutting down and abandoning module SequenceRecorder (556)
[2023.02.28-17.01.26:624][260]LogModuleManager: Shutting down and abandoning module AutomationController (554)
[2023.02.28-17.01.26:624][260]LogModuleManager: Shutting down and abandoning module AutomationWorker (552)
[2023.02.28-17.01.26:624][260]LogModuleManager: Shutting down and abandoning module Voice (550)
[2023.02.28-17.01.26:625][260]LogModuleManager: Shutting down and abandoning module AIModule (548)
[2023.02.28-17.01.26:625][260]LogModuleManager: Shutting down and abandoning module GameplayDebugger (547)
[2023.02.28-17.01.26:625][260]LogModuleManager: Shutting down and abandoning module AITestSuite (545)
[2023.02.28-17.01.26:625][260]LogModuleManager: Shutting down and abandoning module NavigationSystem (543)
[2023.02.28-17.01.26:625][260]LogModuleManager: Shutting down and abandoning module SteamVREditor (540)
[2023.02.28-17.01.26:625][260]LogModuleManager: Shutting down and abandoning module ToolMenus (539)
[2023.02.28-17.01.26:625][260]LogModuleManager: Shutting down and abandoning module OculusMR (536)
[2023.02.28-17.01.26:625][260]LogModuleManager: Shutting down and abandoning module TakeRecorderSources (534)
[2023.02.28-17.01.26:625][260]LogModuleManager: Shutting down and abandoning module TakeRecorder (533)
[2023.02.28-17.01.26:625][260]LogModuleManager: Shutting down and abandoning module TakeTrackRecorders (530)
[2023.02.28-17.01.26:625][260]LogModuleManager: Shutting down and abandoning module TakesCore (528)
[2023.02.28-17.01.26:625][260]LogModuleManager: Shutting down and abandoning module OpenXRInput (526)
[2023.02.28-17.01.26:625][260]LogModuleManager: Shutting down and abandoning module MagicLeapMediaCodecFactory (524)
[2023.02.28-17.01.26:625][260]LogModuleManager: Shutting down and abandoning module MagicLeapMediaFactory (522)
[2023.02.28-17.01.26:625][260]LogModuleManager: Shutting down and abandoning module WmfMediaFactory (520)
[2023.02.28-17.01.26:625][260]LogModuleManager: Shutting down and abandoning module WebMMediaFactory (518)
[2023.02.28-17.01.26:625][260]LogModuleManager: Shutting down and abandoning module WebMMedia (516)
[2023.02.28-17.01.26:625][260]LogModuleManager: Shutting down and abandoning module OpenExrWrapper (514)
[2023.02.28-17.01.26:625][260]LogModuleManager: Shutting down and abandoning module ImgMediaFactory (512)
[2023.02.28-17.01.26:625][260]LogModuleManager: Shutting down and abandoning module AvfMediaFactory (510)
[2023.02.28-17.01.26:625][260]LogModuleManager: Shutting down and abandoning module PlanarCut (508)
[2023.02.28-17.01.26:625][260]LogModuleManager: Shutting down and abandoning module CharacterAI (506)
[2023.02.28-17.01.26:625][260]LogModuleManager: Shutting down and abandoning module SessionServices (504)
[2023.02.28-17.01.26:625][260]LogModuleManager: Shutting down and abandoning module MovieSceneCapture (502)
[2023.02.28-17.01.26:625][260]LogModuleManager: Shutting down and abandoning module LiveCoding (500)
[2023.02.28-17.01.26:625][260]LogModuleManager: Shutting down and abandoning module LevelSequence (498)
[2023.02.28-17.01.26:625][260]LogModuleManager: Shutting down and abandoning module MovieSceneTracks (496)
[2023.02.28-17.01.26:625][260]LogModuleManager: Shutting down and abandoning module MovieScene (494)
[2023.02.28-17.01.26:625][260]LogModuleManager: Shutting down and abandoning module StreamingPauseRendering (492)
[2023.02.28-17.01.26:625][260]LogModuleManager: Shutting down and abandoning module PortalServices (490)
[2023.02.28-17.01.26:625][260]LogModuleManager: Shutting down and abandoning module PortalRpc (488)
[2023.02.28-17.01.26:625][260]LogModuleManager: Shutting down and abandoning module MessagingRpc (486)
[2023.02.28-17.01.26:625][260]LogModuleManager: Shutting down and abandoning module AudioMixerXAudio2 (484)
[2023.02.28-17.01.26:625][260]LogModuleManager: Shutting down and abandoning module AudioMixerCore (483)
[2023.02.28-17.01.26:625][260]LogModuleManager: Shutting down and abandoning module ImageWriteQueue (480)
[2023.02.28-17.01.26:636][260]LogModuleManager: Shutting down and abandoning module ProfilerService (478)
[2023.02.28-17.01.26:737][260]LogModuleManager: Shutting down and abandoning module TaskGraph (476)
[2023.02.28-17.01.26:737][260]LogModuleManager: Shutting down and abandoning module OculusInput (474)
[2023.02.28-17.01.26:737][260]LogModuleManager: Shutting down and abandoning module Synthesis (472)
[2023.02.28-17.01.26:737][260]LogModuleManager: Shutting down and abandoning module ProceduralMeshComponent (470)
[2023.02.28-17.01.26:737][260]LogModuleManager: Shutting down and abandoning module TakeMovieScene (468)
[2023.02.28-17.01.26:737][260]LogModuleManager: Shutting down and abandoning module MobilePatchingUtils (466)
[2023.02.28-17.01.26:737][260]LogModuleManager: Shutting down and abandoning module GooglePAD (464)
[2023.02.28-17.01.26:737][260]LogModuleManager: Shutting down and abandoning module EditableMesh (462)
[2023.02.28-17.01.26:737][260]LogModuleManager: Shutting down and abandoning module CustomMeshComponent (460)
[2023.02.28-17.01.26:738][260]LogModuleManager: Shutting down and abandoning module CableComponent (458)
[2023.02.28-17.01.26:738][260]LogModuleManager: Shutting down and abandoning module AudioCapture (456)
[2023.02.28-17.01.26:738][260]LogModuleManager: Shutting down and abandoning module AudioCaptureRtAudio (455)
[2023.02.28-17.01.26:738][260]LogModuleManager: Shutting down and abandoning module ArchVisCharacter (452)
[2023.02.28-17.01.26:738][260]LogModuleManager: Shutting down and abandoning module AssetTags (450)
[2023.02.28-17.01.26:738][260]LogModuleManager: Shutting down and abandoning module AppleImageUtilsBlueprintSupport (448)
[2023.02.28-17.01.26:738][260]LogModuleManager: Shutting down and abandoning module AppleImageUtils (446)
[2023.02.28-17.01.26:738][260]LogModuleManager: Shutting down and abandoning module TemplateSequence (444)
[2023.02.28-17.01.26:738][260]LogModuleManager: Shutting down and abandoning module AndroidPermission (442)
[2023.02.28-17.01.26:738][260]LogModuleManager: Shutting down and abandoning module ActorLayerUtilities (440)
[2023.02.28-17.01.26:738][260]LogModuleManager: Shutting down and abandoning module MagicLeapLightEstimation (438)
[2023.02.28-17.01.26:738][260]LogModuleManager: Shutting down and abandoning module MagicLeapSharedWorld (436)
[2023.02.28-17.01.26:738][260]LogModuleManager: Shutting down and abandoning module MagicLeapHelperVulkan (434)
[2023.02.28-17.01.26:738][260]LogModuleManager: Shutting down and abandoning module MagicLeapHelperOpenGL (432)
[2023.02.28-17.01.26:738][260]LogModuleManager: Shutting down and abandoning module MagicLeapAudio (430)
[2023.02.28-17.01.26:738][260]LogModuleManager: Shutting down and abandoning module MediaCompositing (428)
[2023.02.28-17.01.26:738][260]LogModuleManager: Shutting down and abandoning module ImgMedia (426)
[2023.02.28-17.01.26:738][260]LogModuleManager: Shutting down and abandoning module OpenImageDenoise (424)
[2023.02.28-17.01.26:738][260]LogOpenImageDenoise: OIDN shutting down
[2023.02.28-17.01.26:738][260]LogModuleManager: Shutting down and abandoning module MotoSynth (422)
[2023.02.28-17.01.26:738][260]LogModuleManager: Shutting down and abandoning module GeometryCollectionTracks (420)
[2023.02.28-17.01.26:738][260]LogModuleManager: Shutting down and abandoning module GeometryCollectionSequencer (419)
[2023.02.28-17.01.26:738][260]LogModuleManager: Shutting down and abandoning module MeshConversion (416)
[2023.02.28-17.01.26:738][260]LogModuleManager: Shutting down and abandoning module DynamicMesh (414)
[2023.02.28-17.01.26:738][260]LogModuleManager: Shutting down and abandoning module GeometryAlgorithms (412)
[2023.02.28-17.01.26:738][260]LogModuleManager: Shutting down and abandoning module GeometricObjects (410)
[2023.02.28-17.01.26:738][260]LogModuleManager: Shutting down and abandoning module GeometryCacheTracks (408)
[2023.02.28-17.01.26:738][260]LogModuleManager: Shutting down and abandoning module GeometryCacheSequencer (407)
[2023.02.28-17.01.26:738][260]LogModuleManager: Shutting down and abandoning module GeometryCache (404)
[2023.02.28-17.01.26:738][260]LogModuleManager: Shutting down and abandoning module GeometryCacheEd (403)
[2023.02.28-17.01.26:738][260]LogModuleManager: Shutting down and abandoning module ChaosNiagara (400)
[2023.02.28-17.01.26:738][260]LogModuleManager: Shutting down and abandoning module FieldSystemEngine (399)
[2023.02.28-17.01.26:738][260]LogModuleManager: Shutting down and abandoning module AutomationUtils (396)
[2023.02.28-17.01.26:738][260]LogModuleManager: Shutting down and abandoning module BackChannel (394)
[2023.02.28-17.01.26:738][260]LogModuleManager: Shutting down and abandoning module VisualStudioCodeSourceCodeAccess (392)
[2023.02.28-17.01.26:738][260]LogModuleManager: Shutting down and abandoning module UObjectPlugin (390)
[2023.02.28-17.01.26:738][260]LogModuleManager: Shutting down and abandoning module OodleNetworkHandlerComponent (388)
[2023.02.28-17.01.26:738][260]LogModuleManager: Shutting down and abandoning module VisualStudioSourceCodeAccess (386)
[2023.02.28-17.01.26:738][260]LogModuleManager: Shutting down and abandoning module HotReload (385)
[2023.02.28-17.01.26:738][260]LogModuleManager: Shutting down and abandoning module SubversionSourceControl (382)
[2023.02.28-17.01.26:738][260]LogModuleManager: Shutting down and abandoning module PerforceSourceControl (380)
[2023.02.28-17.01.26:738][260]LogModuleManager: Shutting down and abandoning module SourceControl (379)
[2023.02.28-17.01.26:738][260]LogModuleManager: Shutting down and abandoning module CLionSourceCodeAccess (376)
[2023.02.28-17.01.26:738][260]LogModuleManager: Shutting down and abandoning module LiveLinkSequencer (374)
[2023.02.28-17.01.26:738][260]LogModuleManager: Shutting down and abandoning module LiveLinkMovieScene (372)
[2023.02.28-17.01.26:738][260]LogModuleManager: Shutting down and abandoning module LiveLinkGraphNode (370)
[2023.02.28-17.01.26:738][260]LogModuleManager: Shutting down and abandoning module LiveLinkComponents (368)
[2023.02.28-17.01.26:738][260]LogModuleManager: Shutting down and abandoning module LiveLink (366)
[2023.02.28-17.01.27:365][260]LogModuleManager: Shutting down and abandoning module GameplayCameras (364)
[2023.02.28-17.01.27:366][260]LogModuleManager: Shutting down and abandoning module PropertyAccessEditor (362)
[2023.02.28-17.01.27:366][260]LogModuleManager: Shutting down and abandoning module SoundFields (360)
[2023.02.28-17.01.27:366][260]LogModuleManager: Shutting down and abandoning module SignificanceManager (358)
[2023.02.28-17.01.27:366][260]LogModuleManager: Shutting down and abandoning module RuntimePhysXCooking (356)
[2023.02.28-17.01.27:366][260]LogModuleManager: Shutting down and abandoning module PhysXVehiclesEditor (354)
[2023.02.28-17.01.27:366][260]LogModuleManager: Shutting down and abandoning module LocationServicesBPLibrary (350)
[2023.02.28-17.01.27:366][260]LogModuleManager: Shutting down and abandoning module AudioSynesthesia (348)
[2023.02.28-17.01.27:366][260]LogModuleManager: Shutting down and abandoning module AudioSynesthesiaCore (346)
[2023.02.28-17.01.27:366][260]LogModuleManager: Shutting down and abandoning module ActorSequence (344)
[2023.02.28-17.01.27:366][260]LogModuleManager: Shutting down and abandoning module MagicLeapARPin (342)
[2023.02.28-17.01.27:366][260]LogModuleManager: Shutting down and abandoning module UdpMessaging (340)
[2023.02.28-17.01.27:467][260]LogModuleManager: Shutting down and abandoning module MagicLeapHandMeshing (338)
[2023.02.28-17.01.27:467][260]LogModuleManager: Shutting down and abandoning module MagicLeapSecureStorage (336)
[2023.02.28-17.01.27:467][260]LogModuleManager: Shutting down and abandoning module MagicLeapPrivileges (334)
[2023.02.28-17.01.27:467][260]LogModuleManager: Shutting down and abandoning module MagicLeapPlanes (332)
[2023.02.28-17.01.27:467][260]LogMagicLeapPlanes: Planes tracker already destroyed.
[2023.02.28-17.01.27:467][260]LogModuleManager: Shutting down and abandoning module MagicLeapImageTracker (330)
[2023.02.28-17.01.27:467][260]LogModuleManager: Shutting down and abandoning module MagicLeapIdentity (328)
[2023.02.28-17.01.27:467][260]LogModuleManager: Shutting down and abandoning module MagicLeapHandTracking (326)
[2023.02.28-17.01.27:467][260]LogModuleManager: Shutting down and abandoning module MagicLeapEyeTracker (324)
[2023.02.28-17.01.27:467][260]LogModuleManager: Shutting down and abandoning module MagicLeapController (322)
[2023.02.28-17.01.27:467][260]LogModuleManager: Shutting down and abandoning module MagicLeapARPinImpl (320)
[2023.02.28-17.01.27:467][260]LogModuleManager: Shutting down and abandoning module MagicLeapAR (318)
[2023.02.28-17.01.27:467][260]LogModuleManager: Shutting down and abandoning module TcpMessaging (316)
[2023.02.28-17.01.27:568][260]LogModuleManager: Shutting down and abandoning module ImgMediaEngine (314)
[2023.02.28-17.01.27:568][260]LogModuleManager: Shutting down and abandoning module PythonScriptPlugin (312)
[2023.02.28-17.01.27:568][260]LogModuleManager: Shutting down and abandoning module NiagaraAnimNotifies (310)
[2023.02.28-17.01.27:568][260]LogModuleManager: Shutting down and abandoning module Niagara (308)
[2023.02.28-17.01.27:568][260]LogModuleManager: Shutting down and abandoning module SignalProcessing (307)
[2023.02.28-17.01.27:568][260]LogModuleManager: Shutting down and abandoning module NiagaraEditor (305)
[2023.02.28-17.01.27:568][260]LogModuleManager: Shutting down and abandoning module ContentBrowser (304)
[2023.02.28-17.01.27:568][260]LogModuleManager: Shutting down and abandoning module CollectionManager (303)
[2023.02.28-17.01.27:568][260]LogModuleManager: Shutting down and abandoning module DirectoryWatcher (302)
[2023.02.28-17.01.27:569][260]LogModuleManager: Shutting down and abandoning module ContentBrowserData (299)
[2023.02.28-17.01.27:569][260]LogModuleManager: Shutting down and abandoning module NiagaraCore (294)
[2023.02.28-17.01.27:569][260]LogModuleManager: Shutting down and abandoning module FacialAnimation (292)
[2023.02.28-17.01.27:569][260]LogModuleManager: Shutting down and abandoning module GameplayTagsEditor (290)
[2023.02.28-17.01.27:569][260]LogModuleManager: Shutting down and abandoning module AssetManagerEditor (288)
[2023.02.28-17.01.27:569][260]LogModuleManager: Shutting down and abandoning module TreeMap (287)
[2023.02.28-17.01.27:569][260]LogModuleManager: Shutting down and abandoning module PropertyAccessNode (284)
[2023.02.28-17.01.27:569][260]LogModuleManager: Shutting down and abandoning module EnvironmentQueryEditor (282)
[2023.02.28-17.01.27:569][260]LogModuleManager: Shutting down and abandoning module AnimationSharing (280)
[2023.02.28-17.01.27:569][260]LogModuleManager: Shutting down and abandoning module LightPropagationVolumeRuntime (278)
[2023.02.28-17.01.27:569][260]LogModuleManager: Shutting down and abandoning module Paper2D (276)
[2023.02.28-17.01.27:569][260]LogModuleManager: Shutting down and abandoning module WindowsMoviePlayer (274)
[2023.02.28-17.01.27:569][260]LogModuleManager: Shutting down and abandoning module WebMMoviePlayer (272)
[2023.02.28-17.01.27:569][260]LogModuleManager: Shutting down and abandoning module NetworkReplayStreaming (270)
[2023.02.28-17.01.27:569][260]LogModuleManager: Shutting down and abandoning module PacketHandler (268)
[2023.02.28-17.01.27:569][260]LogModuleManager: Shutting down and abandoning module ClothingSystemEditor (266)
[2023.02.28-17.01.27:569][260]LogModuleManager: Shutting down and abandoning module ClothingSystemRuntimeNv (264)
[2023.02.28-17.01.27:570][260]LogModuleManager: Shutting down and abandoning module MediaAssets (262)
[2023.02.28-17.01.27:570][260]LogModuleManager: Shutting down and abandoning module Overlay (260)
[2023.02.28-17.01.27:570][260]LogModuleManager: Shutting down and abandoning module OverlayEditor (259)
[2023.02.28-17.01.27:570][260]LogModuleManager: Shutting down and abandoning module VREditor (256)
[2023.02.28-17.01.27:570][260]LogModuleManager: Shutting down and abandoning module StringTableEditor (254)
[2023.02.28-17.01.27:570][260]LogModuleManager: Shutting down and abandoning module GameplayTasksEditor (252)
[2023.02.28-17.01.27:570][260]LogModuleManager: Shutting down and abandoning module BehaviorTreeEditor (250)
[2023.02.28-17.01.27:570][260]LogModuleManager: Shutting down and abandoning module FunctionalTesting (248)
[2023.02.28-17.01.27:570][260]LogModuleManager: Shutting down and abandoning module CollisionAnalyzer (246)
[2023.02.28-17.01.27:570][260]LogModuleManager: Shutting down and abandoning module WorkspaceMenuStructure (245)
[2023.02.28-17.01.27:570][260]LogModuleManager: Shutting down and abandoning module UMG (242)
[2023.02.28-17.01.27:570][260]LogModuleManager: Shutting down and abandoning module UMGEditor (241)
[2023.02.28-17.01.27:570][260]LogModuleManager: Shutting down and abandoning module Sequencer (240)
[2023.02.28-17.01.27:570][260]LogModuleManager: Shutting down and abandoning module MessageLog (237)
[2023.02.28-17.01.27:570][260]LogModuleManager: Shutting down and abandoning module SlateReflector (232)
[2023.02.28-17.01.27:570][260]LogModuleManager: Shutting down and abandoning module Slate (230)
[2023.02.28-17.01.27:570][260]LogModuleManager: Shutting down and abandoning module SlateCore (228)
[2023.02.28-17.01.27:571][260]LogModuleManager: Shutting down and abandoning module LandscapeEditorUtilities (226)
[2023.02.28-17.01.27:571][260]LogModuleManager: Shutting down and abandoning module UnrealEd (224)
[2023.02.28-17.01.27:571][260]LogModuleManager: Shutting down and abandoning module MRMesh (222)
[2023.02.28-17.01.27:571][260]LogModuleManager: Shutting down and abandoning module Messaging (220)
[2023.02.28-17.01.27:571][260]LogModuleManager: Shutting down and abandoning module SourceCodeAccess (218)
[2023.02.28-17.01.27:571][260]LogModuleManager: Shutting down and abandoning module HeadMountedDisplay (216)
[2023.02.28-17.01.27:571][260]LogModuleManager: Shutting down and abandoning module XAudio2 (214)
[2023.02.28-17.01.27:571][260]LogModuleManager: Shutting down and abandoning module Networking (212)
[2023.02.28-17.01.27:571][260]LogModuleManager: Shutting down and abandoning module Core (210)
[2023.02.28-17.01.27:571][260]LogModuleManager: Shutting down and abandoning module MaterialEditor (208)
[2023.02.28-17.01.27:571][260]LogModuleManager: Shutting down and abandoning module MovieSceneTools (206)
[2023.02.28-17.01.27:571][260]LogModuleManager: Shutting down and abandoning module EditorStyle (205)
[2023.02.28-17.01.27:572][260]LogModuleManager: Shutting down and abandoning module KismetCompiler (202)
[2023.02.28-17.01.27:572][260]LogModuleManager: Shutting down and abandoning module MeshBuilder (200)
[2023.02.28-17.01.27:572][260]LogModuleManager: Shutting down and abandoning module MeshUtilities (198)
[2023.02.28-17.01.27:572][260]LogModuleManager: Shutting down and abandoning module MeshMergeUtilities (197)
[2023.02.28-17.01.27:572][260]LogModuleManager: Shutting down and abandoning module MeshReductionInterface (196)
[2023.02.28-17.01.27:572][260]LogModuleManager: Shutting down and abandoning module MeshBoneReduction (195)
[2023.02.28-17.01.27:572][260]LogModuleManager: Shutting down and abandoning module SkeletalMeshReduction (193)
[2023.02.28-17.01.27:572][260]LogModuleManager: Shutting down and abandoning module ProxyLODMeshReduction (191)
[2023.02.28-17.01.27:572][260]LogModuleManager: Shutting down and abandoning module QuadricMeshReduction (189)
[2023.02.28-17.01.27:572][260]LogModuleManager: Shutting down and abandoning module MaterialBaking (185)
[2023.02.28-17.01.27:572][260]LogModuleManager: Shutting down and abandoning module NullInstallBundleManager (180)
[2023.02.28-17.01.27:572][260]LogModuleManager: Shutting down and abandoning module PIEPreviewDeviceProfileSelector (178)
[2023.02.28-17.01.27:572][260]LogModuleManager: Shutting down and abandoning module DerivedDataCache (176)
[2023.02.28-17.01.27:572][260]LogModuleManager: Shutting down and abandoning module TargetPlatform (174)
[2023.02.28-17.01.27:572][260]LogModuleManager: Shutting down and abandoning module VulkanShaderFormat (173)
[2023.02.28-17.01.27:572][260]LogModuleManager: Shutting down and abandoning module ShaderFormatVectorVM (171)
[2023.02.28-17.01.27:572][260]LogModuleManager: Shutting down and abandoning module ShaderFormatOpenGL (169)
[2023.02.28-17.01.27:572][260]LogModuleManager: Shutting down and abandoning module ShaderFormatD3D (167)
[2023.02.28-17.01.27:572][260]LogModuleManager: Shutting down and abandoning module MetalShaderFormat (165)
[2023.02.28-17.01.27:572][260]LogModuleManager: Shutting down and abandoning module TextureFormatOodle (163)
[2023.02.28-17.01.27:572][260]LogModuleManager: Shutting down and abandoning module TextureFormatUncompressed (161)
[2023.02.28-17.01.27:572][260]LogModuleManager: Shutting down and abandoning module TextureFormatPVR (159)
[2023.02.28-17.01.27:572][260]LogModuleManager: Shutting down and abandoning module TextureFormatETC2 (157)
[2023.02.28-17.01.27:572][260]LogModuleManager: Shutting down and abandoning module TextureFormatDXT (155)
[2023.02.28-17.01.27:572][260]LogModuleManager: Shutting down and abandoning module TextureFormatIntelISPCTexComp (153)
[2023.02.28-17.01.27:572][260]LogModuleManager: Shutting down and abandoning module TextureFormatASTC (151)
[2023.02.28-17.01.27:572][260]LogModuleManager: Shutting down and abandoning module ImageWrapper (150)
[2023.02.28-17.01.27:572][260]LogModuleManager: Shutting down and abandoning module AudioFormatOpus (147)
[2023.02.28-17.01.27:572][260]LogModuleManager: Shutting down and abandoning module AudioFormatOgg (145)
[2023.02.28-17.01.27:572][260]LogModuleManager: Shutting down and abandoning module AudioFormatADPCM (143)
[2023.02.28-17.01.27:572][260]LogModuleManager: Shutting down and abandoning module WindowsServerTargetPlatform (141)
[2023.02.28-17.01.27:572][260]LogModuleManager: Shutting down and abandoning module WindowsClientTargetPlatform (139)
[2023.02.28-17.01.27:572][260]LogModuleManager: Shutting down and abandoning module WindowsTargetPlatform (137)
[2023.02.28-17.01.27:572][260]LogModuleManager: Shutting down and abandoning module WindowsNoEditorTargetPlatform (135)
[2023.02.28-17.01.27:572][260]LogModuleManager: Shutting down and abandoning module D3D11RHI (132)
[2023.02.28-17.01.27:572][260]LogModuleManager: Shutting down and abandoning module InputCore (130)
[2023.02.28-17.01.27:572][260]LogModuleManager: Shutting down and abandoning module Settings (128)
[2023.02.28-17.01.27:573][260]LogModuleManager: Shutting down and abandoning module PhysXCooking (126)
[2023.02.28-17.01.27:573][260]LogModuleManager: Shutting down and abandoning module Chaos (124)
[2023.02.28-17.01.27:573][260]LogModuleManager: Shutting down and abandoning module WindowsPlatformFeatures (122)
[2023.02.28-17.01.27:573][260]LogModuleManager: Shutting down and abandoning module GameplayMediaEncoder (121)
[2023.02.28-17.01.27:573][260]LogModuleManager: Shutting down and abandoning module AVEncoder (120)
[2023.02.28-17.01.27:573][260]LogModuleManager: Shutting down and abandoning module SteamVRInputDevice (116)
[2023.02.28-17.01.27:573][260]LogModuleManager: Shutting down and abandoning module SteamVRInput (114)
[2023.02.28-17.01.27:573][260]LogModuleManager: Shutting down and abandoning module SteamVR (112)
[2023.02.28-17.01.27:573][260]LogHMD: Freeing OpenVRDLLHandle.
[2023.02.28-17.01.27:573][260]LogModuleManager: Shutting down and abandoning module OculusHMD (110)
[2023.02.28-17.01.27:573][260]LogModuleManager: Shutting down and abandoning module OpenXRHandTracking (108)
[2023.02.28-17.01.27:573][260]LogSlate: Slate User Destroyed.  User Index 0, Is Virtual User: 0
[2023.02.28-17.01.27:573][260]LogModuleManager: Shutting down and abandoning module OpenXREyeTracker (106)
[2023.02.28-17.01.27:573][260]LogModuleManager: Shutting down and abandoning module OpenXRAR (104)
[2023.02.28-17.01.27:573][260]LogModuleManager: Shutting down and abandoning module AugmentedReality (103)
[2023.02.28-17.01.27:573][260]LogModuleManager: Shutting down and abandoning module OpenXRHMD (100)
[2023.02.28-17.01.27:573][260]LogModuleManager: Shutting down and abandoning module LauncherChunkInstaller (98)
[2023.02.28-17.01.27:573][260]LogModuleManager: Shutting down and abandoning module ExampleDeviceProfileSelector (96)
[2023.02.28-17.01.27:573][260]LogModuleManager: Shutting down and abandoning module ChunkDownloader (94)
[2023.02.28-17.01.27:573][260]LogModuleManager: Shutting down and abandoning module OnlineBlueprintSupport (92)
[2023.02.28-17.01.27:573][260]LogModuleManager: Shutting down and abandoning module OnlineSubsystem (88)
[2023.02.28-17.01.27:574][260]LogModuleManager: Shutting down and abandoning module XMPP (83)
[2023.02.28-17.01.27:574][260]LogModuleManager: Shutting down and abandoning module WebSockets (82)
[2023.02.28-17.01.27:582][260]LogModuleManager: Shutting down and abandoning module HTTP (79)
[2023.02.28-17.01.27:582][260]LogHttp: Display: cleaning up 0 outstanding Http requests.
[2023.02.28-17.01.27:589][260]LogModuleManager: Shutting down and abandoning module SSL (78)
[2023.02.28-17.01.27:589][260]LogModuleManager: Shutting down and abandoning module MLSDK (74)
[2023.02.28-17.01.27:589][260]LogModuleManager: Shutting down and abandoning module MagicLeap (72)
[2023.02.28-17.01.27:589][260]LogModuleManager: Shutting down and abandoning module WmfMedia (70)
[2023.02.28-17.01.27:591][260]LogModuleManager: Shutting down and abandoning module Media (69)
[2023.02.28-17.01.27:594][260]LogModuleManager: Shutting down and abandoning module MediaInfo (68)
[2023.02.28-17.01.27:594][260]LogModuleManager: Shutting down and abandoning module ExrReaderGpu (64)
[2023.02.28-17.01.27:594][260]LogModuleManager: Shutting down and abandoning module NiagaraVertexFactories (62)
[2023.02.28-17.01.27:594][260]LogModuleManager: Shutting down and abandoning module NiagaraShader (60)
[2023.02.28-17.01.27:594][260]LogModuleManager: Shutting down and abandoning module VariantManagerContent (58)
[2023.02.28-17.01.27:594][260]LogModuleManager: Shutting down and abandoning module DatasmithContent (56)
[2023.02.28-17.01.27:595][260]LogModuleManager: Shutting down and abandoning module ChaosCloth (54)
[2023.02.28-17.01.27:595][260]LogModuleManager: Shutting down and abandoning module PixWinPlugin (52)
[2023.02.28-17.01.27:595][260]LogModuleManager: Shutting down and abandoning module AISupportModule (50)
[2023.02.28-17.01.27:595][260]LogModuleManager: Shutting down and abandoning module DesktopPlatform (48)
[2023.02.28-17.01.27:595][260]LogModuleManager: Shutting down and abandoning module PythonScriptPluginPreload (46)
[2023.02.28-17.01.27:595][260]LogModuleManager: Shutting down and abandoning module PlatformCryptoOpenSSL (44)
[2023.02.28-17.01.27:595][260]LogModuleManager: Shutting down and abandoning module PlatformCryptoTypes (42)
[2023.02.28-17.01.27:595][260]LogModuleManager: Shutting down and abandoning module PlatformCrypto (40)
[2023.02.28-17.01.27:595][260]LogModuleManager: Shutting down and abandoning module OodleDataCompressionFormat (38)
[2023.02.28-17.01.27:595][260]LogModuleManager: Shutting down and abandoning module XGEController (36)
[2023.02.28-17.01.27:595][260]LogModuleManager: Shutting down and abandoning module AnimationModifiers (34)
[2023.02.28-17.01.27:595][260]LogModuleManager: Shutting down and abandoning module AudioEditor (32)
[2023.02.28-17.01.27:596][260]LogModuleManager: Shutting down and abandoning module PropertyEditor (31)
[2023.02.28-17.01.27:596][260]LogModuleManager: Shutting down and abandoning module TextureCompressor (28)
[2023.02.28-17.01.27:596][260]LogModuleManager: Shutting down and abandoning module RenderCore (26)
[2023.02.28-17.01.27:596][260]LogModuleManager: Shutting down and abandoning module Landscape (24)
[2023.02.28-17.01.27:596][260]LogModuleManager: Shutting down and abandoning module SlateRHIRenderer (22)
[2023.02.28-17.01.27:596][260]LogModuleManager: Shutting down and abandoning module AnimGraphRuntime (20)
[2023.02.28-17.01.27:596][260]LogModuleManager: Shutting down and abandoning module Renderer (18)
[2023.02.28-17.01.27:596][260]LogModuleManager: Shutting down and abandoning module Engine (16)
[2023.02.28-17.01.27:596][260]LogModuleManager: Shutting down and abandoning module CoreUObject (14)
[2023.02.28-17.01.27:596][260]LogModuleManager: Shutting down and abandoning module NetworkFile (12)
[2023.02.28-17.01.27:596][260]LogModuleManager: Shutting down and abandoning module CookedIterativeFile (10)
[2023.02.28-17.01.27:596][260]LogModuleManager: Shutting down and abandoning module StreamingFile (8)
[2023.02.28-17.01.27:596][260]LogModuleManager: Shutting down and abandoning module SandboxFile (6)
[2023.02.28-17.01.27:596][260]LogModuleManager: Shutting down and abandoning module PakFile (4)
[2023.02.28-17.01.27:596][260]LogModuleManager: Shutting down and abandoning module RSA (3)
[2023.02.28-17.01.28:055][260]LogContentStreaming: Display: There are 1 unreleased StreamingManagers
[2023.02.28-17.01.28:081][260]LogD3D11RHI: Shutdown
[2023.02.28-17.01.28:081][260]LogD3D11RHI: CleanupD3DDevice
[2023.02.28-17.01.28:082][260]LogExit: Exiting.
[2023.02.28-17.01.28:090][260]Log file closed, 03/01/23 00:01:28
