Log file open, 03/01/23 02:59:23
LogWindows: Failed to load 'aqProf.dll' (GetLastError=126)
LogWindows: File 'aqProf.dll' does not exist
LogWindows: Failed to load 'VtuneApi.dll' (GetLastError=126)
LogWindows: File 'VtuneApi.dll' does not exist
LogWindows: Failed to load 'VtuneApi32e.dll' (GetLastError=126)
LogWindows: File 'VtuneApi32e.dll' does not exist
LogConsoleResponse: Display: Failed to find resolution value strings in scalability ini. Falling back to default.
LogConsoleResponse: Display: Failed to find resolution value strings in scalability ini. Falling back to default.
LogInit: Display: Running engine for game: FireFact
LogPlatformFile: Not using cached read wrapper
LogTaskGraph: Started task graph with 5 named threads and 47 total threads with 3 sets of task threads.
LogStats: Stats thread started at 0.370976
LogICUInternationalization: ICU TimeZone Detection - Raw Offset: +7:00, Platform Override: ''
LogInit: Display: Loading text-based GConfig....
LogPluginManager: Mounting plugin MeshPainting
LogPluginManager: Mounting plugin XGEController
LogPluginManager: Mounting plugin Paper2D
LogPluginManager: Mounting plugin LiveLink
LogPluginManager: Mounting plugin AISupport
LogPluginManager: Mounting plugin EnvironmentQueryEditor
LogPluginManager: Mounting plugin CameraShakePreviewer
LogPluginManager: Mounting plugin LightPropagationVolume
LogPluginManager: Mounting plugin GameplayCameras
LogPluginManager: Mounting plugin OodleNetwork
LogPluginManager: Mounting plugin OodleData
LogPluginManager: Mounting plugin DatasmithContent
LogPluginManager: Mounting plugin VariantManagerContent
LogPluginManager: Mounting plugin AssetManagerEditor
LogPluginManager: Mounting plugin CryptoKeys
LogPluginManager: Mounting plugin CurveEditorTools
LogPluginManager: Mounting plugin DataValidation
LogPluginManager: Mounting plugin FacialAnimation
LogPluginManager: Mounting plugin GameplayTagsEditor
LogPluginManager: Mounting plugin GeometryMode
LogPluginManager: Mounting plugin MacGraphicsSwitching
LogPluginManager: Mounting plugin MaterialAnalyzer
LogPluginManager: Mounting plugin MobileLauncherProfileWizard
LogPluginManager: Mounting plugin PluginBrowser
LogPluginManager: Mounting plugin SpeedTreeImporter
LogPluginManager: Mounting plugin AnimationSharing
LogPluginManager: Mounting plugin CLionSourceCodeAccess
LogPluginManager: Mounting plugin CodeLiteSourceCodeAccess
LogPluginManager: Mounting plugin GitSourceControl
LogPluginManager: Mounting plugin KDevelopSourceCodeAccess
LogPluginManager: Mounting plugin NullSourceCodeAccess
LogPluginManager: Mounting plugin PerforceSourceControl
LogPluginManager: Mounting plugin PlasticSourceControl
LogPluginManager: Mounting plugin PluginUtils
LogPluginManager: Mounting plugin PixWinPlugin
LogPluginManager: Mounting plugin PropertyAccessNode
LogPluginManager: Mounting plugin RiderSourceCodeAccess
LogPluginManager: Mounting plugin SubversionSourceControl
LogPluginManager: Mounting plugin TextureFormatOodle
LogPluginManager: Mounting plugin UObjectPlugin
LogPluginManager: Mounting plugin VisualStudioSourceCodeAccess
LogPluginManager: Mounting plugin VisualStudioCodeSourceCodeAccess
LogPluginManager: Mounting plugin XCodeSourceCodeAccess
LogPluginManager: Mounting plugin AlembicImporter
LogPluginManager: Mounting plugin AutomationUtils
LogPluginManager: Mounting plugin BackChannel
LogPluginManager: Mounting plugin ChaosCloth
LogPluginManager: Mounting plugin ChaosClothEditor
LogPluginManager: Mounting plugin ChaosEditor
LogPluginManager: Mounting plugin ChaosSolverPlugin
LogPluginManager: Mounting plugin ChaosNiagara
LogPluginManager: Mounting plugin CharacterAI
LogPluginManager: Mounting plugin GeometryCache
LogPluginManager: Mounting plugin Niagara
LogPluginManager: Mounting plugin GeometryCollectionPlugin
LogPluginManager: Mounting plugin GeometryProcessing
LogPluginManager: Mounting plugin OpenImageDenoise
LogPluginManager: Mounting plugin ProxyLODPlugin
LogPluginManager: Mounting plugin MotoSynth
LogPluginManager: Mounting plugin PlanarCut
LogPluginManager: Mounting plugin PythonScriptPlugin
LogPluginManager: Mounting plugin PlatformCrypto
LogPluginManager: Mounting plugin SkeletalReduction
LogPluginManager: Mounting plugin LuminPlatformFeatures
LogPluginManager: Mounting plugin MagicLeap
LogPluginManager: Mounting plugin MagicLeapLightEstimation
LogPluginManager: Mounting plugin MagicLeapPassableWorld
LogPluginManager: Mounting plugin MagicLeapMedia
LogPluginManager: Mounting plugin MLSDK
LogPluginManager: Mounting plugin AndroidMedia
LogPluginManager: Mounting plugin AvfMedia
LogPluginManager: Mounting plugin ImgMedia
LogPluginManager: Mounting plugin MediaCompositing
LogPluginManager: Mounting plugin WebMMedia
LogPluginManager: Mounting plugin MediaPlayerEditor
LogPluginManager: Mounting plugin WmfMedia
LogPluginManager: Mounting plugin TcpMessaging
LogPluginManager: Mounting plugin UdpMessaging
LogPluginManager: Mounting plugin ActorSequence
LogPluginManager: Mounting plugin MatineeToLevelSequence
LogPluginManager: Mounting plugin LevelSequenceEditor
LogPluginManager: Mounting plugin TemplateSequence
LogPluginManager: Mounting plugin OnlineSubsystem
LogPluginManager: Mounting plugin OnlineSubsystemNull
LogPluginManager: Mounting plugin LauncherChunkInstaller
LogPluginManager: Mounting plugin OnlineSubsystemUtils
LogPluginManager: Mounting plugin ActorLayerUtilities
LogPluginManager: Mounting plugin AndroidDeviceProfileSelector
LogPluginManager: Mounting plugin AndroidPermission
LogPluginManager: Mounting plugin AndroidMoviePlayer
LogPluginManager: Mounting plugin ArchVisCharacter
LogPluginManager: Mounting plugin AudioCapture
LogPluginManager: Mounting plugin AppleImageUtils
LogPluginManager: Mounting plugin AppleMoviePlayer
LogPluginManager: Mounting plugin AssetTags
LogPluginManager: Mounting plugin AudioSynesthesia
LogPluginManager: Mounting plugin CableComponent
LogPluginManager: Mounting plugin CustomMeshComponent
LogPluginManager: Mounting plugin ChunkDownloader
LogPluginManager: Mounting plugin EditableMesh
LogPluginManager: Mounting plugin ExampleDeviceProfileSelector
LogPluginManager: Mounting plugin GooglePAD
LogPluginManager: Mounting plugin GoogleCloudMessaging
LogPluginManager: Mounting plugin IOSDeviceProfileSelector
LogPluginManager: Mounting plugin LocationServicesBPLibrary
LogPluginManager: Mounting plugin LinuxDeviceProfileSelector
LogPluginManager: Mounting plugin MobilePatchingUtils
LogPluginManager: Mounting plugin OpenXR
LogPluginManager: Mounting plugin OpenXREyeTracker
LogPluginManager: Mounting plugin ScreenshotTools
LogPluginManager: Mounting plugin OpenXRHandTracking
LogPluginManager: Mounting plugin PostSplashScreen
LogPluginManager: Mounting plugin PhysXVehicles
LogPluginManager: Mounting plugin PropertyAccessEditor
LogPluginManager: Mounting plugin RuntimePhysXCooking
LogPluginManager: Mounting plugin SignificanceManager
LogPluginManager: Mounting plugin SoundFields
LogPluginManager: Mounting plugin ProceduralMeshComponent
LogPluginManager: Mounting plugin Synthesis
LogPluginManager: Mounting plugin Takes
LogPluginManager: Mounting plugin WebMMoviePlayer
LogPluginManager: Mounting plugin WindowsMoviePlayer
LogPluginManager: Mounting plugin ContentBrowserFileDataSource
LogPluginManager: Mounting plugin ContentBrowserAssetDataSource
LogPluginManager: Mounting plugin ContentBrowserClassDataSource
LogPluginManager: Mounting plugin OnlineSubsystemGooglePlay
LogPluginManager: Mounting plugin OnlineSubsystemIOS
LogPluginManager: Mounting plugin OculusVR
LogPluginManager: Mounting plugin SteamVR
PixWinPlugin: PIX capture plugin failed to initialize! Check that the process is launched from PIX.
LogInit: Using libcurl 7.55.1-DEV
LogInit:  - built for x86_64-pc-win32
LogInit:  - supports SSL with OpenSSL/1.1.1
LogInit:  - supports HTTP deflate (compression) using libz 1.2.8
LogInit:  - other features:
LogInit:      CURL_VERSION_SSL
LogInit:      CURL_VERSION_LIBZ
LogInit:      CURL_VERSION_IPV6
LogInit:      CURL_VERSION_ASYNCHDNS
LogInit:      CURL_VERSION_LARGEFILE
LogInit:      CURL_VERSION_IDN
LogInit:  CurlRequestOptions (configurable via config and command line):
LogInit:  - bVerifyPeer = true  - Libcurl will verify peer certificate
LogInit:  - bUseHttpProxy = false  - Libcurl will NOT use HTTP proxy
LogInit:  - bDontReuseConnections = false  - Libcurl will reuse connections
LogInit:  - MaxHostConnections = 16  - Libcurl will limit the number of connections to a host
LogInit:  - LocalHostAddr = Default
LogInit:  - BufferSize = 65536
LogOnline: OSS: Creating online subsystem instance for: NULL
LogInit: WinSock: version 1.1 (2.2), MaxSocks=32767, MaxUdp=65467
LogOnline: OSS: TryLoadSubsystemAndSetDefault: Loaded subsystem for module [NULL]
LogOculusPluginWrapper: OculusPlugin initialized successfully
LogHMD: Failed initializing OVRPlugin 1.59.0
LogInit: Build: ++UE4+Release-4.27-CL-18319896
LogInit: Engine Version: 4.27.2-18319896+++UE4+Release-4.27
LogInit: Compatible Engine Version: 4.27.0-17155196+++UE4+Release-4.27
LogInit: Net CL: 17155196
LogInit: OS: Windows 10 (Release 2009) (), CPU: AMD Ryzen 7 4800H with Radeon Graphics         , GPU: AMD Radeon(TM) Graphics
LogInit: Compiled (64-bit): Nov 30 2021 07:12:08
LogInit: Compiled with Visual C++: 19.24.28315.00
LogInit: Build Configuration: Development
LogInit: Branch Name: ++UE4+Release-4.27
LogInit: Command Line:  /Game/Level/Main_Menu_Level -game -PIEVIACONSOLE -Multiprocess GameUserSettingsINI=C:/Users/pc/Documents/GitHub/Safety-Fire-Fact-Game/Game/FireFact/Saved/Config/Windows/PIEGameUserSettings0.ini -MultiprocessSaveConfig -forcepassthrough -messaging -SessionName="Play in Standalone Game" -windowed -WinX=0 -WinY=24 SAVEWINPOS=1 -ResX=1920 -ResY=1080
LogInit: Base Directory: C:/Program Files/Epic Games/UE_4.27/Engine/Binaries/Win64/
LogInit: Allocator: TBB
LogInit: Installed Engine Build: 1
LogDevObjectVersion: Number of dev versions registered: 29
LogDevObjectVersion:   Dev-Blueprints (B0D832E4-1F89-4F0D-ACCF-7EB736FD4AA2): 10
LogDevObjectVersion:   Dev-Build (E1C64328-A22C-4D53-A36C-8E866417BD8C): 0
LogDevObjectVersion:   Dev-Core (375EC13C-06E4-48FB-B500-84F0262A717E): 4
LogDevObjectVersion:   Dev-Editor (E4B068ED-F494-42E9-A231-DA0B2E46BB41): 40
LogDevObjectVersion:   Dev-Framework (CFFC743F-43B0-4480-9391-14DF171D2073): 37
LogDevObjectVersion:   Dev-Mobile (B02B49B5-BB20-44E9-A304-32B752E40360): 3
LogDevObjectVersion:   Dev-Networking (A4E4105C-59A1-49B5-A7C5-40C4547EDFEE): 0
LogDevObjectVersion:   Dev-Online (39C831C9-5AE6-47DC-9A44-9C173E1C8E7C): 0
LogDevObjectVersion:   Dev-Physics (78F01B33-EBEA-4F98-B9B4-84EACCB95AA2): 14
LogDevObjectVersion:   Dev-Platform (6631380F-2D4D-43E0-8009-CF276956A95A): 0
LogDevObjectVersion:   Dev-Rendering (12F88B9F-8875-4AFC-A67C-D90C383ABD29): 45
LogDevObjectVersion:   Dev-Sequencer (7B5AE74C-D270-4C10-A958-57980B212A5A): 13
LogDevObjectVersion:   Dev-VR (D7296918-1DD6-4BDD-9DE2-64A83CC13884): 3
LogDevObjectVersion:   Dev-LoadTimes (C2A15278-BFE7-4AFE-6C17-90FF531DF755): 1
LogDevObjectVersion:   Private-Geometry (6EACA3D4-40EC-4CC1-B786-8BED09428FC5): 3
LogDevObjectVersion:   Dev-AnimPhys (29E575DD-E0A3-4627-9D10-D276232CDCEA): 17
LogDevObjectVersion:   Dev-Anim (AF43A65D-7FD3-4947-9873-3E8ED9C1BB05): 15
LogDevObjectVersion:   Dev-ReflectionCapture (6B266CEC-1EC7-4B8F-A30B-E4D90942FC07): 1
LogDevObjectVersion:   Dev-Automation (0DF73D61-A23F-47EA-B727-89E90C41499A): 1
LogDevObjectVersion:   FortniteMain (601D1886-AC64-4F84-AA16-D3DE0DEAC7D6): 47
LogDevObjectVersion:   FortniteRelease (E7086368-6B23-4C58-8439-1B7016265E91): 1
LogDevObjectVersion:   Dev-Enterprise (9DFFBCD6-494F-0158-E221-12823C92A888): 10
LogDevObjectVersion:   Dev-Niagara (F2AED0AC-9AFE-416F-8664-AA7FFA26D6FC): 1
LogDevObjectVersion:   Dev-Destruction (174F1F0B-B4C6-45A5-B13F-2EE8D0FB917D): 10
LogDevObjectVersion:   Dev-Physics-Ext (35F94A83-E258-406C-A318-09F59610247C): 41
LogDevObjectVersion:   Dev-PhysicsMaterial-Chaos (B68FC16E-8B1B-42E2-B453-215C058844FE): 1
LogDevObjectVersion:   Dev-CineCamera (B2E18506-4273-CFC2-A54E-F4BB758BBA07): 1
LogDevObjectVersion:   Dev-VirtualProduction (64F58936-FD1B-42BA-BA96-7289D5D0FA4E): 1
LogDevObjectVersion:   Dev-MediaFramework (6F0ED827-A609-4895-9C91-998D90180EA4): 2
LogInit: Presizing for max 25165824 objects, including 0 objects not considered by GC, pre-allocating 0 bytes for permanent pool.
LogConfig: Applying CVar settings from Section [/Script/Engine.StreamingSettings] File [C:/Users/pc/Documents/GitHub/Safety-Fire-Fact-Game/Game/FireFact/Saved/Config/Windows/Engine.ini]
LogConfig: Setting CVar [[s.MinBulkDataSizeForAsyncLoading:131072]]
LogConfig: Setting CVar [[s.AsyncLoadingThreadEnabled:0]]
LogConfig: Setting CVar [[s.EventDrivenLoaderEnabled:1]]
LogConfig: Setting CVar [[s.WarnIfTimeLimitExceeded:0]]
LogConfig: Setting CVar [[s.TimeLimitExceededMultiplier:1.5]]
LogConfig: Setting CVar [[s.TimeLimitExceededMinTime:0.005]]
LogConfig: Setting CVar [[s.UseBackgroundLevelStreaming:1]]
LogConfig: Setting CVar [[s.PriorityAsyncLoadingExtraTime:15.0]]
LogConfig: Setting CVar [[s.LevelStreamingActorsUpdateTimeLimit:5.0]]
LogConfig: Setting CVar [[s.PriorityLevelStreamingActorsUpdateExtraTime:5.0]]
LogConfig: Setting CVar [[s.LevelStreamingComponentsRegistrationGranularity:10]]
LogConfig: Setting CVar [[s.UnregisterComponentsTimeLimit:1.0]]
LogConfig: Setting CVar [[s.LevelStreamingComponentsUnregistrationGranularity:5]]
LogConfig: Setting CVar [[s.FlushStreamingOnExit:1]]
LogInit: Object subsystem initialized
LogConfig: Setting CVar [[con.DebugEarlyDefault:1]]
LogConfig: Setting CVar [[r.setres:1280x720]]
[2023.02.28-19.59.24:500][  0]LogConfig: Setting CVar [[con.DebugEarlyDefault:1]]
[2023.02.28-19.59.24:500][  0]LogConfig: Setting CVar [[r.setres:1280x720]]
[2023.02.28-19.59.24:500][  0]LogConfig: Applying CVar settings from Section [/Script/Engine.RendererSettings] File [C:/Users/pc/Documents/GitHub/Safety-Fire-Fact-Game/Game/FireFact/Saved/Config/Windows/Engine.ini]
[2023.02.28-19.59.24:500][  0]LogConfig: Setting CVar [[r.GPUCrashDebugging:0]]
[2023.02.28-19.59.24:500][  0]LogConfig: Setting CVar [[r.MobileHDR:0]]
[2023.02.28-19.59.24:500][  0]LogConfig: Setting CVar [[r.DefaultFeature.AutoExposure:0]]
[2023.02.28-19.59.24:500][  0]LogConfig: Setting CVar [[r.DefaultFeature.AntiAliasing:1]]
[2023.02.28-19.59.24:500][  0]LogConfig: Applying CVar settings from Section [/Script/Engine.RendererOverrideSettings] File [C:/Users/pc/Documents/GitHub/Safety-Fire-Fact-Game/Game/FireFact/Saved/Config/Windows/Engine.ini]
[2023.02.28-19.59.24:500][  0]LogConfig: Applying CVar settings from Section [/Script/Engine.StreamingSettings] File [C:/Users/pc/Documents/GitHub/Safety-Fire-Fact-Game/Game/FireFact/Saved/Config/Windows/Engine.ini]
[2023.02.28-19.59.24:500][  0]LogConfig: Setting CVar [[s.MinBulkDataSizeForAsyncLoading:131072]]
[2023.02.28-19.59.24:500][  0]LogConfig: Setting CVar [[s.AsyncLoadingThreadEnabled:0]]
[2023.02.28-19.59.24:500][  0]LogConfig: Setting CVar [[s.EventDrivenLoaderEnabled:1]]
[2023.02.28-19.59.24:500][  0]LogConfig: Setting CVar [[s.WarnIfTimeLimitExceeded:0]]
[2023.02.28-19.59.24:500][  0]LogConfig: Setting CVar [[s.TimeLimitExceededMultiplier:1.5]]
[2023.02.28-19.59.24:500][  0]LogConfig: Setting CVar [[s.TimeLimitExceededMinTime:0.005]]
[2023.02.28-19.59.24:500][  0]LogConfig: Setting CVar [[s.UseBackgroundLevelStreaming:1]]
[2023.02.28-19.59.24:500][  0]LogConfig: Setting CVar [[s.PriorityAsyncLoadingExtraTime:15.0]]
[2023.02.28-19.59.24:500][  0]LogConfig: Setting CVar [[s.LevelStreamingActorsUpdateTimeLimit:5.0]]
[2023.02.28-19.59.24:500][  0]LogConfig: Setting CVar [[s.PriorityLevelStreamingActorsUpdateExtraTime:5.0]]
[2023.02.28-19.59.24:500][  0]LogConfig: Setting CVar [[s.LevelStreamingComponentsRegistrationGranularity:10]]
[2023.02.28-19.59.24:500][  0]LogConfig: Setting CVar [[s.UnregisterComponentsTimeLimit:1.0]]
[2023.02.28-19.59.24:500][  0]LogConfig: Setting CVar [[s.LevelStreamingComponentsUnregistrationGranularity:5]]
[2023.02.28-19.59.24:500][  0]LogConfig: Setting CVar [[s.FlushStreamingOnExit:1]]
[2023.02.28-19.59.24:500][  0]LogConfig: Applying CVar settings from Section [/Script/Engine.GarbageCollectionSettings] File [C:/Users/pc/Documents/GitHub/Safety-Fire-Fact-Game/Game/FireFact/Saved/Config/Windows/Engine.ini]
[2023.02.28-19.59.24:500][  0]LogConfig: Setting CVar [[gc.MaxObjectsNotConsideredByGC:1]]
[2023.02.28-19.59.24:500][  0]LogConfig: Setting CVar [[gc.SizeOfPermanentObjectPool:0]]
[2023.02.28-19.59.24:500][  0]LogConfig: Setting CVar [[gc.FlushStreamingOnGC:0]]
[2023.02.28-19.59.24:500][  0]LogConfig: Setting CVar [[gc.NumRetriesBeforeForcingGC:10]]
[2023.02.28-19.59.24:500][  0]LogConfig: Setting CVar [[gc.AllowParallelGC:1]]
[2023.02.28-19.59.24:500][  0]LogConfig: Setting CVar [[gc.TimeBetweenPurgingPendingKillObjects:61.1]]
[2023.02.28-19.59.24:500][  0]LogConfig: Setting CVar [[gc.MaxObjectsInEditor:25165824]]
[2023.02.28-19.59.24:500][  0]LogConfig: Setting CVar [[gc.IncrementalBeginDestroyEnabled:1]]
[2023.02.28-19.59.24:500][  0]LogConfig: Setting CVar [[gc.CreateGCClusters:1]]
[2023.02.28-19.59.24:500][  0]LogConfig: Setting CVar [[gc.MinGCClusterSize:5]]
[2023.02.28-19.59.24:500][  0]LogConfig: Setting CVar [[gc.ActorClusteringEnabled:0]]
[2023.02.28-19.59.24:500][  0]LogConfig: Setting CVar [[gc.BlueprintClusteringEnabled:0]]
[2023.02.28-19.59.24:500][  0]LogConfig: Setting CVar [[gc.UseDisregardForGCOnDedicatedServers:0]]
[2023.02.28-19.59.24:500][  0]LogConfig: Setting CVar [[gc.MultithreadedDestructionEnabled:1]]
[2023.02.28-19.59.24:500][  0]LogConfig: Applying CVar settings from Section [/Script/Engine.NetworkSettings] File [C:/Users/pc/Documents/GitHub/Safety-Fire-Fact-Game/Game/FireFact/Saved/Config/Windows/Engine.ini]
[2023.02.28-19.59.24:500][  0]LogConfig: Applying CVar settings from Section [/Script/UnrealEd.CookerSettings] File [C:/Users/pc/Documents/GitHub/Safety-Fire-Fact-Game/Game/FireFact/Saved/Config/Windows/Engine.ini]
[2023.02.28-19.59.24:506][  0]LogConfig: Applying CVar settings from Section [ViewDistanceQuality@3] File [C:/Users/pc/Documents/GitHub/Safety-Fire-Fact-Game/Game/FireFact/Saved/Config/Windows/Scalability.ini]
[2023.02.28-19.59.24:507][  0]LogConfig: Setting CVar [[r.SkeletalMeshLODBias:0]]
[2023.02.28-19.59.24:507][  0]LogConfig: Setting CVar [[r.ViewDistanceScale:1.0]]
[2023.02.28-19.59.24:507][  0]LogConfig: Applying CVar settings from Section [AntiAliasingQuality@3] File [C:/Users/pc/Documents/GitHub/Safety-Fire-Fact-Game/Game/FireFact/Saved/Config/Windows/Scalability.ini]
[2023.02.28-19.59.24:507][  0]LogConfig: Setting CVar [[r.PostProcessAAQuality:4]]
[2023.02.28-19.59.24:507][  0]LogConfig: Applying CVar settings from Section [ShadowQuality@3] File [C:/Users/pc/Documents/GitHub/Safety-Fire-Fact-Game/Game/FireFact/Saved/Config/Windows/Scalability.ini]
[2023.02.28-19.59.24:507][  0]LogConfig: Setting CVar [[r.LightFunctionQuality:1]]
[2023.02.28-19.59.24:507][  0]LogConfig: Setting CVar [[r.ShadowQuality:5]]
[2023.02.28-19.59.24:507][  0]LogConfig: Setting CVar [[r.Shadow.CSM.MaxCascades:10]]
[2023.02.28-19.59.24:507][  0]LogConfig: Setting CVar [[r.Shadow.MaxResolution:2048]]
[2023.02.28-19.59.24:507][  0]LogConfig: Setting CVar [[r.Shadow.MaxCSMResolution:2048]]
[2023.02.28-19.59.24:507][  0]LogConfig: Setting CVar [[r.Shadow.RadiusThreshold:0.01]]
[2023.02.28-19.59.24:507][  0]LogConfig: Setting CVar [[r.Shadow.DistanceScale:1.0]]
[2023.02.28-19.59.24:507][  0]LogConfig: Setting CVar [[r.Shadow.CSM.TransitionScale:1.0]]
[2023.02.28-19.59.24:507][  0]LogConfig: Setting CVar [[r.Shadow.PreShadowResolutionFactor:1.0]]
[2023.02.28-19.59.24:507][  0]LogConfig: Setting CVar [[r.DistanceFieldShadowing:1]]
[2023.02.28-19.59.24:507][  0]LogConfig: Setting CVar [[r.DistanceFieldAO:1]]
[2023.02.28-19.59.24:507][  0]LogConfig: Setting CVar [[r.AOQuality:2]]
[2023.02.28-19.59.24:507][  0]LogConfig: Setting CVar [[r.VolumetricFog:1]]
[2023.02.28-19.59.24:507][  0]LogConfig: Setting CVar [[r.VolumetricFog.GridPixelSize:8]]
[2023.02.28-19.59.24:507][  0]LogConfig: Setting CVar [[r.VolumetricFog.GridSizeZ:128]]
[2023.02.28-19.59.24:507][  0]LogConfig: Setting CVar [[r.VolumetricFog.HistoryMissSupersampleCount:4]]
[2023.02.28-19.59.24:507][  0]LogConfig: Setting CVar [[r.LightMaxDrawDistanceScale:1]]
[2023.02.28-19.59.24:507][  0]LogConfig: Setting CVar [[r.CapsuleShadows:1]]
[2023.02.28-19.59.24:507][  0]LogConfig: Applying CVar settings from Section [PostProcessQuality@3] File [C:/Users/pc/Documents/GitHub/Safety-Fire-Fact-Game/Game/FireFact/Saved/Config/Windows/Scalability.ini]
[2023.02.28-19.59.24:507][  0]LogConfig: Setting CVar [[r.MotionBlurQuality:4]]
[2023.02.28-19.59.24:507][  0]LogConfig: Setting CVar [[r.AmbientOcclusionMipLevelFactor:0.4]]
[2023.02.28-19.59.24:507][  0]LogConfig: Setting CVar [[r.AmbientOcclusionMaxQuality:100]]
[2023.02.28-19.59.24:507][  0]LogConfig: Setting CVar [[r.AmbientOcclusionLevels:-1]]
[2023.02.28-19.59.24:507][  0]LogConfig: Setting CVar [[r.AmbientOcclusionRadiusScale:1.0]]
[2023.02.28-19.59.24:507][  0]LogConfig: Setting CVar [[r.DepthOfFieldQuality:2]]
[2023.02.28-19.59.24:507][  0]LogConfig: Setting CVar [[r.RenderTargetPoolMin:400]]
[2023.02.28-19.59.24:507][  0]LogConfig: Setting CVar [[r.LensFlareQuality:2]]
[2023.02.28-19.59.24:507][  0]LogConfig: Setting CVar [[r.SceneColorFringeQuality:1]]
[2023.02.28-19.59.24:507][  0]LogConfig: Setting CVar [[r.EyeAdaptationQuality:2]]
[2023.02.28-19.59.24:507][  0]LogConfig: Setting CVar [[r.BloomQuality:5]]
[2023.02.28-19.59.24:507][  0]LogConfig: Setting CVar [[r.FastBlurThreshold:100]]
[2023.02.28-19.59.24:507][  0]LogConfig: Setting CVar [[r.Upscale.Quality:3]]
[2023.02.28-19.59.24:507][  0]LogConfig: Setting CVar [[r.Tonemapper.GrainQuantization:1]]
[2023.02.28-19.59.24:507][  0]LogConfig: Setting CVar [[r.LightShaftQuality:1]]
[2023.02.28-19.59.24:507][  0]LogConfig: Setting CVar [[r.Filter.SizeScale:1]]
[2023.02.28-19.59.24:507][  0]LogConfig: Setting CVar [[r.Tonemapper.Quality:5]]
[2023.02.28-19.59.24:507][  0]LogConfig: Setting CVar [[r.DOF.Gather.AccumulatorQuality:1        ; higher gathering accumulator quality]]
[2023.02.28-19.59.24:507][  0]LogConfig: Setting CVar [[r.DOF.Gather.PostfilterMethod:1          ; Median3x3 postfilering method]]
[2023.02.28-19.59.24:507][  0]LogConfig: Setting CVar [[r.DOF.Gather.EnableBokehSettings:0       ; no bokeh simulation when gathering]]
[2023.02.28-19.59.24:507][  0]LogConfig: Setting CVar [[r.DOF.Gather.RingCount:4                 ; medium number of samples when gathering]]
[2023.02.28-19.59.24:507][  0]LogConfig: Setting CVar [[r.DOF.Scatter.ForegroundCompositing:1    ; additive foreground scattering]]
[2023.02.28-19.59.24:507][  0]LogConfig: Setting CVar [[r.DOF.Scatter.BackgroundCompositing:2    ; additive background scattering]]
[2023.02.28-19.59.24:507][  0]LogConfig: Setting CVar [[r.DOF.Scatter.EnableBokehSettings:1      ; bokeh simulation when scattering]]
[2023.02.28-19.59.24:507][  0]LogConfig: Setting CVar [[r.DOF.Scatter.MaxSpriteRatio:0.1         ; only a maximum of 10% of scattered bokeh]]
[2023.02.28-19.59.24:507][  0]LogConfig: Setting CVar [[r.DOF.Recombine.Quality:1                ; cheap slight out of focus]]
[2023.02.28-19.59.24:507][  0]LogConfig: Setting CVar [[r.DOF.Recombine.EnableBokehSettings:0    ; no bokeh simulation on slight out of focus]]
[2023.02.28-19.59.24:507][  0]LogConfig: Setting CVar [[r.DOF.TemporalAAQuality:1                ; more stable temporal accumulation]]
[2023.02.28-19.59.24:507][  0]LogConfig: Setting CVar [[r.DOF.Kernel.MaxForegroundRadius:0.025]]
[2023.02.28-19.59.24:507][  0]LogConfig: Setting CVar [[r.DOF.Kernel.MaxBackgroundRadius:0.025]]
[2023.02.28-19.59.24:507][  0]LogConfig: Applying CVar settings from Section [TextureQuality@3] File [C:/Users/pc/Documents/GitHub/Safety-Fire-Fact-Game/Game/FireFact/Saved/Config/Windows/Scalability.ini]
[2023.02.28-19.59.24:507][  0]LogConfig: Setting CVar [[r.Streaming.MipBias:0]]
[2023.02.28-19.59.24:507][  0]LogConfig: Setting CVar [[r.Streaming.AmortizeCPUToGPUCopy:0]]
[2023.02.28-19.59.24:507][  0]LogConfig: Setting CVar [[r.Streaming.MaxNumTexturesToStreamPerFrame:0]]
[2023.02.28-19.59.24:507][  0]LogConfig: Setting CVar [[r.Streaming.Boost:1]]
[2023.02.28-19.59.24:507][  0]LogConfig: Setting CVar [[r.MaxAnisotropy:8]]
[2023.02.28-19.59.24:507][  0]LogConfig: Setting CVar [[r.VT.MaxAnisotropy:8]]
[2023.02.28-19.59.24:507][  0]LogConfig: Setting CVar [[r.Streaming.LimitPoolSizeToVRAM:0]]
[2023.02.28-19.59.24:507][  0]LogConfig: Setting CVar [[r.Streaming.PoolSize:1000]]
[2023.02.28-19.59.24:507][  0]LogConfig: Setting CVar [[r.Streaming.MaxEffectiveScreenSize:0]]
[2023.02.28-19.59.24:507][  0]LogConfig: Applying CVar settings from Section [EffectsQuality@3] File [C:/Users/pc/Documents/GitHub/Safety-Fire-Fact-Game/Game/FireFact/Saved/Config/Windows/Scalability.ini]
[2023.02.28-19.59.24:507][  0]LogConfig: Setting CVar [[r.TranslucencyLightingVolumeDim:64]]
[2023.02.28-19.59.24:507][  0]LogConfig: Setting CVar [[r.RefractionQuality:2]]
[2023.02.28-19.59.24:507][  0]LogConfig: Setting CVar [[r.SSR.Quality:3]]
[2023.02.28-19.59.24:507][  0]LogConfig: Setting CVar [[r.SSR.HalfResSceneColor:0]]
[2023.02.28-19.59.24:507][  0]LogConfig: Setting CVar [[r.SceneColorFormat:4]]
[2023.02.28-19.59.24:507][  0]LogConfig: Setting CVar [[r.DetailMode:2]]
[2023.02.28-19.59.24:507][  0]LogConfig: Setting CVar [[r.TranslucencyVolumeBlur:1]]
[2023.02.28-19.59.24:507][  0]LogConfig: Setting CVar [[r.MaterialQualityLevel:1 ; High quality]]
[2023.02.28-19.59.24:507][  0]LogConfig: Setting CVar [[r.AnisotropicMaterials:1]]
[2023.02.28-19.59.24:507][  0]LogConfig: Setting CVar [[r.SSS.Scale:1]]
[2023.02.28-19.59.24:507][  0]LogConfig: Setting CVar [[r.SSS.SampleSet:2]]
[2023.02.28-19.59.24:507][  0]LogConfig: Setting CVar [[r.SSS.Quality:1]]
[2023.02.28-19.59.24:507][  0]LogConfig: Setting CVar [[r.SSS.HalfRes:0]]
[2023.02.28-19.59.24:507][  0]LogConfig: Setting CVar [[r.SSGI.Quality:3]]
[2023.02.28-19.59.24:507][  0]LogConfig: Setting CVar [[r.EmitterSpawnRateScale:1.0]]
[2023.02.28-19.59.24:507][  0]LogConfig: Setting CVar [[r.ParticleLightQuality:2]]
[2023.02.28-19.59.24:507][  0]LogConfig: Setting CVar [[r.SkyAtmosphere.AerialPerspectiveLUT.FastApplyOnOpaque:1 ; Always have FastSkyLUT 1 in this case to avoid wrong sky]]
[2023.02.28-19.59.24:507][  0]LogConfig: Setting CVar [[r.SkyAtmosphere.AerialPerspectiveLUT.SampleCountMaxPerSlice:4]]
[2023.02.28-19.59.24:507][  0]LogConfig: Setting CVar [[r.SkyAtmosphere.AerialPerspectiveLUT.DepthResolution:16.0]]
[2023.02.28-19.59.24:507][  0]LogConfig: Setting CVar [[r.SkyAtmosphere.FastSkyLUT:1]]
[2023.02.28-19.59.24:507][  0]LogConfig: Setting CVar [[r.SkyAtmosphere.FastSkyLUT.SampleCountMin:4.0]]
[2023.02.28-19.59.24:507][  0]LogConfig: Setting CVar [[r.SkyAtmosphere.FastSkyLUT.SampleCountMax:128.0]]
[2023.02.28-19.59.24:507][  0]LogConfig: Setting CVar [[r.SkyAtmosphere.SampleCountMin:4.0]]
[2023.02.28-19.59.24:507][  0]LogConfig: Setting CVar [[r.SkyAtmosphere.SampleCountMax:128.0]]
[2023.02.28-19.59.24:507][  0]LogConfig: Setting CVar [[r.SkyAtmosphere.TransmittanceLUT.UseSmallFormat:0]]
[2023.02.28-19.59.24:507][  0]LogConfig: Setting CVar [[r.SkyAtmosphere.TransmittanceLUT.SampleCount:10.0]]
[2023.02.28-19.59.24:507][  0]LogConfig: Setting CVar [[r.SkyAtmosphere.MultiScatteringLUT.SampleCount:15.0]]
[2023.02.28-19.59.24:507][  0]LogConfig: Setting CVar [[r.SkyLight.RealTimeReflectionCapture:1]]
[2023.02.28-19.59.24:507][  0]LogConfig: Applying CVar settings from Section [FoliageQuality@3] File [C:/Users/pc/Documents/GitHub/Safety-Fire-Fact-Game/Game/FireFact/Saved/Config/Windows/Scalability.ini]
[2023.02.28-19.59.24:507][  0]LogConfig: Setting CVar [[foliage.DensityScale:1.0]]
[2023.02.28-19.59.24:507][  0]LogConfig: Setting CVar [[grass.DensityScale:1.0]]
[2023.02.28-19.59.24:507][  0]LogConfig: Applying CVar settings from Section [ShadingQuality@3] File [C:/Users/pc/Documents/GitHub/Safety-Fire-Fact-Game/Game/FireFact/Saved/Config/Windows/Scalability.ini]
[2023.02.28-19.59.24:508][  0]LogConfig: Setting CVar [[r.HairStrands.SkyLighting.IntegrationType:2]]
[2023.02.28-19.59.24:508][  0]LogConfig: Setting CVar [[r.HairStrands.SkyAO.SampleCount:4]]
[2023.02.28-19.59.24:508][  0]LogConfig: Setting CVar [[r.HairStrands.Visibility.MSAA.SamplePerPixel:4]]
[2023.02.28-19.59.24:508][  0]LogInit: Selected Device Profile: [Windows]
[2023.02.28-19.59.24:508][  0]LogInit: Applying CVar settings loaded from the selected device profile: [Windows]
[2023.02.28-19.59.24:508][  0]LogHAL: Display: Platform has ~ 16 GB [16557797376 / 17179869184 / 16], which maps to Larger [LargestMinGB=32, LargerMinGB=12, DefaultMinGB=8, SmallerMinGB=6, SmallestMinGB=0)
[2023.02.28-19.59.24:508][  0]LogInit: Going up to parent DeviceProfile []
[2023.02.28-19.59.24:508][  0]LogConfig: Applying CVar settings from Section [ViewDistanceQuality@3] File [C:/Users/pc/Documents/GitHub/Safety-Fire-Fact-Game/Game/FireFact/Saved/Config/Windows/Scalability.ini]
[2023.02.28-19.59.24:508][  0]LogConfig: Setting CVar [[r.SkeletalMeshLODBias:0]]
[2023.02.28-19.59.24:508][  0]LogConfig: Setting CVar [[r.ViewDistanceScale:1.0]]
[2023.02.28-19.59.24:508][  0]LogConfig: Applying CVar settings from Section [AntiAliasingQuality@3] File [C:/Users/pc/Documents/GitHub/Safety-Fire-Fact-Game/Game/FireFact/Saved/Config/Windows/Scalability.ini]
[2023.02.28-19.59.24:508][  0]LogConfig: Setting CVar [[r.PostProcessAAQuality:4]]
[2023.02.28-19.59.24:508][  0]LogConfig: Applying CVar settings from Section [ShadowQuality@3] File [C:/Users/pc/Documents/GitHub/Safety-Fire-Fact-Game/Game/FireFact/Saved/Config/Windows/Scalability.ini]
[2023.02.28-19.59.24:508][  0]LogConfig: Setting CVar [[r.LightFunctionQuality:1]]
[2023.02.28-19.59.24:508][  0]LogConfig: Setting CVar [[r.ShadowQuality:5]]
[2023.02.28-19.59.24:508][  0]LogConfig: Setting CVar [[r.Shadow.CSM.MaxCascades:10]]
[2023.02.28-19.59.24:508][  0]LogConfig: Setting CVar [[r.Shadow.MaxResolution:2048]]
[2023.02.28-19.59.24:508][  0]LogConfig: Setting CVar [[r.Shadow.MaxCSMResolution:2048]]
[2023.02.28-19.59.24:508][  0]LogConfig: Setting CVar [[r.Shadow.RadiusThreshold:0.01]]
[2023.02.28-19.59.24:508][  0]LogConfig: Setting CVar [[r.Shadow.DistanceScale:1.0]]
[2023.02.28-19.59.24:508][  0]LogConfig: Setting CVar [[r.Shadow.CSM.TransitionScale:1.0]]
[2023.02.28-19.59.24:508][  0]LogConfig: Setting CVar [[r.Shadow.PreShadowResolutionFactor:1.0]]
[2023.02.28-19.59.24:508][  0]LogConfig: Setting CVar [[r.DistanceFieldShadowing:1]]
[2023.02.28-19.59.24:508][  0]LogConfig: Setting CVar [[r.DistanceFieldAO:1]]
[2023.02.28-19.59.24:508][  0]LogConfig: Setting CVar [[r.AOQuality:2]]
[2023.02.28-19.59.24:508][  0]LogConfig: Setting CVar [[r.VolumetricFog:1]]
[2023.02.28-19.59.24:508][  0]LogConfig: Setting CVar [[r.VolumetricFog.GridPixelSize:8]]
[2023.02.28-19.59.24:508][  0]LogConfig: Setting CVar [[r.VolumetricFog.GridSizeZ:128]]
[2023.02.28-19.59.24:508][  0]LogConfig: Setting CVar [[r.VolumetricFog.HistoryMissSupersampleCount:4]]
[2023.02.28-19.59.24:508][  0]LogConfig: Setting CVar [[r.LightMaxDrawDistanceScale:1]]
[2023.02.28-19.59.24:508][  0]LogConfig: Setting CVar [[r.CapsuleShadows:1]]
[2023.02.28-19.59.24:508][  0]LogConfig: Applying CVar settings from Section [PostProcessQuality@3] File [C:/Users/pc/Documents/GitHub/Safety-Fire-Fact-Game/Game/FireFact/Saved/Config/Windows/Scalability.ini]
[2023.02.28-19.59.24:508][  0]LogConfig: Setting CVar [[r.MotionBlurQuality:4]]
[2023.02.28-19.59.24:508][  0]LogConfig: Setting CVar [[r.AmbientOcclusionMipLevelFactor:0.4]]
[2023.02.28-19.59.24:508][  0]LogConfig: Setting CVar [[r.AmbientOcclusionMaxQuality:100]]
[2023.02.28-19.59.24:508][  0]LogConfig: Setting CVar [[r.AmbientOcclusionLevels:-1]]
[2023.02.28-19.59.24:508][  0]LogConfig: Setting CVar [[r.AmbientOcclusionRadiusScale:1.0]]
[2023.02.28-19.59.24:508][  0]LogConfig: Setting CVar [[r.DepthOfFieldQuality:2]]
[2023.02.28-19.59.24:508][  0]LogConfig: Setting CVar [[r.RenderTargetPoolMin:400]]
[2023.02.28-19.59.24:508][  0]LogConfig: Setting CVar [[r.LensFlareQuality:2]]
[2023.02.28-19.59.24:508][  0]LogConfig: Setting CVar [[r.SceneColorFringeQuality:1]]
[2023.02.28-19.59.24:508][  0]LogConfig: Setting CVar [[r.EyeAdaptationQuality:2]]
[2023.02.28-19.59.24:508][  0]LogConfig: Setting CVar [[r.BloomQuality:5]]
[2023.02.28-19.59.24:508][  0]LogConfig: Setting CVar [[r.FastBlurThreshold:100]]
[2023.02.28-19.59.24:508][  0]LogConfig: Setting CVar [[r.Upscale.Quality:3]]
[2023.02.28-19.59.24:508][  0]LogConfig: Setting CVar [[r.Tonemapper.GrainQuantization:1]]
[2023.02.28-19.59.24:508][  0]LogConfig: Setting CVar [[r.LightShaftQuality:1]]
[2023.02.28-19.59.24:508][  0]LogConfig: Setting CVar [[r.Filter.SizeScale:1]]
[2023.02.28-19.59.24:508][  0]LogConfig: Setting CVar [[r.Tonemapper.Quality:5]]
[2023.02.28-19.59.24:508][  0]LogConfig: Setting CVar [[r.DOF.Gather.AccumulatorQuality:1        ; higher gathering accumulator quality]]
[2023.02.28-19.59.24:508][  0]LogConfig: Setting CVar [[r.DOF.Gather.PostfilterMethod:1          ; Median3x3 postfilering method]]
[2023.02.28-19.59.24:508][  0]LogConfig: Setting CVar [[r.DOF.Gather.EnableBokehSettings:0       ; no bokeh simulation when gathering]]
[2023.02.28-19.59.24:508][  0]LogConfig: Setting CVar [[r.DOF.Gather.RingCount:4                 ; medium number of samples when gathering]]
[2023.02.28-19.59.24:508][  0]LogConfig: Setting CVar [[r.DOF.Scatter.ForegroundCompositing:1    ; additive foreground scattering]]
[2023.02.28-19.59.24:508][  0]LogConfig: Setting CVar [[r.DOF.Scatter.BackgroundCompositing:2    ; additive background scattering]]
[2023.02.28-19.59.24:508][  0]LogConfig: Setting CVar [[r.DOF.Scatter.EnableBokehSettings:1      ; bokeh simulation when scattering]]
[2023.02.28-19.59.24:508][  0]LogConfig: Setting CVar [[r.DOF.Scatter.MaxSpriteRatio:0.1         ; only a maximum of 10% of scattered bokeh]]
[2023.02.28-19.59.24:508][  0]LogConfig: Setting CVar [[r.DOF.Recombine.Quality:1                ; cheap slight out of focus]]
[2023.02.28-19.59.24:508][  0]LogConfig: Setting CVar [[r.DOF.Recombine.EnableBokehSettings:0    ; no bokeh simulation on slight out of focus]]
[2023.02.28-19.59.24:508][  0]LogConfig: Setting CVar [[r.DOF.TemporalAAQuality:1                ; more stable temporal accumulation]]
[2023.02.28-19.59.24:508][  0]LogConfig: Setting CVar [[r.DOF.Kernel.MaxForegroundRadius:0.025]]
[2023.02.28-19.59.24:508][  0]LogConfig: Setting CVar [[r.DOF.Kernel.MaxBackgroundRadius:0.025]]
[2023.02.28-19.59.24:508][  0]LogConfig: Applying CVar settings from Section [TextureQuality@3] File [C:/Users/pc/Documents/GitHub/Safety-Fire-Fact-Game/Game/FireFact/Saved/Config/Windows/Scalability.ini]
[2023.02.28-19.59.24:508][  0]LogConfig: Setting CVar [[r.Streaming.MipBias:0]]
[2023.02.28-19.59.24:508][  0]LogConfig: Setting CVar [[r.Streaming.AmortizeCPUToGPUCopy:0]]
[2023.02.28-19.59.24:508][  0]LogConfig: Setting CVar [[r.Streaming.MaxNumTexturesToStreamPerFrame:0]]
[2023.02.28-19.59.24:508][  0]LogConfig: Setting CVar [[r.Streaming.Boost:1]]
[2023.02.28-19.59.24:508][  0]LogConfig: Setting CVar [[r.MaxAnisotropy:8]]
[2023.02.28-19.59.24:508][  0]LogConfig: Setting CVar [[r.VT.MaxAnisotropy:8]]
[2023.02.28-19.59.24:508][  0]LogConfig: Setting CVar [[r.Streaming.LimitPoolSizeToVRAM:0]]
[2023.02.28-19.59.24:508][  0]LogConfig: Setting CVar [[r.Streaming.PoolSize:1000]]
[2023.02.28-19.59.24:508][  0]LogConfig: Setting CVar [[r.Streaming.MaxEffectiveScreenSize:0]]
[2023.02.28-19.59.24:508][  0]LogConfig: Applying CVar settings from Section [EffectsQuality@3] File [C:/Users/pc/Documents/GitHub/Safety-Fire-Fact-Game/Game/FireFact/Saved/Config/Windows/Scalability.ini]
[2023.02.28-19.59.24:508][  0]LogConfig: Setting CVar [[r.TranslucencyLightingVolumeDim:64]]
[2023.02.28-19.59.24:508][  0]LogConfig: Setting CVar [[r.RefractionQuality:2]]
[2023.02.28-19.59.24:508][  0]LogConfig: Setting CVar [[r.SSR.Quality:3]]
[2023.02.28-19.59.24:508][  0]LogConfig: Setting CVar [[r.SSR.HalfResSceneColor:0]]
[2023.02.28-19.59.24:508][  0]LogConfig: Setting CVar [[r.SceneColorFormat:4]]
[2023.02.28-19.59.24:508][  0]LogConfig: Setting CVar [[r.DetailMode:2]]
[2023.02.28-19.59.24:508][  0]LogConfig: Setting CVar [[r.TranslucencyVolumeBlur:1]]
[2023.02.28-19.59.24:508][  0]LogConfig: Setting CVar [[r.MaterialQualityLevel:1 ; High quality]]
[2023.02.28-19.59.24:508][  0]LogConfig: Setting CVar [[r.AnisotropicMaterials:1]]
[2023.02.28-19.59.24:508][  0]LogConfig: Setting CVar [[r.SSS.Scale:1]]
[2023.02.28-19.59.24:508][  0]LogConfig: Setting CVar [[r.SSS.SampleSet:2]]
[2023.02.28-19.59.24:508][  0]LogConfig: Setting CVar [[r.SSS.Quality:1]]
[2023.02.28-19.59.24:508][  0]LogConfig: Setting CVar [[r.SSS.HalfRes:0]]
[2023.02.28-19.59.24:508][  0]LogConfig: Setting CVar [[r.SSGI.Quality:3]]
[2023.02.28-19.59.24:508][  0]LogConfig: Setting CVar [[r.EmitterSpawnRateScale:1.0]]
[2023.02.28-19.59.24:508][  0]LogConfig: Setting CVar [[r.ParticleLightQuality:2]]
[2023.02.28-19.59.24:508][  0]LogConfig: Setting CVar [[r.SkyAtmosphere.AerialPerspectiveLUT.FastApplyOnOpaque:1 ; Always have FastSkyLUT 1 in this case to avoid wrong sky]]
[2023.02.28-19.59.24:509][  0]LogConfig: Setting CVar [[r.SkyAtmosphere.AerialPerspectiveLUT.SampleCountMaxPerSlice:4]]
[2023.02.28-19.59.24:509][  0]LogConfig: Setting CVar [[r.SkyAtmosphere.AerialPerspectiveLUT.DepthResolution:16.0]]
[2023.02.28-19.59.24:509][  0]LogConfig: Setting CVar [[r.SkyAtmosphere.FastSkyLUT:1]]
[2023.02.28-19.59.24:509][  0]LogConfig: Setting CVar [[r.SkyAtmosphere.FastSkyLUT.SampleCountMin:4.0]]
[2023.02.28-19.59.24:509][  0]LogConfig: Setting CVar [[r.SkyAtmosphere.FastSkyLUT.SampleCountMax:128.0]]
[2023.02.28-19.59.24:509][  0]LogConfig: Setting CVar [[r.SkyAtmosphere.SampleCountMin:4.0]]
[2023.02.28-19.59.24:509][  0]LogConfig: Setting CVar [[r.SkyAtmosphere.SampleCountMax:128.0]]
[2023.02.28-19.59.24:509][  0]LogConfig: Setting CVar [[r.SkyAtmosphere.TransmittanceLUT.UseSmallFormat:0]]
[2023.02.28-19.59.24:509][  0]LogConfig: Setting CVar [[r.SkyAtmosphere.TransmittanceLUT.SampleCount:10.0]]
[2023.02.28-19.59.24:509][  0]LogConfig: Setting CVar [[r.SkyAtmosphere.MultiScatteringLUT.SampleCount:15.0]]
[2023.02.28-19.59.24:509][  0]LogConfig: Setting CVar [[r.SkyLight.RealTimeReflectionCapture:1]]
[2023.02.28-19.59.24:509][  0]LogConfig: Applying CVar settings from Section [FoliageQuality@3] File [C:/Users/pc/Documents/GitHub/Safety-Fire-Fact-Game/Game/FireFact/Saved/Config/Windows/Scalability.ini]
[2023.02.28-19.59.24:509][  0]LogConfig: Setting CVar [[foliage.DensityScale:1.0]]
[2023.02.28-19.59.24:509][  0]LogConfig: Setting CVar [[grass.DensityScale:1.0]]
[2023.02.28-19.59.24:509][  0]LogConfig: Applying CVar settings from Section [ShadingQuality@3] File [C:/Users/pc/Documents/GitHub/Safety-Fire-Fact-Game/Game/FireFact/Saved/Config/Windows/Scalability.ini]
[2023.02.28-19.59.24:509][  0]LogConfig: Setting CVar [[r.HairStrands.SkyLighting.IntegrationType:2]]
[2023.02.28-19.59.24:509][  0]LogConfig: Setting CVar [[r.HairStrands.SkyAO.SampleCount:4]]
[2023.02.28-19.59.24:509][  0]LogConfig: Setting CVar [[r.HairStrands.Visibility.MSAA.SamplePerPixel:4]]
[2023.02.28-19.59.24:509][  0]LogConfig: Applying CVar settings from Section [Startup] File [../../../Engine/Config/ConsoleVariables.ini]
[2023.02.28-19.59.24:510][  0]LogConfig: Setting CVar [[net.UseAdaptiveNetUpdateFrequency:0]]
[2023.02.28-19.59.24:510][  0]LogConfig: Setting CVar [[p.chaos.AllowCreatePhysxBodies:1]]
[2023.02.28-19.59.24:510][  0]LogConfig: Setting CVar [[fx.SkipVectorVMBackendOptimizations:1]]
[2023.02.28-19.59.24:510][  0]LogConfig: Applying CVar settings from Section [ConsoleVariables] File [C:/Users/pc/Documents/GitHub/Safety-Fire-Fact-Game/Game/FireFact/Saved/Config/Windows/Engine.ini]
[2023.02.28-19.59.24:510][  0]LogConfig: Applying CVar settings from Section [ConsoleVariables] File [C:/Users/pc/Documents/GitHub/Safety-Fire-Fact-Game/Game/FireFact/Saved/Config/Windows/Editor.ini]
[2023.02.28-19.59.24:510][  0]LogInit: Computer: LAPTOP-BKLKI5BN
[2023.02.28-19.59.24:510][  0]LogInit: User: pc
[2023.02.28-19.59.24:510][  0]LogInit: CPU Page size=4096, Cores=8
[2023.02.28-19.59.24:510][  0]LogInit: High frequency timer resolution =10.000000 MHz
[2023.02.28-19.59.24:510][  0]LogMemory: Memory total: Physical=15.4GB (16GB approx)
[2023.02.28-19.59.24:510][  0]LogMemory: Platform Memory Stats for Windows
[2023.02.28-19.59.24:510][  0]LogMemory: Process Physical Memory: 149.88 MB used, 149.88 MB peak
[2023.02.28-19.59.24:510][  0]LogMemory: Process Virtual Memory: 131.37 MB used, 131.37 MB peak
[2023.02.28-19.59.24:510][  0]LogMemory: Physical Memory: 11710.25 MB used,  4080.50 MB free, 15790.75 MB total
[2023.02.28-19.59.24:510][  0]LogMemory: Virtual Memory: 134212984.00 MB used,  4743.56 MB free, 134217728.00 MB total
[2023.02.28-19.59.24:518][  0]LogWindows: WindowsPlatformFeatures enabled
[2023.02.28-19.59.24:603][  0]LogInit: Physics initialised using underlying interface: PhysX
[2023.02.28-19.59.24:603][  0]LogInit: Using OS detected language (en-US).
[2023.02.28-19.59.24:603][  0]LogInit: Using OS detected locale (en-US).
[2023.02.28-19.59.24:612][  0]LogTextLocalizationManager: No specific localization for 'en-US' exists, so the 'en' localization will be used.
[2023.02.28-19.59.25:063][  0]LogWindowsTextInputMethodSystem: Display: IME system deactivated.
[2023.02.28-19.59.25:093][  0]LogSlate: New Slate User Created.  User Index 0, Is Virtual User: 0
[2023.02.28-19.59.25:093][  0]LogSlate: Slate User Registered.  User Index 0, Is Virtual User: 0
[2023.02.28-19.59.25:112][  0]LogD3D11RHI: Loaded GFSDK_Aftermath_Lib.x64.dll
[2023.02.28-19.59.25:160][  0]LogHMD: Failed to initialize OpenVR with code 110
[2023.02.28-19.59.25:160][  0]LogD3D11RHI: D3D11 min allowed feature level: 11_0
[2023.02.28-19.59.25:160][  0]LogD3D11RHI: D3D11 max allowed feature level: 11_0
[2023.02.28-19.59.25:160][  0]LogD3D11RHI: D3D11 adapters:
[2023.02.28-19.59.25:288][  0]LogD3D11RHI:    0. 'NVIDIA GeForce RTX 3050 Laptop GPU' (Feature Level 11_0)
[2023.02.28-19.59.25:288][  0]LogD3D11RHI:       3977/0/7895 MB DedicatedVideo/DedicatedSystem/SharedSystem, Outputs:1, VendorId:0x10de
[2023.02.28-19.59.25:338][  0]LogD3D11RHI:    1. 'AMD Radeon(TM) Graphics' (Feature Level 11_0)
[2023.02.28-19.59.25:338][  0]LogD3D11RHI:       495/0/7895 MB DedicatedVideo/DedicatedSystem/SharedSystem, Outputs:0, VendorId:0x1002
[2023.02.28-19.59.25:341][  0]LogD3D11RHI:    2. 'Microsoft Basic Render Driver' (Feature Level 11_0)
[2023.02.28-19.59.25:341][  0]LogD3D11RHI:       0/0/7895 MB DedicatedVideo/DedicatedSystem/SharedSystem, Outputs:0, VendorId:0x1414
[2023.02.28-19.59.25:341][  0]LogD3D11RHI: Chosen D3D11 Adapter:
[2023.02.28-19.59.25:341][  0]LogD3D11RHI:     Description : NVIDIA GeForce RTX 3050 Laptop GPU
[2023.02.28-19.59.25:341][  0]LogD3D11RHI:     VendorId    : 10de
[2023.02.28-19.59.25:341][  0]LogD3D11RHI:     DeviceId    : 25a2
[2023.02.28-19.59.25:341][  0]LogD3D11RHI:     SubSysId    : 11dc1043
[2023.02.28-19.59.25:341][  0]LogD3D11RHI:     Revision    : 00a1
[2023.02.28-19.59.25:341][  0]LogD3D11RHI:     DedicatedVideoMemory : 4170186752 bytes
[2023.02.28-19.59.25:341][  0]LogD3D11RHI:     DedicatedSystemMemory : 0 bytes
[2023.02.28-19.59.25:341][  0]LogD3D11RHI:     SharedSystemMemory : 8278898688 bytes
[2023.02.28-19.59.25:341][  0]LogD3D11RHI:     AdapterLuid : 0 71990
[2023.02.28-19.59.25:352][  0]LogD3D11RHI: Creating new Direct3DDevice
[2023.02.28-19.59.25:352][  0]LogD3D11RHI:     GPU DeviceId: 0x25a2 (for the marketing name, search the web for "GPU Device Id")
[2023.02.28-19.59.25:352][  0]LogWindows: EnumDisplayDevices:
[2023.02.28-19.59.25:353][  0]LogWindows:    0. 'AMD Radeon(TM) Graphics' (P:1 D:1)
[2023.02.28-19.59.25:353][  0]LogWindows:    1. 'AMD Radeon(TM) Graphics' (P:0 D:0)
[2023.02.28-19.59.25:353][  0]LogWindows:    2. 'AMD Radeon(TM) Graphics' (P:0 D:0)
[2023.02.28-19.59.25:353][  0]LogWindows:    3. 'NVIDIA GeForce RTX 3050 Laptop GPU' (P:0 D:0)
[2023.02.28-19.59.25:353][  0]LogWindows:    4. 'NVIDIA GeForce RTX 3050 Laptop GPU' (P:0 D:0)
[2023.02.28-19.59.25:355][  0]LogWindows:    5. 'NVIDIA GeForce RTX 3050 Laptop GPU' (P:0 D:0)
[2023.02.28-19.59.25:355][  0]LogWindows:    6. 'NVIDIA GeForce RTX 3050 Laptop GPU' (P:0 D:0)
[2023.02.28-19.59.25:355][  0]LogWindows: DebugString: PrimaryIsNotTheChoosenAdapter PrimaryIsNotTheChoosenAdapter PrimaryIsNotTheChoosenAdapter FoundDriverCount:4 
[2023.02.28-19.59.25:355][  0]LogD3D11RHI:     Adapter Name: NVIDIA GeForce RTX 3050 Laptop GPU
[2023.02.28-19.59.25:355][  0]LogD3D11RHI:   Driver Version: 528.24 (internal:31.0.15.2824, unified:528.24)
[2023.02.28-19.59.25:355][  0]LogD3D11RHI:      Driver Date: 1-15-2023
[2023.02.28-19.59.25:355][  0]LogRHI: Texture pool is 2783 MB (70% of 3977 MB)
[2023.02.28-19.59.25:355][  0]LogD3D11RHI: Creating D3DDevice using adapter:
[2023.02.28-19.59.25:355][  0]LogD3D11RHI:     Description : NVIDIA GeForce RTX 3050 Laptop GPU
[2023.02.28-19.59.25:355][  0]LogD3D11RHI:     VendorId    : 10de
[2023.02.28-19.59.25:355][  0]LogD3D11RHI:     DeviceId    : 25a2
[2023.02.28-19.59.25:355][  0]LogD3D11RHI:     SubSysId    : 11dc1043
[2023.02.28-19.59.25:355][  0]LogD3D11RHI:     Revision    : 00a1
[2023.02.28-19.59.25:355][  0]LogD3D11RHI:     DedicatedVideoMemory : 4170186752 bytes
[2023.02.28-19.59.25:355][  0]LogD3D11RHI:     DedicatedSystemMemory : 0 bytes
[2023.02.28-19.59.25:355][  0]LogD3D11RHI:     SharedSystemMemory : 8278898688 bytes
[2023.02.28-19.59.25:355][  0]LogD3D11RHI:     AdapterLuid : 0 71990
[2023.02.28-19.59.25:432][  0]LogD3D11RHI: RHI has support for 64 bit atomics
[2023.02.28-19.59.25:432][  0]LogD3D11RHI: Async texture creation enabled
[2023.02.28-19.59.25:432][  0]LogD3D11RHI: Array index from any shader is supported
[2023.02.28-19.59.25:465][  0]LogD3D11RHI: GPU Timing Frequency: 1000.000000 (Debug: 2 1)
[2023.02.28-19.59.25:512][  0]LogRHI: GeForceNow SDK initialized: 1
[2023.02.28-19.59.25:932][  0]LogTargetPlatformManager: Display: Loaded TargetPlatform 'WindowsNoEditor'
[2023.02.28-19.59.25:939][  0]LogTargetPlatformManager: Display: Loaded TargetPlatform 'Windows'
[2023.02.28-19.59.25:948][  0]LogTargetPlatformManager: Display: Loaded TargetPlatform 'WindowsClient'
[2023.02.28-19.59.25:959][  0]LogTargetPlatformManager: Display: Loaded TargetPlatform 'WindowsServer'
[2023.02.28-19.59.25:959][  0]LogTargetPlatformManager: Display: Building Assets For Windows
[2023.02.28-19.59.25:975][  0]LogAudioDebug: Display: Lib vorbis DLL was dynamically loaded.
[2023.02.28-19.59.26:039][  0]LogTextureFormatOodle: Display: Oodle Texture 2.9.0 init RDO Off
[2023.02.28-19.59.26:111][  0]LogRendererCore: Ray tracing is disabled. Reason: r.RayTracing=0.
[2023.02.28-19.59.26:112][  0]LogShaderCompilers: Guid format shader working directory is -37 characters bigger than the processId version (../../../../../../Users/pc/Documents/GitHub/Safety-Fire-Fact-Game/Game/FireFact/Intermediate/Shaders/WorkingDirectory/42104/).
[2023.02.28-19.59.26:112][  0]LogShaderCompilers: Cleaned the shader compiler working directory 'C:/Users/pc/AppData/Local/Temp/UnrealShaderWorkingDir/9DD5E4ED4207556EC666DE962BDDAE93/'.
[2023.02.28-19.59.26:112][  0]LogXGEController: Cannot use XGE Controller as Incredibuild is not installed on this machine.
[2023.02.28-19.59.26:112][  0]LogShaderCompilers: Cannot use XGE Shader Compiler as Incredibuild is not installed on this machine.
[2023.02.28-19.59.26:112][  0]LogShaderCompilers: Display: Using Local Shader Compiler.
[2023.02.28-19.59.26:979][  0]LogDerivedDataCache: Display: Max Cache Size: 512 MB
[2023.02.28-19.59.27:099][  0]LogDerivedDataCache: Loaded boot cache 0.12s 94MB C:/Users/pc/AppData/Local/UnrealEngine/4.27/DerivedDataCache/Boot.ddc.
[2023.02.28-19.59.27:099][  0]LogDerivedDataCache: Display: Loaded Boot cache: C:/Users/pc/AppData/Local/UnrealEngine/4.27/DerivedDataCache/Boot.ddc
[2023.02.28-19.59.27:099][  0]LogDerivedDataCache: FDerivedDataBackendGraph:  Pak pak cache file ../../../../../../Users/pc/Documents/GitHub/Safety-Fire-Fact-Game/Game/FireFact/DerivedDataCache/DDC.ddp not found, will not use a pak cache.
[2023.02.28-19.59.27:099][  0]LogDerivedDataCache: Unable to find inner node Pak for hierarchical cache Hierarchy.
[2023.02.28-19.59.27:100][  0]LogDerivedDataCache: FDerivedDataBackendGraph:  CompressedPak pak cache file ../../../../../../Users/pc/Documents/GitHub/Safety-Fire-Fact-Game/Game/FireFact/DerivedDataCache/Compressed.ddp not found, will not use a pak cache.
[2023.02.28-19.59.27:100][  0]LogDerivedDataCache: Unable to find inner node CompressedPak for hierarchical cache Hierarchy.
[2023.02.28-19.59.27:120][  0]LogDerivedDataCache: Display: Pak cache opened for reading ../../../Engine/DerivedDataCache/Compressed.ddp.
[2023.02.28-19.59.27:120][  0]LogDerivedDataCache: FDerivedDataBackendGraph:  EnterprisePak pak cache file ../../../Enterprise/DerivedDataCache/Compressed.ddp not found, will not use a pak cache.
[2023.02.28-19.59.27:120][  0]LogDerivedDataCache: Unable to find inner node EnterprisePak for hierarchical cache Hierarchy.
[2023.02.28-19.59.27:143][  0]LogDerivedDataCache: Speed tests for C:/Users/pc/AppData/Local/UnrealEngine/Common/DerivedDataCache took 0.02 seconds
[2023.02.28-19.59.27:143][  0]LogDerivedDataCache: Display: Performance to C:/Users/pc/AppData/Local/UnrealEngine/Common/DerivedDataCache: Latency=0.07ms. RandomReadSpeed=92.77MBs, RandomWriteSpeed=80.03MBs. Assigned SpeedClass 'Local'
[2023.02.28-19.59.27:143][  0]LogDerivedDataCache: Using Local data cache path C:/Users/pc/AppData/Local/UnrealEngine/Common/DerivedDataCache: Writable
[2023.02.28-19.59.27:144][  0]LogDerivedDataCache: Shared data cache path not found in *engine.ini, will not use an Shared cache.
[2023.02.28-19.59.27:144][  0]LogDerivedDataCache: Unable to find inner node Shared for hierarchical cache Hierarchy.
[2023.02.28-19.59.27:179][  0]LogSlate: Using FreeType 2.10.0
[2023.02.28-19.59.27:181][  0]LogSlate: SlateFontServices - WITH_FREETYPE: 1, WITH_HARFBUZZ: 1
[2023.02.28-19.59.27:345][  0]LogInit: Using OS detected language (en-US).
[2023.02.28-19.59.27:345][  0]LogInit: Using OS detected locale (en-US).
[2023.02.28-19.59.27:345][  0]LogTextLocalizationManager: No localization for 'en-US' exists, so 'en' will be used for the language.
[2023.02.28-19.59.27:345][  0]LogTextLocalizationManager: No localization for 'en-US' exists, so 'en' will be used for the locale.
[2023.02.28-19.59.27:345][  0]LogSlate: FontCache flush requested. Reason: Culture for localization was changed
[2023.02.28-19.59.27:345][  0]LogSlate: FontCache flush requested. Reason: Culture for localization was changed
[2023.02.28-19.59.27:350][  0]LogTextLocalizationManager: Compacting localization data took   0.01ms
[2023.02.28-19.59.27:350][  0]LogAssetRegistry: FAssetRegistry took 0.0029 seconds to start up
[2023.02.28-19.59.27:524][  0]LogPackageLocalizationCache: Processed 27 localized package path(s) for 1 prioritized culture(s) in 0.001128 seconds
[2023.02.28-19.59.27:605][  0]LogInit: Selected Device Profile: [Windows]
[2023.02.28-19.59.27:605][  0]LogInit: Active device profile: [00000187FD155100][00000187EF7F34C0 49] Windows
[2023.02.28-19.59.27:605][  0]LogInit: Profiles: [00000187FD155100][00000187EF7F34C0 49] Windows, [00000187FD122500][00000187EF7FB640 49] WindowsNoEditor, [00000187FD156200][00000187EF7F7780 49] WindowsServer, [00000187FD121700][00000187EF7FF8C0 49] WindowsClient, [00000187FD155700][00000187EF803A00 49] IOS, [00000187FD122700][00000187EF807B40 49] iPadAir, [00000187FD157C00][00000187EF80E140 49] iPadAir2, [00000187FD0B9400][00000187EF816400 49] IPadPro, [00000187FD0B9500][00000187EF812440 49] iPadAir3, [00000187FD123800][00000187EF81A5C0 49] iPadAir4, [00000187FD0BA300][00000187EF81E740 49] iPadMini2, [00000187FD122F00][00000187EF8228C0 49] iPadMini3, [00000187FD0BAF00][00000187EF826A40 49] iPadMini4, [00000187FD121C00][00000187EF8E0BC0 49] iPadMini5, [00000187FD0FD000][00000187EF8E8E80 49] iPhone6, [00000187FD0FD100][00000187EF8E4EC0 49] iPodTouch6, [00000187FD157900][00000187EF8F1180 49] iPhone7, [00000187FD156900][00000187EF8ED1C0 49] iPodTouch7, [00000187FD0B9000][00000187EF8F5340 49] iPhone5S, [00000187FD156F00][00000187EF8F94C0 49] iPhone6Plus, [00000187FD0BB600][00000187EF8FD640 49] iPhone6S, [00000187FD154C00][00000187EF9017C0 49] iPhone6SPlus, [00000187FD155D00][00000187EF80B900 49] iPhone7Plus, [00000187FD0FC800][00000187EF905A40 49] iPhoneSE, [00000187FD154400][00000187EF909B80 49] iPhone8, [00000187FD0FC900][00000187EF90C140 49] iPhone8Plus, [00000187FD0FEE00][00000187EF9142C0 49] iPhoneX, [00000187FD0B9D00][00000187EF918440 49] iPhoneXS, [00000187FD0FE700][00000187EF91C5C0 49] iPhoneXSMax, [00000187FD0B9C00][00000187EF920740 49] iPhoneXR, [00000187FD0FE800][00000187EF9248C0 49] iPhone11, [00000187FD0B8F00][00000187EF928A40 49] iPhone11Pro, [00000187FD0FCB00][00000187FD562BC0 49] iPhone11ProMax, [00000187FD0B8D00][00000187FD566D40 49] iPhoneSE2, [00000187FD0FCE00][00000187FD56AEC0 49] iPhone12Mini, [00000187FD157800][00000187FD56F040 49] iPhone12, [00000187FD0FF000][00000187FD5731C0 49] iPhone12Pro, [00000187FD157700][00000187FD577340 49] iPhone12ProMax, [00000187FD0FDE00][00000187FD57B4C0 49] iPadPro105, [00000187FD155300][00000187FD57F640 49] iPadPro129, [00000187FD0FFE00][00000187FD5837C0 49] iPadPro97, [00000187FD155C00][00000187FD587940 49] iPadPro2_129, [00000187FD0FE000][00000187FD58BAC0 49] iPad5, [00000187FD156300][00000187EF911C00 49] iPad6, [00000187FD0FFB00][00000187FD58E1C0 49] iPad7, [00000187FD155E00][00000187FD592300 49] iPad8, [00000187FD0FE900][00000187FD59A480 49] iPadPro11, [00000187FD156600][00000187FD59E600 49] iPadPro2_11, [00000187FD0FCF00][00000187FD5A2780 49] iPadPro3_129, [00000187FD154200][00000187FD5A6900 49] iPadPro4_129, [00000187FD0FFC00][00000187FD5AAA80 49] AppleTV, [00000187FD155A00][00000187FD5AEC00 49] AppleTV4K, [00000187FD0FE100][00000187FD5B2D80 49] TVOS, [00000187FD154F00][00000187FD5B6F00 49] Mac, [00000187FD0FEF00][00000187FD5BB080 49] MacClient, [00000187FD157E00][00000187FD5BF200 49] MacNoEditor, [00000187FD0FEC00][00000187FD5C3380 49] MacServer, [00000187FD156700][00000187FD5C7500 49] Linux, [00000187FD0FC400][00000187FD5CB680 49] LinuxAArch64, [00000187FD154700][00000187FD5CF800 49] LinuxNoEditor, [00000187FD0FF700][00000187FD5D3980 49] LinuxAArch64NoEditor, [00000187FD157B00][00000187FD5D7B00 49] LinuxClient, [00000187FD0FF400][00000187FD5DA100 49] LinuxAArch64Client, [00000187FD155B00][00000187FD596240 49] LinuxServer, [00000187FD0FC700][00000187FD5DE380 49] LinuxAArch64Server, [00000187FD157300][00000187FD5E24C0 49] Android, [00000187FD0FEA00][00000187FD5EA640 49] Android_Low, [00000187FD156E00][00000187FD5EE7C0 49] Android_Mid, [00000187FD0FDF00][00000187FD5F2940 49] Android_High, [00000187FD155900][00000187FD5F6AC0 49] Android_Default, [00000187FD0FC100][00000187FD5FAC40 49] Android_Adreno4xx, [00000187FD154600][00000187FD5FEDC0 49] Android_Adreno5xx_Low, [00000187FD0FD400][00000187FD602F40 49] Android_Adreno5xx, [00000187FD157400][00000187FD6070C0 49] Android_Adreno6xx, [00000187FD0FE400][00000187FD60B240 49] Android_Adreno6xx_Vulkan, [00000187FD156D00][00000187FD60F3C0 49] Android_Mali_T6xx, [00000187FD0FC600][00000187FD613540 49] Android_Mali_T7xx, [00000187FD154500][00000187FD6176C0 49] Android_Mali_T8xx, [00000187FD0FC200][00000187FD61B840 49] Android_Mali_G71, [00000187FD0BB100][00000187FD61F9C0 49] Android_Mali_G72, [00000187FD122D00][00000187FD623B40 49] Android_Mali_G72_Vulkan, [00000187FD0BAB00][00000187FD626140 49] Android_Mali_G76, [00000187FD120500][00000187FD62A2C0 49] Android_Mali_G76_Vulkan, [00000187FD0B8C00][00000187FD5E6400 49] Android_Mali_G77, [00000187FD120600][00000187FD62E540 49] Android_Mali_G77_Vulkan, [00000187FD0BA400][00000187FD632680 49] Android_Mali_G78, [00000187FD120D00][00000187FD6367C0 49] Android_Mali_G78_Vulkan, [00000187FD0BBD00][00000187EFB8E940 49] Android_Mali_G710, [00000187FD122900][00000187EFB92AC0 49] Android_Mali_G710_Vulkan, [00000187FD0BAA00][00000187EFB96C40 49] Android_Vulkan_SM5, [00000187FD121800][00000187EFB9ADC0 49] Android_PowerVR_G6xxx, [00000187FD0B8500][00000187EFB9EF40 49] Android_PowerVR_GT7xxx, [00000187FD120200][00000187EFBA30C0 49] Android_PowerVR_GE8xxx, [00000187FD0BBB00][00000187EFBA7240 49] Android_PowerVR_GM9xxx, [00000187FD121F00][00000187EFBAB3C0 49] Android_PowerVR_GM9xxx_Vulkan, [00000187FD0B9F00][00000187DA43F540 49] Android_TegraK1, [00000187FD120A00][00000187DA4436C0 49] Android_Unknown_Vulkan, [00000187FD0BB900][00000187DA447840 49] Lumin, [00000187FD121100][00000187DA44B9C0 49] Lumin_Desktop, [00000187FD0BA000][00000187DA44FB40 49] HoloLens, 
[2023.02.28-19.59.27:674][  0]LogMeshReduction: Using QuadricMeshReduction for automatic static mesh reduction
[2023.02.28-19.59.27:674][  0]LogMeshReduction: Using SimplygonMeshReduction for automatic skeletal mesh reduction
[2023.02.28-19.59.27:674][  0]LogMeshReduction: Using ProxyLODMeshReduction for automatic mesh merging
[2023.02.28-19.59.27:674][  0]LogMeshReduction: No distributed automatic mesh merging module available
[2023.02.28-19.59.27:674][  0]LogMeshMerging: No distributed automatic mesh merging module available
[2023.02.28-19.59.27:769][  0]LogNetVersion: FireFact 1.0.0, NetCL: 17155196, EngineNetVer: 17, GameNetVer: 0 (Checksum: 2317815844)
[2023.02.28-19.59.28:056][  0]LogTexture: Default maximum texture size for cubemaps generated from long-lat sources has been changed from 512 to unlimited. In order to preserve old behaiour for '/Engine/MapTemplates/Sky/DaylightAmbientCubemap.DaylightAmbientCubemap', its maximum texture size has been explicitly set to 512.
[2023.02.28-19.59.28:122][  0]LogHMD: PokeAHoleMaterial loaded successfully
[2023.02.28-19.59.28:302][  0]LogMoviePlayer: Initializing movie player
[2023.02.28-19.59.28:451][  0]LogNiagaraDebuggerClient: Niagara Debugger Client Initialized | Session: BA782C894FA3AB0E35FA6CA67E059A25 | Instance: 19AF13974FDB78E4B7E6DFBBB361236B (LAPTOP-BKLKI5BN-42104).
[2023.02.28-19.59.28:480][  0]LogCollectionManager: Loaded 0 collections in 0.001875 seconds
[2023.02.28-19.59.28:485][  0]LogFileCache: Scanning file cache for directory 'C:/Users/pc/Documents/GitHub/Safety-Fire-Fact-Game/Game/FireFact/Saved/Collections/' took 0.00s
[2023.02.28-19.59.28:485][  0]LogFileCache: Scanning file cache for directory 'C:/Users/pc/Documents/GitHub/Safety-Fire-Fact-Game/Game/FireFact/Content/Developers/pc/Collections/' took 0.00s
[2023.02.28-19.59.28:485][  0]LogCollectionManager: Fixed up redirectors for 0 collections in 0.000002 seconds (updated 0 objects)
[2023.02.28-19.59.28:510][  0]LogFileCache: Scanning file cache for directory 'C:/Users/pc/Documents/GitHub/Safety-Fire-Fact-Game/Game/FireFact/Content/Collections/' took 0.00s
[2023.02.28-19.59.28:510][  0]LogPython: Using Python 3.7.7
[2023.02.28-19.59.29:076][  0]LogTcpMessaging: Initializing TcpMessaging bridge
[2023.02.28-19.59.29:084][  0]LogUdpMessaging: Initializing bridge on interface 0.0.0.0:0 to multicast group 230.0.0.1:6666.
[2023.02.28-19.59.29:225][  0]SourceControl: Source control is disabled
[2023.02.28-19.59.29:225][  0]SourceControl: Source control is disabled
[2023.02.28-19.59.29:230][  0]SourceControl: Source control is disabled
[2023.02.28-19.59.29:245][  0]LogUProjectInfo: Found projects:
[2023.02.28-19.59.29:246][  0]LogVSAccessor: Display: Unable to create Visual Studio setup instance: 80040154
[2023.02.28-19.59.29:246][  0]LogVSAccessor: Display: Unable to create Visual Studio setup instance: 80040154
[2023.02.28-19.59.29:247][  0]LogVSAccessor: Display: Unable to create Visual Studio setup instance: 80040154
[2023.02.28-19.59.29:361][  0]LogOpenImageDenoise: OIDN starting up
[2023.02.28-19.59.29:427][  0]LogAndroidPermission: UAndroidPermissionCallbackProxy::GetInstance
[2023.02.28-19.59.29:445][  0]LogAudioCaptureCore: Display: No Audio Capture implementations found. Audio input will be silent.
[2023.02.28-19.59.29:445][  0]LogAudioCaptureCore: Display: No Audio Capture implementations found. Audio input will be silent.
[2023.02.28-19.59.29:555][  0]LogOcInput: OculusInput pre-init called
[2023.02.28-19.59.29:565][  0]LogUObjectArray: 22121 objects as part of root set at end of initial load.
[2023.02.28-19.59.29:565][  0]LogUObjectAllocator: 5975632 out of 0 bytes used by permanent object pool.
[2023.02.28-19.59.29:565][  0]LogUObjectArray: CloseDisregardForGC: 0/0 objects in disregard for GC pool
[2023.02.28-19.59.29:632][  0]LogEngine: Initializing Engine...
[2023.02.28-19.59.29:635][  0]LogHMD: Failed to enumerate extensions. Please check that you have a valid OpenXR runtime installed.
[2023.02.28-19.59.29:636][  0]LogHMD: Failed to initialize OpenVR with code 110
[2023.02.28-19.59.29:636][  0]LogMagicLeap: Warning: VR disabled because ZI is not enabled.  To enable, in the editor, Edit -> Project Settings -> Plugins -> Magic Leap Plugin -> Enable Zero Iteration
[2023.02.28-19.59.29:638][  0]LogStats: UGameplayTagsManager::InitializeManager -  0.000 s
[2023.02.28-19.59.29:786][  0]LogInit: Initializing FReadOnlyCVARCache
[2023.02.28-19.59.29:786][  0]LogAudio: Display: Initializing Audio Device Manager...
[2023.02.28-19.59.29:798][  0]LogAudio: Display: Loading Default Audio Settings Objects...
[2023.02.28-19.59.29:799][  0]LogAudio: Display: No default SoundConcurrencyObject specified (or failed to load).
[2023.02.28-19.59.29:800][  0]LogAudio: Display: Audio Device Manager Initialized
[2023.02.28-19.59.29:800][  0]LogAudio: Display: Creating Audio Device:                 Id: 1, Scope: Shared, Realtime: True
[2023.02.28-19.59.29:801][  0]LogAudioMixer: Display: Audio Mixer Platform Settings:
[2023.02.28-19.59.29:801][  0]LogAudioMixer: Display: 	Sample Rate:						  48000
[2023.02.28-19.59.29:801][  0]LogAudioMixer: Display: 	Callback Buffer Frame Size Requested: 1024
[2023.02.28-19.59.29:801][  0]LogAudioMixer: Display: 	Callback Buffer Frame Size To Use:	  1024
[2023.02.28-19.59.29:801][  0]LogAudioMixer: Display: 	Number of buffers to queue:			  2
[2023.02.28-19.59.29:801][  0]LogAudioMixer: Display: 	Max Channels (voices):				  32
[2023.02.28-19.59.29:801][  0]LogAudioMixer: Display: 	Number of Async Source Workers:		  0
[2023.02.28-19.59.29:801][  0]LogAudio: Display: AudioDevice MaxSources: 32
[2023.02.28-19.59.29:803][  0]LogAudio: Display: Audio Spatialization Plugin: None (built-in).
[2023.02.28-19.59.29:803][  0]LogAudio: Display: Audio Reverb Plugin: None (built-in).
[2023.02.28-19.59.29:803][  0]LogAudio: Display: Audio Occlusion Plugin: None (built-in).
[2023.02.28-19.59.29:803][  0]LogAudioMixer: Display: Initializing audio mixer.
[2023.02.28-19.59.29:825][  0]LogAudioMixer: Display: 0: FrontLeft
[2023.02.28-19.59.29:825][  0]LogAudioMixer: Display: 1: FrontRight
[2023.02.28-19.59.29:848][  0]LogAudioMixer: Display: Using Audio Device Headphones (KT USB Audio)
[2023.02.28-19.59.29:855][  0]LogAudioMixer: Display: Initializing Sound Submixes...
[2023.02.28-19.59.29:860][  0]LogAudioMixer: Display: Creating Master Submix 'MasterSubmixDefault'
[2023.02.28-19.59.29:860][  0]LogAudioMixer: Display: Creating Master Submix 'MasterReverbSubmixDefault'
[2023.02.28-19.59.29:861][  0]LogAudioMixer: Display: Creating Master Submix 'MasterEQSubmixDefault'
[2023.02.28-19.59.29:861][  0]LogAudioMixer: FMixerPlatformXAudio2::StartAudioStream() called
[2023.02.28-19.59.29:861][  0]LogAudioMixer: Display: Output buffers initialized: Frames=1024, Channels=2, Samples=2048
[2023.02.28-19.59.29:863][  0]LogAudioMixer: Display: Starting AudioMixerPlatformInterface::RunInternal()
[2023.02.28-19.59.29:863][  0]LogAudioMixer: Display: FMixerPlatformXAudio2::SubmitBuffer() called for the first time
[2023.02.28-19.59.29:863][  0]LogInit: FAudioDevice initialized.
[2023.02.28-19.59.29:865][  0]LogNetVersion: Set ProjectVersion to 1.0.0.0. Version Checksum will be recalculated on next use.
[2023.02.28-19.59.29:865][  0]LogInit: Texture streaming: Enabled
[2023.02.28-19.59.29:965][  0]LogAudio: Display: Audio Device (ID: 1) registered with world 'Untitled'.
[2023.02.28-19.59.29:966][  0]LogSlate: Updating window title bar state: overlay mode, drag disabled, window buttons hidden, title bar hidden
[2023.02.28-19.59.29:966][  0]LogInit: Display: Game Engine Initialized.
[2023.02.28-19.59.29:967][  0]LogNiagaraEditor: GEditor isn't valid! Particle reset commands will not work for Niagara components!
[2023.02.28-19.59.30:112][  0]LogInit: Display: Starting Game.
[2023.02.28-19.59.30:112][  0]LogNet: Browse: /Game/Level/Main_Menu_Level?Name=Player
[2023.02.28-19.59.30:112][  0]LogLoad: LoadMap: /Game/Level/Main_Menu_Level?Name=Player
[2023.02.28-19.59.30:112][  0]LogWorld: BeginTearingDown for /Temp/Untitled_0
[2023.02.28-19.59.30:113][  0]LogWorld: UWorld::CleanupWorld for Untitled, bSessionEnded=true, bCleanupResources=true
[2023.02.28-19.59.30:113][  0]LogSlate: InvalidateAllWidgets triggered.  All widgets were invalidated
[2023.02.28-19.59.30:117][  0]LogAudio: Display: Audio Device unregistered from world 'None'.
[2023.02.28-19.59.30:119][  0]LogUObjectHash: Compacting FUObjectHashTables data took   0.77ms
[2023.02.28-19.59.30:161][  0]LogAudio: Display: Audio Device (ID: 1) registered with world 'Main_Menu_Level'.
[2023.02.28-19.59.30:173][  0]LogAIModule: Creating AISystem for world Main_Menu_Level
[2023.02.28-19.59.30:176][  0]LogLoad: Game class is '2DSideScrollerGameMode_C'
[2023.02.28-19.59.30:177][  0]LogWorld: Bringing World /Game/Level/Main_Menu_Level.Main_Menu_Level up for play (max tick rate 0) at 2023.03.01-02.59.30
[2023.02.28-19.59.30:177][  0]LogWorld: Bringing up level for play took: 0.000458
[2023.02.28-19.59.30:177][  0]LogGameMode: FindPlayerStart: PATHS NOT DEFINED or NO PLAYERSTART with positive rating
[2023.02.28-19.59.30:179][  0]LogViewport: Display: Viewport MouseLockMode Changed, LockOnCapture -> DoNotLock
[2023.02.28-19.59.30:179][  0]LogViewport: Display: Viewport MouseCaptureMode Changed, CapturePermanently_IncludingInitialMouseDown -> NoCapture
[2023.02.28-19.59.30:179][  0]LogLoad: Took 0.067026 seconds to LoadMap(/Game/Level/Main_Menu_Level)
[2023.02.28-19.59.30:224][  0]LogSlate: Took 0.000761 seconds to synchronously load lazily loaded font '../../../Engine/Content/Slate/Fonts/Roboto-Regular.ttf' (155K)
[2023.02.28-19.59.30:255][  0]LogRenderer: Reallocating scene render targets to support 1920x1080 Format 10 NumSamples 1 (Frame:1).
[2023.02.28-19.59.30:255][  0]LogInit: Display: Engine is initialized. Leaving FEngineLoop::Init()
[2023.02.28-19.59.30:255][  0]LogLoad: (Engine Initialization) Total time: 7.96 seconds
[2023.02.28-19.59.30:255][  0]LogLoad: (Engine Initialization) Total Blueprint compile time: 0.00 seconds
[2023.02.28-19.59.30:258][  0]LogContentStreaming: Texture pool size now 1000 MB
[2023.02.28-19.59.30:260][  0]LogSlate: InvalidateAllWidgets triggered.  All widgets were invalidated
[2023.02.28-19.59.30:453][  1]LogSlate: Took 0.000313 seconds to synchronously load lazily loaded font '../../../Engine/Content/Slate/Fonts/Roboto-Regular.ttf' (155K)
[2023.02.28-19.59.45:383][198]LogRenderer: Reallocating scene render targets to support 1600x900 Format 10 NumSamples 1 (Frame:4199).
[2023.02.28-19.59.46:033][410]LogRenderer: Reallocating scene render targets to support 1280x720 Format 10 NumSamples 1 (Frame:4413).
[2023.02.28-19.59.46:601][618]LogRenderer: Reallocating scene render targets to support 1920x1080 Format 10 NumSamples 1 (Frame:4621).
[2023.02.28-19.59.47:206][774]LogRenderer: Reallocating scene render targets to support 1600x900 Format 10 NumSamples 1 (Frame:4778).
[2023.02.28-19.59.48:017][ 41]LogRenderer: Reallocating scene render targets to support 1280x720 Format 10 NumSamples 1 (Frame:5046).
[2023.02.28-19.59.48:509][213]LogRenderer: Reallocating scene render targets to support 1920x1080 Format 10 NumSamples 1 (Frame:5219).
[2023.02.28-19.59.50:707][594]LogRenderer: Reallocating scene render targets to support 1280x720 Format 10 NumSamples 1 (Frame:5603).
[2023.02.28-19.59.52:016][916]LogRenderer: Reallocating scene render targets to support 1600x900 Format 10 NumSamples 1 (Frame:5925).
[2023.02.28-19.59.53:036][ 70]LogRenderer: Reallocating scene render targets to support 1920x1080 Format 10 NumSamples 1 (Frame:6080).
[2023.02.28-19.59.55:370][635]LogRenderer: Reallocating scene render targets to support 1280x720 Format 10 NumSamples 1 (Frame:6647).
[2023.02.28-19.59.57:276][438]LogRenderer: Reallocating scene render targets to support 1920x1080 Format 10 NumSamples 1 (Frame:7451).
[2023.02.28-19.59.57:947][611]LogRenderer: Reallocating scene render targets to support 1600x900 Format 10 NumSamples 1 (Frame:7625).
[2023.02.28-20.00.01:834][630]LogRenderer: Reallocating scene render targets to support 1280x720 Format 10 NumSamples 1 (Frame:8647).
[2023.02.28-20.00.02:547][876]LogNet: Browse: /Game/Level/Main_Menu_Level
[2023.02.28-20.00.02:547][876]LogLoad: LoadMap: /Game/Level/Main_Menu_Level
[2023.02.28-20.00.02:547][876]LogWorld: BeginTearingDown for /Game/Level/Main_Menu_Level
[2023.02.28-20.00.02:548][876]LogWorld: UWorld::CleanupWorld for Main_Menu_Level, bSessionEnded=true, bCleanupResources=true
[2023.02.28-20.00.02:548][876]LogSlate: InvalidateAllWidgets triggered.  All widgets were invalidated
[2023.02.28-20.00.02:586][876]LogAudio: Display: Waited 36.934799 ms for audio thread.
[2023.02.28-20.00.02:592][876]LogAudio: Display: Audio Device unregistered from world 'None'.
[2023.02.28-20.00.02:595][876]LogUObjectHash: Compacting FUObjectHashTables data took   0.74ms
[2023.02.28-20.00.02:641][876]LogAudio: Display: Audio Device (ID: 1) registered with world 'Main_Menu_Level'.
[2023.02.28-20.00.02:642][876]LogAIModule: Creating AISystem for world Main_Menu_Level
[2023.02.28-20.00.02:645][876]LogLoad: Game class is '2DSideScrollerGameMode_C'
[2023.02.28-20.00.02:646][876]LogWorld: Bringing World /Game/Level/Main_Menu_Level.Main_Menu_Level up for play (max tick rate 0) at 2023.03.01-03.00.02
[2023.02.28-20.00.02:646][876]LogWorld: Bringing up level for play took: 0.000627
[2023.02.28-20.00.02:646][876]LogGameMode: FindPlayerStart: PATHS NOT DEFINED or NO PLAYERSTART with positive rating
[2023.02.28-20.00.02:647][876]LogLoad: Took 0.100049 seconds to LoadMap(/Game/Level/Main_Menu_Level)
[2023.02.28-20.00.03:428][204]Closing by request
[2023.02.28-20.00.03:428][204]LogWindows: FPlatformMisc::RequestExit(0)
[2023.02.28-20.00.03:428][204]LogWindows: FPlatformMisc::RequestExitWithStatus(0, 0)
[2023.02.28-20.00.03:428][204]LogCore: Engine exit requested (reason: Win RequestExit)
[2023.02.28-20.00.03:430][205]LogCore: Engine exit requested (reason: EngineExit() was called; note: exit was already requested)
[2023.02.28-20.00.03:430][205]LogInit: Display: PreExit Game.
[2023.02.28-20.00.03:432][205]LogWorld: BeginTearingDown for /Game/Level/Main_Menu_Level
[2023.02.28-20.00.03:432][205]LogWorld: UWorld::CleanupWorld for Main_Menu_Level, bSessionEnded=true, bCleanupResources=true
[2023.02.28-20.00.03:432][205]LogSlate: InvalidateAllWidgets triggered.  All widgets were invalidated
[2023.02.28-20.00.03:663][205]LogAudio: Display: Beginning Audio Device Manager Shutdown (Module: AudioMixerXAudio2)...
[2023.02.28-20.00.03:663][205]LogAudio: Display: Destroying 1 Remaining Audio Device(s)...
[2023.02.28-20.00.03:663][205]LogAudio: Display: Audio Device unregistered from world 'Main_Menu_Level'.
[2023.02.28-20.00.03:695][205]LogAudioMixer: FMixerPlatformXAudio2::StopAudioStream() called
[2023.02.28-20.00.03:696][205]LogAudioMixer: FMixerPlatformXAudio2::StopAudioStream() called
[2023.02.28-20.00.03:698][205]LogAudio: Display: Audio Device Manager Shutdown
[2023.02.28-20.00.03:705][205]LogSlate: Window 'FireFact (64-bit Development PCD3D_SM5) ' being destroyed
[2023.02.28-20.00.04:006][205]LogWindowsTextInputMethodSystem: Display: IME system deactivated.
[2023.02.28-20.00.04:045][205]LogExit: Preparing to exit.
[2023.02.28-20.00.04:116][205]LogUObjectHash: Compacting FUObjectHashTables data took   0.91ms
[2023.02.28-20.00.04:157][205]LogMoviePlayer: Shutting down movie player
[2023.02.28-20.00.04:335][205]LogSlate: Updating window title bar state: overlay mode, drag disabled, window buttons hidden, title bar hidden
[2023.02.28-20.00.04:349][205]LogDemo: Cleaned up 0 splitscreen connections with owner deletion
[2023.02.28-20.00.04:353][205]LogExit: Game engine shut down
[2023.02.28-20.00.04:417][205]LogExit: Object subsystem successfully closed.
[2023.02.28-20.00.04:452][205]LogShaderCompilers: Display: === FShaderJobCache stats ===
[2023.02.28-20.00.04:452][205]LogShaderCompilers: Display: Total job queries 0, among them cache hits 0 (0.00%)
[2023.02.28-20.00.04:452][205]LogShaderCompilers: Display: Tracking 0 distinct input hashes that result in 0 distinct outputs (0.00%)
[2023.02.28-20.00.04:452][205]LogShaderCompilers: Display: RAM used: 0.00 MB (0.00 GB) of 819.20 MB (0.80 GB) budget. Usage: 0.00%
[2023.02.28-20.00.04:452][205]LogShaderCompilers: Display: ================================================
[2023.02.28-20.00.04:464][205]LogShaderCompilers: Display: Shaders left to compile 0
[2023.02.28-20.00.04:493][205]LogModuleManager: Shutting down and abandoning module SequenceRecorderSections (558)
[2023.02.28-20.00.04:493][205]LogModuleManager: Shutting down and abandoning module SequenceRecorder (556)
[2023.02.28-20.00.04:493][205]LogModuleManager: Shutting down and abandoning module AutomationController (554)
[2023.02.28-20.00.04:493][205]LogModuleManager: Shutting down and abandoning module AutomationWorker (552)
[2023.02.28-20.00.04:493][205]LogModuleManager: Shutting down and abandoning module Voice (550)
[2023.02.28-20.00.04:493][205]LogModuleManager: Shutting down and abandoning module AIModule (548)
[2023.02.28-20.00.04:493][205]LogModuleManager: Shutting down and abandoning module GameplayDebugger (547)
[2023.02.28-20.00.04:493][205]LogModuleManager: Shutting down and abandoning module AITestSuite (545)
[2023.02.28-20.00.04:493][205]LogModuleManager: Shutting down and abandoning module NavigationSystem (543)
[2023.02.28-20.00.04:493][205]LogModuleManager: Shutting down and abandoning module SteamVREditor (540)
[2023.02.28-20.00.04:493][205]LogModuleManager: Shutting down and abandoning module ToolMenus (539)
[2023.02.28-20.00.04:493][205]LogModuleManager: Shutting down and abandoning module OculusMR (536)
[2023.02.28-20.00.04:493][205]LogModuleManager: Shutting down and abandoning module TakeRecorderSources (534)
[2023.02.28-20.00.04:493][205]LogModuleManager: Shutting down and abandoning module TakeRecorder (533)
[2023.02.28-20.00.04:493][205]LogModuleManager: Shutting down and abandoning module TakeTrackRecorders (530)
[2023.02.28-20.00.04:493][205]LogModuleManager: Shutting down and abandoning module TakesCore (528)
[2023.02.28-20.00.04:493][205]LogModuleManager: Shutting down and abandoning module OpenXRInput (526)
[2023.02.28-20.00.04:493][205]LogModuleManager: Shutting down and abandoning module WmfMediaFactory (524)
[2023.02.28-20.00.04:493][205]LogModuleManager: Shutting down and abandoning module WebMMediaFactory (522)
[2023.02.28-20.00.04:493][205]LogModuleManager: Shutting down and abandoning module WebMMedia (520)
[2023.02.28-20.00.04:493][205]LogModuleManager: Shutting down and abandoning module OpenExrWrapper (518)
[2023.02.28-20.00.04:493][205]LogModuleManager: Shutting down and abandoning module ImgMediaFactory (516)
[2023.02.28-20.00.04:493][205]LogModuleManager: Shutting down and abandoning module AvfMediaFactory (514)
[2023.02.28-20.00.04:493][205]LogModuleManager: Shutting down and abandoning module MagicLeapMediaCodecFactory (512)
[2023.02.28-20.00.04:493][205]LogModuleManager: Shutting down and abandoning module MagicLeapMediaFactory (510)
[2023.02.28-20.00.04:493][205]LogModuleManager: Shutting down and abandoning module PlanarCut (508)
[2023.02.28-20.00.04:493][205]LogModuleManager: Shutting down and abandoning module CharacterAI (506)
[2023.02.28-20.00.04:493][205]LogModuleManager: Shutting down and abandoning module SessionServices (504)
[2023.02.28-20.00.04:493][205]LogModuleManager: Shutting down and abandoning module MovieSceneCapture (502)
[2023.02.28-20.00.04:493][205]LogModuleManager: Shutting down and abandoning module LiveCoding (500)
[2023.02.28-20.00.04:494][205]LogModuleManager: Shutting down and abandoning module LevelSequence (498)
[2023.02.28-20.00.04:494][205]LogModuleManager: Shutting down and abandoning module MovieSceneTracks (496)
[2023.02.28-20.00.04:494][205]LogModuleManager: Shutting down and abandoning module MovieScene (494)
[2023.02.28-20.00.04:494][205]LogModuleManager: Shutting down and abandoning module StreamingPauseRendering (492)
[2023.02.28-20.00.04:494][205]LogModuleManager: Shutting down and abandoning module PortalServices (490)
[2023.02.28-20.00.04:494][205]LogModuleManager: Shutting down and abandoning module PortalRpc (488)
[2023.02.28-20.00.04:494][205]LogModuleManager: Shutting down and abandoning module MessagingRpc (486)
[2023.02.28-20.00.04:494][205]LogModuleManager: Shutting down and abandoning module AudioMixerXAudio2 (484)
[2023.02.28-20.00.04:494][205]LogModuleManager: Shutting down and abandoning module AudioMixerCore (483)
[2023.02.28-20.00.04:494][205]LogModuleManager: Shutting down and abandoning module ImageWriteQueue (480)
[2023.02.28-20.00.04:503][205]LogModuleManager: Shutting down and abandoning module ProfilerService (478)
[2023.02.28-20.00.04:666][205]LogModuleManager: Shutting down and abandoning module TaskGraph (476)
[2023.02.28-20.00.04:666][205]LogModuleManager: Shutting down and abandoning module OculusInput (474)
[2023.02.28-20.00.04:666][205]LogModuleManager: Shutting down and abandoning module TakeMovieScene (472)
[2023.02.28-20.00.04:666][205]LogModuleManager: Shutting down and abandoning module Synthesis (470)
[2023.02.28-20.00.04:666][205]LogModuleManager: Shutting down and abandoning module ProceduralMeshComponent (468)
[2023.02.28-20.00.04:666][205]LogModuleManager: Shutting down and abandoning module MobilePatchingUtils (466)
[2023.02.28-20.00.04:666][205]LogModuleManager: Shutting down and abandoning module GooglePAD (464)
[2023.02.28-20.00.04:666][205]LogModuleManager: Shutting down and abandoning module EditableMesh (462)
[2023.02.28-20.00.04:666][205]LogModuleManager: Shutting down and abandoning module CustomMeshComponent (460)
[2023.02.28-20.00.04:666][205]LogModuleManager: Shutting down and abandoning module CableComponent (458)
[2023.02.28-20.00.04:666][205]LogModuleManager: Shutting down and abandoning module AssetTags (456)
[2023.02.28-20.00.04:666][205]LogModuleManager: Shutting down and abandoning module AppleImageUtilsBlueprintSupport (454)
[2023.02.28-20.00.04:666][205]LogModuleManager: Shutting down and abandoning module AppleImageUtils (452)
[2023.02.28-20.00.04:666][205]LogModuleManager: Shutting down and abandoning module AudioCapture (450)
[2023.02.28-20.00.04:666][205]LogModuleManager: Shutting down and abandoning module AudioCaptureRtAudio (449)
[2023.02.28-20.00.04:666][205]LogModuleManager: Shutting down and abandoning module ArchVisCharacter (446)
[2023.02.28-20.00.04:666][205]LogModuleManager: Shutting down and abandoning module AndroidPermission (444)
[2023.02.28-20.00.04:667][205]LogModuleManager: Shutting down and abandoning module ActorLayerUtilities (442)
[2023.02.28-20.00.04:667][205]LogModuleManager: Shutting down and abandoning module TemplateSequence (440)
[2023.02.28-20.00.04:667][205]LogModuleManager: Shutting down and abandoning module MediaCompositing (438)
[2023.02.28-20.00.04:667][205]LogModuleManager: Shutting down and abandoning module ImgMedia (436)
[2023.02.28-20.00.04:667][205]LogModuleManager: Shutting down and abandoning module MagicLeapSharedWorld (434)
[2023.02.28-20.00.04:667][205]LogModuleManager: Shutting down and abandoning module MagicLeapLightEstimation (432)
[2023.02.28-20.00.04:667][205]LogModuleManager: Shutting down and abandoning module MagicLeapHelperVulkan (430)
[2023.02.28-20.00.04:667][205]LogModuleManager: Shutting down and abandoning module MagicLeapHelperOpenGL (428)
[2023.02.28-20.00.04:667][205]LogModuleManager: Shutting down and abandoning module MagicLeapAudio (426)
[2023.02.28-20.00.04:667][205]LogModuleManager: Shutting down and abandoning module MotoSynth (424)
[2023.02.28-20.00.04:667][205]LogModuleManager: Shutting down and abandoning module OpenImageDenoise (422)
[2023.02.28-20.00.04:667][205]LogOpenImageDenoise: OIDN shutting down
[2023.02.28-20.00.04:667][205]LogModuleManager: Shutting down and abandoning module MeshConversion (420)
[2023.02.28-20.00.04:667][205]LogModuleManager: Shutting down and abandoning module DynamicMesh (418)
[2023.02.28-20.00.04:667][205]LogModuleManager: Shutting down and abandoning module GeometryAlgorithms (416)
[2023.02.28-20.00.04:667][205]LogModuleManager: Shutting down and abandoning module GeometricObjects (414)
[2023.02.28-20.00.04:667][205]LogModuleManager: Shutting down and abandoning module GeometryCollectionTracks (412)
[2023.02.28-20.00.04:667][205]LogModuleManager: Shutting down and abandoning module GeometryCollectionSequencer (411)
[2023.02.28-20.00.04:667][205]LogModuleManager: Shutting down and abandoning module GeometryCacheTracks (408)
[2023.02.28-20.00.04:667][205]LogModuleManager: Shutting down and abandoning module GeometryCacheSequencer (407)
[2023.02.28-20.00.04:667][205]LogModuleManager: Shutting down and abandoning module GeometryCache (404)
[2023.02.28-20.00.04:667][205]LogModuleManager: Shutting down and abandoning module GeometryCacheEd (403)
[2023.02.28-20.00.04:667][205]LogModuleManager: Shutting down and abandoning module ChaosNiagara (400)
[2023.02.28-20.00.04:667][205]LogModuleManager: Shutting down and abandoning module FieldSystemEngine (399)
[2023.02.28-20.00.04:667][205]LogModuleManager: Shutting down and abandoning module BackChannel (396)
[2023.02.28-20.00.04:667][205]LogModuleManager: Shutting down and abandoning module AutomationUtils (394)
[2023.02.28-20.00.04:667][205]LogModuleManager: Shutting down and abandoning module VisualStudioCodeSourceCodeAccess (392)
[2023.02.28-20.00.04:667][205]LogModuleManager: Shutting down and abandoning module VisualStudioSourceCodeAccess (390)
[2023.02.28-20.00.04:667][205]LogModuleManager: Shutting down and abandoning module HotReload (389)
[2023.02.28-20.00.04:667][205]LogModuleManager: Shutting down and abandoning module UObjectPlugin (386)
[2023.02.28-20.00.04:667][205]LogModuleManager: Shutting down and abandoning module SubversionSourceControl (384)
[2023.02.28-20.00.04:667][205]LogModuleManager: Shutting down and abandoning module PerforceSourceControl (382)
[2023.02.28-20.00.04:667][205]LogModuleManager: Shutting down and abandoning module SourceControl (381)
[2023.02.28-20.00.04:667][205]LogModuleManager: Shutting down and abandoning module CLionSourceCodeAccess (378)
[2023.02.28-20.00.04:667][205]LogModuleManager: Shutting down and abandoning module OodleNetworkHandlerComponent (376)
[2023.02.28-20.00.04:667][205]LogModuleManager: Shutting down and abandoning module LiveLinkSequencer (374)
[2023.02.28-20.00.04:667][205]LogModuleManager: Shutting down and abandoning module LiveLinkMovieScene (372)
[2023.02.28-20.00.04:667][205]LogModuleManager: Shutting down and abandoning module LiveLinkGraphNode (370)
[2023.02.28-20.00.04:667][205]LogModuleManager: Shutting down and abandoning module LiveLinkComponents (368)
[2023.02.28-20.00.04:667][205]LogModuleManager: Shutting down and abandoning module LiveLink (366)
